Using pre-set license
Built from '2022.3/staging' branch; Version is '2022.3.7f1 (b16b3b16c7a0) revision 11627323'; Using compiler version '192829333'; Build Type 'Release'
OS: 'Windows 11  (10.0.22621) 64bit Core' Language: 'en' Physical Memory: 65275 MB
BatchMode: 1, IsHumanControllingUs: 0, StartBugReporterOnCrash: 0, Is64bit: 1, IsPro: 1

COMMAND LINE ARGUMENTS:
C:\Program Files\Unity\Hub\Editor\2022.3.7f1\Editor\Unity.exe
-adb2
-batchMode
-noUpm
-name
AssetImportWorker15
-projectPath
C:/Users/user/Documents/GitHub/Escape-Room
-logFile
Logs/AssetImportWorker15.log
-srvPort
56678
Successfully changed project path to: C:/Users/user/Documents/GitHub/Escape-Room
C:/Users/user/Documents/GitHub/Escape-Room
[UnityMemory] Configuration Parameters - Can be set up in boot.config
    "memorysetup-bucket-allocator-granularity=16"
    "memorysetup-bucket-allocator-bucket-count=8"
    "memorysetup-bucket-allocator-block-size=33554432"
    "memorysetup-bucket-allocator-block-count=8"
    "memorysetup-main-allocator-block-size=16777216"
    "memorysetup-thread-allocator-block-size=16777216"
    "memorysetup-gfx-main-allocator-block-size=16777216"
    "memorysetup-gfx-thread-allocator-block-size=16777216"
    "memorysetup-cache-allocator-block-size=4194304"
    "memorysetup-typetree-allocator-block-size=2097152"
    "memorysetup-profiler-bucket-allocator-granularity=16"
    "memorysetup-profiler-bucket-allocator-bucket-count=8"
    "memorysetup-profiler-bucket-allocator-block-size=33554432"
    "memorysetup-profiler-bucket-allocator-block-count=8"
    "memorysetup-profiler-allocator-block-size=16777216"
    "memorysetup-profiler-editor-allocator-block-size=1048576"
    "memorysetup-temp-allocator-size-main=16777216"
    "memorysetup-job-temp-allocator-block-size=2097152"
    "memorysetup-job-temp-allocator-block-size-background=1048576"
    "memorysetup-job-temp-allocator-reduction-small-platforms=262144"
    "memorysetup-allocator-temp-initial-block-size-main=262144"
    "memorysetup-allocator-temp-initial-block-size-worker=262144"
    "memorysetup-temp-allocator-size-background-worker=32768"
    "memorysetup-temp-allocator-size-job-worker=262144"
    "memorysetup-temp-allocator-size-preload-manager=33554432"
    "memorysetup-temp-allocator-size-nav-mesh-worker=65536"
    "memorysetup-temp-allocator-size-audio-worker=65536"
    "memorysetup-temp-allocator-size-cloud-worker=32768"
    "memorysetup-temp-allocator-size-gi-baking-worker=262144"
    "memorysetup-temp-allocator-size-gfx=262144"
Player connection [59556] Host "[IP] 192.168.56.1 [Port] 0 [Flags] 2 [Guid] 1881637392 [EditorId] 1881637392 [Version] 1048832 [Id] WindowsEditor(7,LAPTOP-6J8SA525) [Debug] 1 [PackageName] WindowsEditor [ProjectName] Editor" joined multi-casting on [225.0.0.222:54997]...

Player connection [59556] Host "[IP] 192.168.56.1 [Port] 0 [Flags] 2 [Guid] 1881637392 [EditorId] 1881637392 [Version] 1048832 [Id] WindowsEditor(7,LAPTOP-6J8SA525) [Debug] 1 [PackageName] WindowsEditor [ProjectName] Editor" joined alternative multi-casting on [225.0.0.222:34997]...

Refreshing native plugins compatible for Editor in 11.04 ms, found 12 plugins.
Preloading 1 native plugins for Editor in 0.33 ms.
Initialize engine version: 2022.3.7f1 (b16b3b16c7a0)
[Subsystems] Discovering subsystems at path C:/Program Files/Unity/Hub/Editor/2022.3.7f1/Editor/Data/Resources/UnitySubsystems
[Subsystems] Discovering subsystems at path C:/Users/user/Documents/GitHub/Escape-Room/Assets
GfxDevice: creating device client; threaded=0; jobified=0
Direct3D:
    Version:  Direct3D 11.0 [level 11.1]
    Renderer: NVIDIA GeForce RTX 4090 Laptop GPU (ID=0x2757)
    Vendor:   NVIDIA
    VRAM:     16050 MB
    Driver:   31.0.15.5152
Initialize mono
Mono path[0] = 'C:/Program Files/Unity/Hub/Editor/2022.3.7f1/Editor/Data/Managed'
Mono path[1] = 'C:/Program Files/Unity/Hub/Editor/2022.3.7f1/Editor/Data/MonoBleedingEdge/lib/mono/unityjit-win32'
Mono config path = 'C:/Program Files/Unity/Hub/Editor/2022.3.7f1/Editor/Data/MonoBleedingEdge/etc'
Using monoOptions --debugger-agent=transport=dt_socket,embedding=1,server=y,suspend=n,address=127.0.0.1:56100
Begin MonoManager ReloadAssembly
Registering precompiled unity dll's ...
Register platform support module: C:/Program Files/Unity/Hub/Editor/2022.3.7f1/Editor/Data/PlaybackEngines/WindowsStandaloneSupport/UnityEditor.WindowsStandalone.Extensions.dll
Registered in 0.004867 seconds.
- Loaded All Assemblies, in  0.207 seconds
Native extension for WindowsStandalone target not found
Mono: successfully reloaded assembly
- Finished resetting the current domain, in  0.142 seconds
Domain Reload Profiling: 349ms
	BeginReloadAssembly (65ms)
		ExecutionOrderSort (0ms)
		DisableScriptedObjects (0ms)
		BackupInstance (0ms)
		ReleaseScriptingObjects (0ms)
		CreateAndSetChildDomain (1ms)
	RebuildCommonClasses (20ms)
	RebuildNativeTypeToScriptingClass (6ms)
	initialDomainReloadingComplete (35ms)
	LoadAllAssembliesAndSetupDomain (81ms)
		LoadAssemblies (63ms)
		RebuildTransferFunctionScriptingTraits (0ms)
		AnalyzeDomain (79ms)
			TypeCache.Refresh (79ms)
				TypeCache.ScanAssembly (70ms)
			ScanForSourceGeneratedMonoScriptInfo (0ms)
			ResolveRequiredComponents (0ms)
	FinalizeReload (143ms)
		ReleaseScriptCaches (0ms)
		RebuildScriptCaches (0ms)
		SetupLoadedEditorAssemblies (110ms)
			LogAssemblyErrors (0ms)
			InitializePlatformSupportModulesInManaged (5ms)
			SetLoadedEditorAssemblies (4ms)
			RefreshPlugins (0ms)
			BeforeProcessingInitializeOnLoad (1ms)
			ProcessInitializeOnLoadAttributes (72ms)
			ProcessInitializeOnLoadMethodAttributes (28ms)
			AfterProcessingInitializeOnLoad (0ms)
			EditorAssembliesLoaded (0ms)
		ExecutionOrderSort2 (0ms)
		AwakeInstancesAfterBackupRestoration (0ms)
========================================================================
Worker process is ready to serve import requests
Begin MonoManager ReloadAssembly
Symbol file LoadedFromMemory doesn't match image C:\Users\user\Documents\GitHub\Escape-Room\Library\PackageCache\com.unity.visualscripting@1.8.0\Editor\VisualScripting.Core\Dependencies\YamlDotNet\Unity.VisualScripting.YamlDotNet.dll
Symbol file LoadedFromMemory doesn't match image C:\Users\user\Documents\GitHub\Escape-Room\Library\PackageCache\com.unity.visualscripting@1.8.0\Editor\VisualScripting.Core\Dependencies\DotNetZip\Unity.VisualScripting.IonicZip.dll
- Loaded All Assemblies, in  0.406 seconds
Refreshing native plugins compatible for Editor in 7.50 ms, found 12 plugins.
Native extension for WindowsStandalone target not found
Package Manager log level set to [2]
[Package Manager] Server::EnsureServerProcessIsRunning -- launch failed, reason: Unity was launched with the -noUpm command-line argument
[Package Manager] UpmClient::Send -- Unable to send message (not connected to UPM process).
[Package Manager] Cannot connect to Unity Package Manager local server
[Package Manager] Server::EnsureServerProcessIsRunning -- launch failed, reason: Unity was launched with the -noUpm command-line argument
[Package Manager] UpmClient::Send -- Unable to send message (not connected to UPM process).
[Package Manager] Cannot connect to Unity Package Manager local server
System.Reflection.TargetInvocationException: Exception has been thrown by the target of an invocation. ---> System.NullReferenceException: Object reference not set to an instance of an object
  at Unity.XR.Oculus.OculusLoader.AssetPathToAbsolutePath (System.String assetPath) [0x00040] in .\Library\PackageCache\com.unity.xr.oculus@4.0.0\Runtime\OculusLoader.cs:282 
  at Unity.XR.Oculus.OculusLoader.EditorLoadOVRPlugin () [0x0007b] in .\Library\PackageCache\com.unity.xr.oculus@4.0.0\Runtime\OculusLoader.cs:267 
  at (wrapper managed-to-native) System.Reflection.RuntimeMethodInfo.InternalInvoke(System.Reflection.RuntimeMethodInfo,object,object[],System.Exception&)
  at System.Reflection.RuntimeMethodInfo.Invoke (System.Object obj, System.Reflection.BindingFlags invokeAttr, System.Reflection.Binder binder, System.Object[] parameters, System.Globalization.CultureInfo culture) [0x0006a] in <b89873cb176e44a995a4781c7487d410>:0 
   --- End of inner exception stack trace ---
  at System.Reflection.RuntimeMethodInfo.Invoke (System.Object obj, System.Reflection.BindingFlags invokeAttr, System.Reflection.Binder binder, System.Object[] parameters, System.Globalization.CultureInfo culture) [0x00083] in <b89873cb176e44a995a4781c7487d410>:0 
  at System.Reflection.MethodBase.Invoke (System.Object obj, System.Object[] parameters) [0x00000] in <b89873cb176e44a995a4781c7487d410>:0 
  at UnityEditor.EditorAssemblies.ProcessInitializeOnLoadMethodAttributes () [0x000a5] in <97436df440ca462884c5332c1d8ebbe7>:0 
UnityEngine.StackTraceUtility:ExtractStackTrace ()
UnityEngine.DebugLogHandler:LogFormat (UnityEngine.LogType,UnityEngine.Object,string,object[])
UnityEngine.Logger:Log (UnityEngine.LogType,object)
UnityEngine.Debug:LogError (object)
UnityEditor.EditorAssemblies:ProcessInitializeOnLoadMethodAttributes ()

Mono: successfully reloaded assembly
[Package Manager] Server::EnsureServerProcessIsRunning -- launch failed, reason: Unity was launched with the -noUpm command-line argument
[Package Manager] UpmClient::Send -- Unable to send message (not connected to UPM process).
[Package Manager] Cannot connect to Unity Package Manager local server
[Package Manager] Server::EnsureServerProcessIsRunning -- launch failed, reason: Unity was launched with the -noUpm command-line argument
[Package Manager] UpmClient::Send -- Unable to send message (not connected to UPM process).
[Package Manager] Cannot connect to Unity Package Manager local server
- Finished resetting the current domain, in  0.425 seconds
Domain Reload Profiling: 829ms
	BeginReloadAssembly (89ms)
		ExecutionOrderSort (0ms)
		DisableScriptedObjects (3ms)
		BackupInstance (0ms)
		ReleaseScriptingObjects (0ms)
		CreateAndSetChildDomain (13ms)
	RebuildCommonClasses (19ms)
	RebuildNativeTypeToScriptingClass (6ms)
	initialDomainReloadingComplete (17ms)
	LoadAllAssembliesAndSetupDomain (272ms)
		LoadAssemblies (193ms)
		RebuildTransferFunctionScriptingTraits (0ms)
		AnalyzeDomain (132ms)
			TypeCache.Refresh (113ms)
				TypeCache.ScanAssembly (101ms)
			ScanForSourceGeneratedMonoScriptInfo (14ms)
			ResolveRequiredComponents (3ms)
	FinalizeReload (425ms)
		ReleaseScriptCaches (0ms)
		RebuildScriptCaches (0ms)
		SetupLoadedEditorAssemblies (326ms)
			LogAssemblyErrors (0ms)
			InitializePlatformSupportModulesInManaged (4ms)
			SetLoadedEditorAssemblies (2ms)
			RefreshPlugins (0ms)
			BeforeProcessingInitializeOnLoad (46ms)
			ProcessInitializeOnLoadAttributes (235ms)
			ProcessInitializeOnLoadMethodAttributes (35ms)
			AfterProcessingInitializeOnLoad (4ms)
			EditorAssembliesLoaded (0ms)
		ExecutionOrderSort2 (0ms)
		AwakeInstancesAfterBackupRestoration (4ms)
Launched and connected shader compiler UnityShaderCompiler.exe after 0.02 seconds
Refreshing native plugins compatible for Editor in 11.55 ms, found 12 plugins.
Preloading 1 native plugins for Editor in 0.06 ms.
Unloading 4775 Unused Serialized files (Serialized files now loaded: 0)
Unloading 82 unused Assets / (115.8 KB). Loaded Objects now: 5254.
Memory consumption went from 164.8 MB to 164.7 MB.
Total: 3.736200 ms (FindLiveObjects: 0.254800 ms CreateObjectMapping: 0.127300 ms MarkObjects: 3.143400 ms  DeleteObjects: 0.209600 ms)

AssetImportParameters requested are different than current active one (requested -> active):
  custom:scripting/monoscript/fileName/MouseCamLook.cs: efa303fbd9e9277bf33d1aa45343d833 -> 
  custom:container-demuxer-ogg: 62fdf1f143b41e24485cea50d1cbac27 -> 
  custom:video-codec-MediaFoundation-h265: 746d11721c4dcdbdad8f713fa42b33f4 -> 
  custom:video-decoder-ogg-theora: a1e56fd34408186e4bbccfd4996cb3dc -> 
  custom:scripting/monoscript/fileName/ScreenshotMaker.cs: 94514f7285894124e448b9b353765d10 -> 
  custom:framework-win-MediaFoundation: 216162199b28c13a410421893ffa2e32 -> 
  custom:CustomObjectIndexerAttribute: 756ad292c208cfabdd7b50bc23989ffe -> 
  custom:container-demuxer-webm: 4f35f7cbe854078d1ac9338744f61a02 -> 
  custom:container-muxer-webm: aa71ff27fc2769a1b78a27578f13a17b -> 
  custom:video-decoder-webm-vp8: 9c59270c3fd7afecdb556c50c9e8de78 -> 
  custom:SearchIndexIgnoredProperties: e643bd26f0fe6173181afceb89e7c659 -> 
  custom:AudioImporter_EditorPlatform: d09bf68614088b80899f8185d706f6e7 -> 
  custom:video-encoder-webm-vp8: eb34c28f22e8b96e1ab97ce403110664 -> 
  custom:audio-decoder-ogg-vorbis: bf7c407c2cedff20999df2af8eb42d56 -> 
  custom:scripting/monoscript/fileName/PlayerMovement.cs: 42480eed24e61f9d7e7e895933644f96 -> 
  custom:audio-encoder-webm-vorbis: bf7c407c2cedff20999df2af8eb42d56 -> 
========================================================================
Received Import Request.
  Time since last request: 158484.897076 seconds.
  path: Packages/com.unity.probuilder/Content/Material/Checker.mat
  artifactKey: Guid(4717b199010ca4cb3a8a7a465ec457d2) Importer(815301076,1909f56bfc062723c751e8b465ee728b)
Start importing Packages/com.unity.probuilder/Content/Material/Checker.mat using Guid(4717b199010ca4cb3a8a7a465ec457d2) Importer(815301076,1909f56bfc062723c751e8b465ee728b)  -> (artifact id: '93808a331084d3a3bc7c0cd51e18bf9f') in 0.090887 seconds
Number of updated asset objects reloaded before import = 0
Number of asset objects unloaded after import = 2
========================================================================
Received Import Request.
  Time since last request: 0.000014 seconds.
  path: Assets/Art/Flashlight/Materials/Sky.mat
  artifactKey: Guid(408ca907d469b494bbeeb603ab9e8527) Importer(815301076,1909f56bfc062723c751e8b465ee728b)
Start importing Assets/Art/Flashlight/Materials/Sky.mat using Guid(408ca907d469b494bbeeb603ab9e8527) Importer(815301076,1909f56bfc062723c751e8b465ee728b)  -> (artifact id: 'bb33a01692f32859dcc24135c7dfd27c') in 0.017086 seconds
Number of updated asset objects reloaded before import = 0
Number of asset objects unloaded after import = 1
========================================================================
Received Import Request.
  Time since last request: 0.000022 seconds.
  path: Assets/TextMesh Pro/Resources/Fonts & Materials/LiberationSans SDF.asset
  artifactKey: Guid(8f586378b4e144a9851e7b34d9b748ee) Importer(815301076,1909f56bfc062723c751e8b465ee728b)
Start importing Assets/TextMesh Pro/Resources/Fonts & Materials/LiberationSans SDF.asset using Guid(8f586378b4e144a9851e7b34d9b748ee) Importer(815301076,1909f56bfc062723c751e8b465ee728b)  -> (artifact id: '3e11909c5c4ffeae4864af0e3f6c346a') in 0.038641 seconds
Number of updated asset objects reloaded before import = 0
Number of asset objects unloaded after import = 9
========================================================================
Received Import Request.
  Time since last request: 0.000020 seconds.
  path: Assets/Art/Flashlight/Materials/FlashlightReflectorMaterial.mat
  artifactKey: Guid(0eb0f996ba805c34c9e5dc4df46deb6b) Importer(815301076,1909f56bfc062723c751e8b465ee728b)
Start importing Assets/Art/Flashlight/Materials/FlashlightReflectorMaterial.mat using Guid(0eb0f996ba805c34c9e5dc4df46deb6b) Importer(815301076,1909f56bfc062723c751e8b465ee728b)  -> (artifact id: 'c5ef3c699b14ecf26f87f772917f7489') in 0.128217 seconds
Number of updated asset objects reloaded before import = 0
Number of asset objects unloaded after import = 1
========================================================================
Received Import Request.
  Time since last request: 0.000019 seconds.
  path: Packages/com.unity.probuilder/Content/Resources/Materials/ProBuilderDefault.mat
  artifactKey: Guid(c22777d6e868e4f2fb421913386b154e) Importer(815301076,1909f56bfc062723c751e8b465ee728b)
Start importing Packages/com.unity.probuilder/Content/Resources/Materials/ProBuilderDefault.mat using Guid(c22777d6e868e4f2fb421913386b154e) Importer(815301076,1909f56bfc062723c751e8b465ee728b)  -> (artifact id: 'de1960f921acd8fb06f807873e2d600d') in 0.011511 seconds
Number of updated asset objects reloaded before import = 0
Number of asset objects unloaded after import = 2
========================================================================
Received Import Request.
  Time since last request: 0.000019 seconds.
  path: Packages/com.unity.probuilder/Content/Resources/Materials/EdgePickerHDRP.mat
  artifactKey: Guid(980c24c5a501a9a429356d191ad356a9) Importer(815301076,1909f56bfc062723c751e8b465ee728b)
Start importing Packages/com.unity.probuilder/Content/Resources/Materials/EdgePickerHDRP.mat using Guid(980c24c5a501a9a429356d191ad356a9) Importer(815301076,1909f56bfc062723c751e8b465ee728b)  -> (artifact id: '61f935e4b4d3ae92d64bd566f5a13e42') in 0.006467 seconds
Number of updated asset objects reloaded before import = 0
Number of asset objects unloaded after import = 1
========================================================================
Received Import Request.
  Time since last request: 0.000091 seconds.
  path: Packages/com.unity.probuilder/Content/Resources/Materials/EdgePicker.mat
  artifactKey: Guid(4ff996e3a0a5743a3987ab6231160665) Importer(815301076,1909f56bfc062723c751e8b465ee728b)
Start importing Packages/com.unity.probuilder/Content/Resources/Materials/EdgePicker.mat using Guid(4ff996e3a0a5743a3987ab6231160665) Importer(815301076,1909f56bfc062723c751e8b465ee728b)  -> (artifact id: 'ae984db4f56f1cf4882f9d9363f363b2') in 0.005275 seconds
Number of updated asset objects reloaded before import = 0
Number of asset objects unloaded after import = 1
========================================================================
Received Import Request.
  Time since last request: 0.000014 seconds.
  path: Packages/com.unity.probuilder/Content/Resources/Materials/NoDraw.mat
  artifactKey: Guid(8cb4d6fee77fd4ee6895f08b240d625f) Importer(815301076,1909f56bfc062723c751e8b465ee728b)
Start importing Packages/com.unity.probuilder/Content/Resources/Materials/NoDraw.mat using Guid(8cb4d6fee77fd4ee6895f08b240d625f) Importer(815301076,1909f56bfc062723c751e8b465ee728b)  -> (artifact id: 'f00a1fe18dd731c21f7285920e95018b') in 0.023124 seconds
Number of updated asset objects reloaded before import = 0
Number of asset objects unloaded after import = 2
========================================================================
Received Import Request.
  Time since last request: 0.000023 seconds.
  path: Assets/TextMesh Pro/Resources/Fonts & Materials/LiberationSans SDF - Drop Shadow.mat
  artifactKey: Guid(e73a58f6e2794ae7b1b7e50b7fb811b0) Importer(815301076,1909f56bfc062723c751e8b465ee728b)
Start importing Assets/TextMesh Pro/Resources/Fonts & Materials/LiberationSans SDF - Drop Shadow.mat using Guid(e73a58f6e2794ae7b1b7e50b7fb811b0) Importer(815301076,1909f56bfc062723c751e8b465ee728b)  -> (artifact id: '929a29cfac330ee3a71e4c69b8021433') in 0.049301 seconds
Number of updated asset objects reloaded before import = 0
Number of asset objects unloaded after import = 2
========================================================================
Received Import Request.
  Time since last request: 0.000012 seconds.
  path: Assets/Art/LowPolyDungeon/Materials/Wax_Candle.mat
  artifactKey: Guid(608d5ffbcc8ba6d4da4dcc0224fef9ea) Importer(815301076,1909f56bfc062723c751e8b465ee728b)
Start importing Assets/Art/LowPolyDungeon/Materials/Wax_Candle.mat using Guid(608d5ffbcc8ba6d4da4dcc0224fef9ea) Importer(815301076,1909f56bfc062723c751e8b465ee728b)  -> (artifact id: '0952880f4c8eb140f80821207705ff6d') in 0.011084 seconds
Number of updated asset objects reloaded before import = 0
Number of asset objects unloaded after import = 3
========================================================================
Received Import Request.
  Time since last request: 0.000013 seconds.
  path: Assets/Art/Flashlight/Materials/FlashlightLensMaterial.mat
  artifactKey: Guid(140db2315bb006848a12d719229080a3) Importer(815301076,1909f56bfc062723c751e8b465ee728b)
Start importing Assets/Art/Flashlight/Materials/FlashlightLensMaterial.mat using Guid(140db2315bb006848a12d719229080a3) Importer(815301076,1909f56bfc062723c751e8b465ee728b)  -> (artifact id: 'c35f53912991ad99c48b3b0b262528a0') in 0.177720 seconds
Number of updated asset objects reloaded before import = 0
Number of asset objects unloaded after import = 3
========================================================================
Received Import Request.
  Time since last request: 3.076290 seconds.
  path: Assets/Materials/Table.mat
  artifactKey: Guid(525d3f3113a562847a9cef3beee3f728) Importer(815301076,1909f56bfc062723c751e8b465ee728b)
Start importing Assets/Materials/Table.mat using Guid(525d3f3113a562847a9cef3beee3f728) Importer(815301076,1909f56bfc062723c751e8b465ee728b)  -> (artifact id: '172f4f9c42495d191ba33064077b68f4') in 0.022346 seconds
Number of updated asset objects reloaded before import = 0
Number of asset objects unloaded after import = 1
========================================================================
Received Import Request.
  Time since last request: 27.181325 seconds.
  path: Assets/Materials/Basement.mat
  artifactKey: Guid(525d3f3113a562847a9cef3beee3f728) Importer(815301076,1909f56bfc062723c751e8b465ee728b)
Start importing Assets/Materials/Basement.mat using Guid(525d3f3113a562847a9cef3beee3f728) Importer(815301076,1909f56bfc062723c751e8b465ee728b)  -> (artifact id: '640081778d82c4bbde0b6bba68682d76') in 0.008815 seconds
Number of updated asset objects reloaded before import = 0
Number of asset objects unloaded after import = 1
========================================================================
Received Import Request.
  Time since last request: 3522.437474 seconds.
  path: Assets/Art/LowPolyDungeon/Models/Furniture/Table_Big.fbx
  artifactKey: Guid(f82b9f16845dc9b419151a2519c758f8) Importer(815301076,1909f56bfc062723c751e8b465ee728b)
Start importing Assets/Art/LowPolyDungeon/Models/Furniture/Table_Big.fbx using Guid(f82b9f16845dc9b419151a2519c758f8) Importer(815301076,1909f56bfc062723c751e8b465ee728b)  -> (artifact id: '7761fbc0ecaf0394481d30b65754b5d0') in 0.036681 seconds
Number of updated asset objects reloaded before import = 0
Number of asset objects unloaded after import = 10
========================================================================
Received Import Request.
  Time since last request: 0.000014 seconds.
  path: Assets/Art/LowPolyDungeon/Models/Furniture/Table_Small.fbx
  artifactKey: Guid(5cb6753c16611884384f3beaff2906bd) Importer(815301076,1909f56bfc062723c751e8b465ee728b)
Start importing Assets/Art/LowPolyDungeon/Models/Furniture/Table_Small.fbx using Guid(5cb6753c16611884384f3beaff2906bd) Importer(815301076,1909f56bfc062723c751e8b465ee728b)  -> (artifact id: 'dc0fd4c1242535acc6658943f4827b1a') in 0.011434 seconds
Number of updated asset objects reloaded before import = 0
Number of asset objects unloaded after import = 10
========================================================================
Received Import Request.
  Time since last request: 0.000010 seconds.
  path: Assets/Art/LowPolyDungeon/Prefabs/Furniture/Table_Small.prefab
  artifactKey: Guid(ce285a7430946e24ca0a9218777a7805) Importer(815301076,1909f56bfc062723c751e8b465ee728b)
Start importing Assets/Art/LowPolyDungeon/Prefabs/Furniture/Table_Small.prefab using Guid(ce285a7430946e24ca0a9218777a7805) Importer(815301076,1909f56bfc062723c751e8b465ee728b)  -> (artifact id: 'efa8d3a5387c7b4e94edeb6d6e93f361') in 0.011567 seconds
Number of updated asset objects reloaded before import = 0
Number of asset objects unloaded after import = 10
========================================================================
Received Import Request.
  Time since last request: 4.095896 seconds.
  path: Assets/Art/LowPolyDungeon/Models/Furniture/Desk.fbx
  artifactKey: Guid(5b206fed98dd6d041b1c804df7d42011) Importer(815301076,1909f56bfc062723c751e8b465ee728b)
Start importing Assets/Art/LowPolyDungeon/Models/Furniture/Desk.fbx using Guid(5b206fed98dd6d041b1c804df7d42011) Importer(815301076,1909f56bfc062723c751e8b465ee728b)  -> (artifact id: 'e1e10795a2ab92cd08d5a35c73c7e58b') in 0.025442 seconds
Number of updated asset objects reloaded before import = 0
Number of asset objects unloaded after import = 13
========================================================================
Received Import Request.
  Time since last request: 1.504553 seconds.
  path: Assets/Art/LowPolyDungeon/Models/Clutter/Skull.fbx
  artifactKey: Guid(34636936646bab64fb61023e7f3410ba) Importer(815301076,1909f56bfc062723c751e8b465ee728b)
Start importing Assets/Art/LowPolyDungeon/Models/Clutter/Skull.fbx using Guid(34636936646bab64fb61023e7f3410ba) Importer(815301076,1909f56bfc062723c751e8b465ee728b)  -> (artifact id: '2586b5708b6d1cf361b6d7503ef32f5e') in 0.015945 seconds
Number of updated asset objects reloaded before import = 0
Number of asset objects unloaded after import = 10
========================================================================
Received Import Request.
  Time since last request: 2799.659625 seconds.
  path: Assets/Art/LowPolyDungeon/Prefabs/Tiles/Balcony.prefab
  artifactKey: Guid(a9c55b2fac05ba248a24bd117da7b964) Importer(815301076,1909f56bfc062723c751e8b465ee728b)
Start importing Assets/Art/LowPolyDungeon/Prefabs/Tiles/Balcony.prefab using Guid(a9c55b2fac05ba248a24bd117da7b964) Importer(815301076,1909f56bfc062723c751e8b465ee728b)  -> (artifact id: 'b9cdccb10b8f7da48e79837417ac8338') in 0.014007 seconds
Number of updated asset objects reloaded before import = 0
Number of asset objects unloaded after import = 11
========================================================================
Received Import Request.
  Time since last request: 0.000014 seconds.
  path: Assets/Art/LowPolyDungeon/Prefabs/Tiles/Basement_Passage.prefab
  artifactKey: Guid(4b0d2ea51ebd97f4d91249e4c9bbefc4) Importer(815301076,1909f56bfc062723c751e8b465ee728b)
Start importing Assets/Art/LowPolyDungeon/Prefabs/Tiles/Basement_Passage.prefab using Guid(4b0d2ea51ebd97f4d91249e4c9bbefc4) Importer(815301076,1909f56bfc062723c751e8b465ee728b)  -> (artifact id: 'abd6f67f0cebf96f1a647abb3df1c936') in 0.010039 seconds
Number of updated asset objects reloaded before import = 0
Number of asset objects unloaded after import = 13
========================================================================
Received Import Request.
  Time since last request: 0.000013 seconds.
  path: Assets/Art/LowPolyDungeon/Prefabs/Tiles/Balcony_Railing.prefab
  artifactKey: Guid(112473a489e4f4e47b0127b8a56f8582) Importer(815301076,1909f56bfc062723c751e8b465ee728b)
Start importing Assets/Art/LowPolyDungeon/Prefabs/Tiles/Balcony_Railing.prefab using Guid(112473a489e4f4e47b0127b8a56f8582) Importer(815301076,1909f56bfc062723c751e8b465ee728b)  -> (artifact id: '74156f543f1005bd16cfee2b11f342bb') in 0.009586 seconds
Number of updated asset objects reloaded before import = 0
Number of asset objects unloaded after import = 11
========================================================================
Received Import Request.
  Time since last request: 0.000012 seconds.
  path: Assets/Art/LowPolyDungeon/Prefabs/Tiles/Basement_Passage_Mix.prefab
  artifactKey: Guid(239723035b399824caf9644a73d51459) Importer(815301076,1909f56bfc062723c751e8b465ee728b)
Start importing Assets/Art/LowPolyDungeon/Prefabs/Tiles/Basement_Passage_Mix.prefab using Guid(239723035b399824caf9644a73d51459) Importer(815301076,1909f56bfc062723c751e8b465ee728b)  -> (artifact id: '95cd3df3c1b4104b78bf7bd78298ee43') in 0.009747 seconds
Number of updated asset objects reloaded before import = 0
Number of asset objects unloaded after import = 13
========================================================================
Received Import Request.
  Time since last request: 1.411041 seconds.
  path: Assets/Art/LowPolyDungeon/Prefabs/Tiles/Basement_Var2.prefab
  artifactKey: Guid(685a0a8fbafab03459cffd23ffacc28c) Importer(815301076,1909f56bfc062723c751e8b465ee728b)
Start importing Assets/Art/LowPolyDungeon/Prefabs/Tiles/Basement_Var2.prefab using Guid(685a0a8fbafab03459cffd23ffacc28c) Importer(815301076,1909f56bfc062723c751e8b465ee728b)  -> (artifact id: '372e7506840153a60fa8b82de6ac4cbe') in 0.018043 seconds
Number of updated asset objects reloaded before import = 0
Number of asset objects unloaded after import = 15
========================================================================
Received Import Request.
  Time since last request: 0.032740 seconds.
  path: Assets/Art/LowPolyDungeon/Prefabs/Tiles/Basement_Var3.prefab
  artifactKey: Guid(e8782814328328c44b5fd078c06fbe10) Importer(815301076,1909f56bfc062723c751e8b465ee728b)
Start importing Assets/Art/LowPolyDungeon/Prefabs/Tiles/Basement_Var3.prefab using Guid(e8782814328328c44b5fd078c06fbe10) Importer(815301076,1909f56bfc062723c751e8b465ee728b)  -> (artifact id: '71bc769fb43edf1af4567ba22a1f3a89') in 0.010783 seconds
Number of updated asset objects reloaded before import = 0
Number of asset objects unloaded after import = 15
========================================================================
Received Import Request.
  Time since last request: 0.037751 seconds.
  path: Assets/Art/LowPolyDungeon/Prefabs/Tiles/Basement_Wall_Var1.prefab
  artifactKey: Guid(e52fa0ab130d63b42bcdd15456a87141) Importer(815301076,1909f56bfc062723c751e8b465ee728b)
Start importing Assets/Art/LowPolyDungeon/Prefabs/Tiles/Basement_Wall_Var1.prefab using Guid(e52fa0ab130d63b42bcdd15456a87141) Importer(815301076,1909f56bfc062723c751e8b465ee728b)  -> (artifact id: '9c4ede84cc531d5b6eb42d6f8792b9df') in 0.009533 seconds
Number of updated asset objects reloaded before import = 0
Number of asset objects unloaded after import = 12
========================================================================
Received Import Request.
  Time since last request: 0.461093 seconds.
  path: Assets/Art/LowPolyDungeon/Prefabs/Tiles/Basement_Wall_Var2.prefab
  artifactKey: Guid(d157978297aa03d40bfe76f9decb9828) Importer(815301076,1909f56bfc062723c751e8b465ee728b)
Start importing Assets/Art/LowPolyDungeon/Prefabs/Tiles/Basement_Wall_Var2.prefab using Guid(d157978297aa03d40bfe76f9decb9828) Importer(815301076,1909f56bfc062723c751e8b465ee728b)  -> (artifact id: '5859baa20a26eb827d99ea65257476b7') in 0.028042 seconds
Number of updated asset objects reloaded before import = 0
Number of asset objects unloaded after import = 13
========================================================================
Received Import Request.
  Time since last request: 0.030879 seconds.
  path: Assets/Art/LowPolyDungeon/Prefabs/Tiles/Basement_Wall_Var3.prefab
  artifactKey: Guid(3095027673429ac43888f84f7de0b80e) Importer(815301076,1909f56bfc062723c751e8b465ee728b)
Start importing Assets/Art/LowPolyDungeon/Prefabs/Tiles/Basement_Wall_Var3.prefab using Guid(3095027673429ac43888f84f7de0b80e) Importer(815301076,1909f56bfc062723c751e8b465ee728b)  -> (artifact id: 'ff9616d62b22b216bbe07e6829eb24cd') in 0.016487 seconds
Number of updated asset objects reloaded before import = 0
Number of asset objects unloaded after import = 12
========================================================================
Received Import Request.
  Time since last request: 1.877057 seconds.
  path: Assets/Art/LowPolyDungeon/Prefabs/Furniture/Chest.prefab
  artifactKey: Guid(944bff624466e4242a3377fba75ddaf3) Importer(815301076,1909f56bfc062723c751e8b465ee728b)
Start importing Assets/Art/LowPolyDungeon/Prefabs/Furniture/Chest.prefab using Guid(944bff624466e4242a3377fba75ddaf3) Importer(815301076,1909f56bfc062723c751e8b465ee728b)  -> (artifact id: '01d7b78f49b0521eb5d37869557f889b') in 0.011245 seconds
Number of updated asset objects reloaded before import = 0
Number of asset objects unloaded after import = 34
========================================================================
Received Import Request.
  Time since last request: 0.284142 seconds.
  path: Assets/Art/LowPolyDungeon/Prefabs/Lamps/Candlestick_Wall.prefab
  artifactKey: Guid(c559a22601843db4c927941c06a8b94b) Importer(815301076,1909f56bfc062723c751e8b465ee728b)
Start importing Assets/Art/LowPolyDungeon/Prefabs/Lamps/Candlestick_Wall.prefab using Guid(c559a22601843db4c927941c06a8b94b) Importer(815301076,1909f56bfc062723c751e8b465ee728b)  -> (artifact id: 'd206444cd7a317ac14d84883a583409d') in 0.010184 seconds
Number of updated asset objects reloaded before import = 0
Number of asset objects unloaded after import = 19
========================================================================
Received Import Request.
  Time since last request: 66.249645 seconds.
  path: Assets/Art/LowPolyDungeon/Models/Furniture/Chest_Lid.fbx
  artifactKey: Guid(4ad289074c1d9c2469c5bea23e1b3704) Importer(815301076,1909f56bfc062723c751e8b465ee728b)
Start importing Assets/Art/LowPolyDungeon/Models/Furniture/Chest_Lid.fbx using Guid(4ad289074c1d9c2469c5bea23e1b3704) Importer(815301076,1909f56bfc062723c751e8b465ee728b)  -> (artifact id: 'a4bb59ca2f6a6e366216ddf85c5d292f') in 0.022486 seconds
Number of updated asset objects reloaded before import = 0
Number of asset objects unloaded after import = 11
========================================================================
Received Import Request.
  Time since last request: 0.000011 seconds.
  path: Assets/Art/LowPolyDungeon/Models/Furniture/ChestSmall_Lid.fbx
  artifactKey: Guid(b51d8a270324c344fbb47301c11f3cf5) Importer(815301076,1909f56bfc062723c751e8b465ee728b)
Start importing Assets/Art/LowPolyDungeon/Models/Furniture/ChestSmall_Lid.fbx using Guid(b51d8a270324c344fbb47301c11f3cf5) Importer(815301076,1909f56bfc062723c751e8b465ee728b)  -> (artifact id: 'fd02231f6941865af809f506c83d5e80') in 0.012676 seconds
Number of updated asset objects reloaded before import = 0
Number of asset objects unloaded after import = 11
========================================================================
Received Import Request.
  Time since last request: 0.673794 seconds.
  path: Assets/Art/LowPolyDungeon/Models/Furniture/Chest.fbx
  artifactKey: Guid(1bf63c0899d49114e9e0a11b3dbb5187) Importer(815301076,1909f56bfc062723c751e8b465ee728b)
Start importing Assets/Art/LowPolyDungeon/Models/Furniture/Chest.fbx using Guid(1bf63c0899d49114e9e0a11b3dbb5187) Importer(815301076,1909f56bfc062723c751e8b465ee728b)  -> (artifact id: '844f994983c566bdbaa4da6fa0432b82') in 0.014088 seconds
Number of updated asset objects reloaded before import = 0
Number of asset objects unloaded after import = 12
========================================================================
Received Import Request.
  Time since last request: 275.606014 seconds.
  path: Assets/Art/LowPolyDungeon/Prefabs/Furniture/Banner.prefab
  artifactKey: Guid(ad4bcbbca7d5fde4cbaa62e8f9296dd9) Importer(815301076,1909f56bfc062723c751e8b465ee728b)
Start importing Assets/Art/LowPolyDungeon/Prefabs/Furniture/Banner.prefab using Guid(ad4bcbbca7d5fde4cbaa62e8f9296dd9) Importer(815301076,1909f56bfc062723c751e8b465ee728b)  -> (artifact id: 'd6af9018c7f94c8352214fe95301aabc') in 0.013282 seconds
Number of updated asset objects reloaded before import = 0
Number of asset objects unloaded after import = 11
========================================================================
Received Import Request.
  Time since last request: 0.000014 seconds.
  path: Assets/Art/LowPolyDungeon/Prefabs/Furniture/Barrel_Open.prefab
  artifactKey: Guid(591bed4d8c69b824c81e7261d794d9f5) Importer(815301076,1909f56bfc062723c751e8b465ee728b)
Start importing Assets/Art/LowPolyDungeon/Prefabs/Furniture/Barrel_Open.prefab using Guid(591bed4d8c69b824c81e7261d794d9f5) Importer(815301076,1909f56bfc062723c751e8b465ee728b)  -> (artifact id: '79cd5fc46e3ebaef3fc479ad2bafab79') in 0.009176 seconds
Number of updated asset objects reloaded before import = 0
Number of asset objects unloaded after import = 11
========================================================================
Received Import Request.
  Time since last request: 7.468288 seconds.
  path: Assets/Art/LowPolyDungeon/Colliders/Tiles/Balcony_Post_col.fbx
  artifactKey: Guid(ae840dccc4678c741a02d81550c08507) Importer(815301076,1909f56bfc062723c751e8b465ee728b)
Start importing Assets/Art/LowPolyDungeon/Colliders/Tiles/Balcony_Post_col.fbx using Guid(ae840dccc4678c741a02d81550c08507) Importer(815301076,1909f56bfc062723c751e8b465ee728b)  -> (artifact id: 'd00f9e858ce7dddd4763e141fe596ea4') in 0.015722 seconds
Number of updated asset objects reloaded before import = 0
Number of asset objects unloaded after import = 7
========================================================================
Received Import Request.
  Time since last request: 0.713828 seconds.
  path: Assets/Art/LowPolyDungeon/Models/Clutter/Book_Green.fbx
  artifactKey: Guid(86eb514168a2b5343a94c3b241459305) Importer(815301076,1909f56bfc062723c751e8b465ee728b)
Start importing Assets/Art/LowPolyDungeon/Models/Clutter/Book_Green.fbx using Guid(86eb514168a2b5343a94c3b241459305) Importer(815301076,1909f56bfc062723c751e8b465ee728b)  -> (artifact id: '1c7333d174888e1249c09436618c7d15') in 0.015071 seconds
Number of updated asset objects reloaded before import = 0
Number of asset objects unloaded after import = 11
========================================================================
Received Import Request.
  Time since last request: 2.470759 seconds.
  path: Assets/Art/LowPolyDungeon/Models/Clutter/Book_Big_Brown.fbx
  artifactKey: Guid(54c2100317f765442a1f247c7d09ccf5) Importer(815301076,1909f56bfc062723c751e8b465ee728b)
Start importing Assets/Art/LowPolyDungeon/Models/Clutter/Book_Big_Brown.fbx using Guid(54c2100317f765442a1f247c7d09ccf5) Importer(815301076,1909f56bfc062723c751e8b465ee728b)  -> (artifact id: 'c55461fc62883a712c64b60e718308ed') in 0.014922 seconds
Number of updated asset objects reloaded before import = 0
Number of asset objects unloaded after import = 11
========================================================================
Received Import Request.
  Time since last request: 0.892449 seconds.
  path: Assets/Art/LowPolyDungeon/Models/Clutter/Book_Big_Green.fbx
  artifactKey: Guid(40d34602bace745418e82f25e6287075) Importer(815301076,1909f56bfc062723c751e8b465ee728b)
Start importing Assets/Art/LowPolyDungeon/Models/Clutter/Book_Big_Green.fbx using Guid(40d34602bace745418e82f25e6287075) Importer(815301076,1909f56bfc062723c751e8b465ee728b)  -> (artifact id: '0ad1da6fe33b0ff4f27225f7bce5eba1') in 0.016004 seconds
Number of updated asset objects reloaded before import = 0
Number of asset objects unloaded after import = 11
========================================================================
Received Import Request.
  Time since last request: 0.361928 seconds.
  path: Assets/Art/LowPolyDungeon/Models/Clutter/Book_Brown.fbx
  artifactKey: Guid(dc2941d78abd1554c898c60a773f4dad) Importer(815301076,1909f56bfc062723c751e8b465ee728b)
Start importing Assets/Art/LowPolyDungeon/Models/Clutter/Book_Brown.fbx using Guid(dc2941d78abd1554c898c60a773f4dad) Importer(815301076,1909f56bfc062723c751e8b465ee728b)  -> (artifact id: '7a75ed81769113d729d05d324b844f4d') in 0.011000 seconds
Number of updated asset objects reloaded before import = 0
Number of asset objects unloaded after import = 11
========================================================================
Received Import Request.
  Time since last request: 0.288527 seconds.
  path: Assets/Art/LowPolyDungeon/Models/Clutter/Book_DeepRed.fbx
  artifactKey: Guid(8842cdd23cd83c14c9425c0ae07507c7) Importer(815301076,1909f56bfc062723c751e8b465ee728b)
Start importing Assets/Art/LowPolyDungeon/Models/Clutter/Book_DeepRed.fbx using Guid(8842cdd23cd83c14c9425c0ae07507c7) Importer(815301076,1909f56bfc062723c751e8b465ee728b)  -> (artifact id: '487fe6bb66785956fa0f24634add58a7') in 0.012388 seconds
Number of updated asset objects reloaded before import = 0
Number of asset objects unloaded after import = 11
========================================================================
Received Import Request.
  Time since last request: 0.607065 seconds.
  path: Assets/Art/LowPolyDungeon/Models/Clutter/Book_Red.fbx
  artifactKey: Guid(9028aa2abf4ff9d45a5c341199180134) Importer(815301076,1909f56bfc062723c751e8b465ee728b)
Start importing Assets/Art/LowPolyDungeon/Models/Clutter/Book_Red.fbx using Guid(9028aa2abf4ff9d45a5c341199180134) Importer(815301076,1909f56bfc062723c751e8b465ee728b)  -> (artifact id: '039dd9b05cc1ab1b7ad9ada407e674f1') in 0.022445 seconds
Number of updated asset objects reloaded before import = 0
Number of asset objects unloaded after import = 11
========================================================================
Received Import Request.
  Time since last request: 0.068203 seconds.
  path: Assets/Art/LowPolyDungeon/Models/Clutter/Book_Small_Brown.fbx
  artifactKey: Guid(f379ef81d20eb3e4bb14c2695fa685d6) Importer(815301076,1909f56bfc062723c751e8b465ee728b)
Start importing Assets/Art/LowPolyDungeon/Models/Clutter/Book_Small_Brown.fbx using Guid(f379ef81d20eb3e4bb14c2695fa685d6) Importer(815301076,1909f56bfc062723c751e8b465ee728b)  -> (artifact id: 'cbea5bc1debf8601c5dbc08f4965471f') in 0.011194 seconds
Number of updated asset objects reloaded before import = 0
Number of asset objects unloaded after import = 11
========================================================================
Received Import Request.
  Time since last request: 2052.363609 seconds.
  path: Assets/Materials/seamless-wood-planks-2.jpg
  artifactKey: Guid(110aa677b0cbb114db263d29f84f3177) Importer(815301076,1909f56bfc062723c751e8b465ee728b)
Start importing Assets/Materials/seamless-wood-planks-2.jpg using Guid(110aa677b0cbb114db263d29f84f3177) Importer(815301076,1909f56bfc062723c751e8b465ee728b)  -> (artifact id: 'c2cedbce0230260747c077cb9bac2e7c') in 0.015786 seconds
Number of updated asset objects reloaded before import = 0
Number of asset objects unloaded after import = 2
