Using pre-set license
Built from '2022.3/staging' branch; Version is '2022.3.7f1 (b16b3b16c7a0) revision 11627323'; Using compiler version '192829333'; Build Type 'Release'
OS: 'Windows 11  (10.0.22621) 64bit Core' Language: 'en' Physical Memory: 65275 MB
BatchMode: 1, IsHumanControllingUs: 0, StartBugReporterOnCrash: 0, Is64bit: 1, IsPro: 1

COMMAND LINE ARGUMENTS:
C:\Program Files\Unity\Hub\Editor\2022.3.7f1\Editor\Unity.exe
-adb2
-batchMode
-noUpm
-name
AssetImportWorker4
-projectPath
C:/Users/user/Documents/GitHub/Escape-Room
-logFile
Logs/AssetImportWorker4.log
-srvPort
56678
Successfully changed project path to: C:/Users/user/Documents/GitHub/Escape-Room
C:/Users/user/Documents/GitHub/Escape-Room
[UnityMemory] Configuration Parameters - Can be set up in boot.config
    "memorysetup-bucket-allocator-granularity=16"
    "memorysetup-bucket-allocator-bucket-count=8"
    "memorysetup-bucket-allocator-block-size=33554432"
    "memorysetup-bucket-allocator-block-count=8"
    "memorysetup-main-allocator-block-size=16777216"
    "memorysetup-thread-allocator-block-size=16777216"
    "memorysetup-gfx-main-allocator-block-size=16777216"
    "memorysetup-gfx-thread-allocator-block-size=16777216"
    "memorysetup-cache-allocator-block-size=4194304"
    "memorysetup-typetree-allocator-block-size=2097152"
    "memorysetup-profiler-bucket-allocator-granularity=16"
    "memorysetup-profiler-bucket-allocator-bucket-count=8"
    "memorysetup-profiler-bucket-allocator-block-size=33554432"
    "memorysetup-profiler-bucket-allocator-block-count=8"
    "memorysetup-profiler-allocator-block-size=16777216"
    "memorysetup-profiler-editor-allocator-block-size=1048576"
    "memorysetup-temp-allocator-size-main=16777216"
    "memorysetup-job-temp-allocator-block-size=2097152"
    "memorysetup-job-temp-allocator-block-size-background=1048576"
    "memorysetup-job-temp-allocator-reduction-small-platforms=262144"
    "memorysetup-allocator-temp-initial-block-size-main=262144"
    "memorysetup-allocator-temp-initial-block-size-worker=262144"
    "memorysetup-temp-allocator-size-background-worker=32768"
    "memorysetup-temp-allocator-size-job-worker=262144"
    "memorysetup-temp-allocator-size-preload-manager=33554432"
    "memorysetup-temp-allocator-size-nav-mesh-worker=65536"
    "memorysetup-temp-allocator-size-audio-worker=65536"
    "memorysetup-temp-allocator-size-cloud-worker=32768"
    "memorysetup-temp-allocator-size-gi-baking-worker=262144"
    "memorysetup-temp-allocator-size-gfx=262144"
Player connection [59284] Host "[IP] 192.168.56.1 [Port] 0 [Flags] 2 [Guid] 1231083121 [EditorId] 1231083121 [Version] 1048832 [Id] WindowsEditor(7,LAPTOP-6J8SA525) [Debug] 1 [PackageName] WindowsEditor [ProjectName] Editor" joined multi-casting on [225.0.0.222:54997]...

Player connection [59284] Host "[IP] 192.168.56.1 [Port] 0 [Flags] 2 [Guid] 1231083121 [EditorId] 1231083121 [Version] 1048832 [Id] WindowsEditor(7,LAPTOP-6J8SA525) [Debug] 1 [PackageName] WindowsEditor [ProjectName] Editor" joined alternative multi-casting on [225.0.0.222:34997]...

Refreshing native plugins compatible for Editor in 6.50 ms, found 6 plugins.
Preloading 1 native plugins for Editor in 0.36 ms.
Initialize engine version: 2022.3.7f1 (b16b3b16c7a0)
[Subsystems] Discovering subsystems at path C:/Program Files/Unity/Hub/Editor/2022.3.7f1/Editor/Data/Resources/UnitySubsystems
[Subsystems] Discovering subsystems at path C:/Users/user/Documents/GitHub/Escape-Room/Assets
GfxDevice: creating device client; threaded=0; jobified=0
Direct3D:
    Version:  Direct3D 11.0 [level 11.1]
    Renderer: NVIDIA GeForce RTX 4090 Laptop GPU (ID=0x2757)
    Vendor:   NVIDIA
    VRAM:     16050 MB
    Driver:   31.0.15.5152
Initialize mono
Mono path[0] = 'C:/Program Files/Unity/Hub/Editor/2022.3.7f1/Editor/Data/Managed'
Mono path[1] = 'C:/Program Files/Unity/Hub/Editor/2022.3.7f1/Editor/Data/MonoBleedingEdge/lib/mono/unityjit-win32'
Mono config path = 'C:/Program Files/Unity/Hub/Editor/2022.3.7f1/Editor/Data/MonoBleedingEdge/etc'
Using monoOptions --debugger-agent=transport=dt_socket,embedding=1,server=y,suspend=n,address=127.0.0.1:56236
Begin MonoManager ReloadAssembly
Registering precompiled unity dll's ...
Register platform support module: C:/Program Files/Unity/Hub/Editor/2022.3.7f1/Editor/Data/PlaybackEngines/WindowsStandaloneSupport/UnityEditor.WindowsStandalone.Extensions.dll
Registered in 0.004142 seconds.
- Loaded All Assemblies, in  0.207 seconds
Native extension for WindowsStandalone target not found
Mono: successfully reloaded assembly
- Finished resetting the current domain, in  0.145 seconds
Domain Reload Profiling: 352ms
	BeginReloadAssembly (61ms)
		ExecutionOrderSort (0ms)
		DisableScriptedObjects (0ms)
		BackupInstance (0ms)
		ReleaseScriptingObjects (0ms)
		CreateAndSetChildDomain (1ms)
	RebuildCommonClasses (20ms)
	RebuildNativeTypeToScriptingClass (6ms)
	initialDomainReloadingComplete (35ms)
	LoadAllAssembliesAndSetupDomain (84ms)
		LoadAssemblies (59ms)
		RebuildTransferFunctionScriptingTraits (0ms)
		AnalyzeDomain (83ms)
			TypeCache.Refresh (82ms)
				TypeCache.ScanAssembly (74ms)
			ScanForSourceGeneratedMonoScriptInfo (0ms)
			ResolveRequiredComponents (0ms)
	FinalizeReload (146ms)
		ReleaseScriptCaches (0ms)
		RebuildScriptCaches (0ms)
		SetupLoadedEditorAssemblies (112ms)
			LogAssemblyErrors (0ms)
			InitializePlatformSupportModulesInManaged (5ms)
			SetLoadedEditorAssemblies (5ms)
			RefreshPlugins (0ms)
			BeforeProcessingInitializeOnLoad (1ms)
			ProcessInitializeOnLoadAttributes (72ms)
			ProcessInitializeOnLoadMethodAttributes (28ms)
			AfterProcessingInitializeOnLoad (0ms)
			EditorAssembliesLoaded (0ms)
		ExecutionOrderSort2 (0ms)
		AwakeInstancesAfterBackupRestoration (0ms)
========================================================================
Worker process is ready to serve import requests
Begin MonoManager ReloadAssembly
Symbol file LoadedFromMemory doesn't match image C:\Users\user\Documents\GitHub\Escape-Room\Library\PackageCache\com.unity.visualscripting@1.8.0\Editor\VisualScripting.Core\Dependencies\YamlDotNet\Unity.VisualScripting.YamlDotNet.dll
Symbol file LoadedFromMemory doesn't match image C:\Users\user\Documents\GitHub\Escape-Room\Library\PackageCache\com.unity.visualscripting@1.8.0\Editor\VisualScripting.Core\Dependencies\DotNetZip\Unity.VisualScripting.IonicZip.dll
- Loaded All Assemblies, in  0.386 seconds
Refreshing native plugins compatible for Editor in 2.95 ms, found 6 plugins.
Native extension for WindowsStandalone target not found
Package Manager log level set to [2]
[Package Manager] Server::EnsureServerProcessIsRunning -- launch failed, reason: Unity was launched with the -noUpm command-line argument
[Package Manager] UpmClient::Send -- Unable to send message (not connected to UPM process).
[Package Manager] Cannot connect to Unity Package Manager local server
[Package Manager] Server::EnsureServerProcessIsRunning -- launch failed, reason: Unity was launched with the -noUpm command-line argument
[Package Manager] UpmClient::Send -- Unable to send message (not connected to UPM process).
[Package Manager] Cannot connect to Unity Package Manager local server
System.Reflection.TargetInvocationException: Exception has been thrown by the target of an invocation. ---> System.NullReferenceException: Object reference not set to an instance of an object
  at Unity.XR.Oculus.OculusLoader.AssetPathToAbsolutePath (System.String assetPath) [0x00040] in .\Library\PackageCache\com.unity.xr.oculus@4.0.0\Runtime\OculusLoader.cs:282 
  at Unity.XR.Oculus.OculusLoader.EditorLoadOVRPlugin () [0x0007b] in .\Library\PackageCache\com.unity.xr.oculus@4.0.0\Runtime\OculusLoader.cs:267 
  at (wrapper managed-to-native) System.Reflection.RuntimeMethodInfo.InternalInvoke(System.Reflection.RuntimeMethodInfo,object,object[],System.Exception&)
  at System.Reflection.RuntimeMethodInfo.Invoke (System.Object obj, System.Reflection.BindingFlags invokeAttr, System.Reflection.Binder binder, System.Object[] parameters, System.Globalization.CultureInfo culture) [0x0006a] in <b89873cb176e44a995a4781c7487d410>:0 
   --- End of inner exception stack trace ---
  at System.Reflection.RuntimeMethodInfo.Invoke (System.Object obj, System.Reflection.BindingFlags invokeAttr, System.Reflection.Binder binder, System.Object[] parameters, System.Globalization.CultureInfo culture) [0x00083] in <b89873cb176e44a995a4781c7487d410>:0 
  at System.Reflection.MethodBase.Invoke (System.Object obj, System.Object[] parameters) [0x00000] in <b89873cb176e44a995a4781c7487d410>:0 
  at UnityEditor.EditorAssemblies.ProcessInitializeOnLoadMethodAttributes () [0x000a5] in <97436df440ca462884c5332c1d8ebbe7>:0 
UnityEngine.StackTraceUtility:ExtractStackTrace ()
UnityEngine.DebugLogHandler:LogFormat (UnityEngine.LogType,UnityEngine.Object,string,object[])
UnityEngine.Logger:Log (UnityEngine.LogType,object)
UnityEngine.Debug:LogError (object)
UnityEditor.EditorAssemblies:ProcessInitializeOnLoadMethodAttributes ()

Mono: successfully reloaded assembly
[Package Manager] Server::EnsureServerProcessIsRunning -- launch failed, reason: Unity was launched with the -noUpm command-line argument
[Package Manager] UpmClient::Send -- Unable to send message (not connected to UPM process).
[Package Manager] Cannot connect to Unity Package Manager local server
[Package Manager] Server::EnsureServerProcessIsRunning -- launch failed, reason: Unity was launched with the -noUpm command-line argument
[Package Manager] UpmClient::Send -- Unable to send message (not connected to UPM process).
[Package Manager] Cannot connect to Unity Package Manager local server
- Finished resetting the current domain, in  0.395 seconds
Domain Reload Profiling: 780ms
	BeginReloadAssembly (86ms)
		ExecutionOrderSort (0ms)
		DisableScriptedObjects (3ms)
		BackupInstance (0ms)
		ReleaseScriptingObjects (0ms)
		CreateAndSetChildDomain (13ms)
	RebuildCommonClasses (20ms)
	RebuildNativeTypeToScriptingClass (6ms)
	initialDomainReloadingComplete (17ms)
	LoadAllAssembliesAndSetupDomain (256ms)
		LoadAssemblies (175ms)
		RebuildTransferFunctionScriptingTraits (0ms)
		AnalyzeDomain (129ms)
			TypeCache.Refresh (112ms)
				TypeCache.ScanAssembly (100ms)
			ScanForSourceGeneratedMonoScriptInfo (12ms)
			ResolveRequiredComponents (4ms)
	FinalizeReload (395ms)
		ReleaseScriptCaches (0ms)
		RebuildScriptCaches (0ms)
		SetupLoadedEditorAssemblies (303ms)
			LogAssemblyErrors (0ms)
			InitializePlatformSupportModulesInManaged (3ms)
			SetLoadedEditorAssemblies (2ms)
			RefreshPlugins (0ms)
			BeforeProcessingInitializeOnLoad (42ms)
			ProcessInitializeOnLoadAttributes (234ms)
			ProcessInitializeOnLoadMethodAttributes (18ms)
			AfterProcessingInitializeOnLoad (4ms)
			EditorAssembliesLoaded (0ms)
		ExecutionOrderSort2 (0ms)
		AwakeInstancesAfterBackupRestoration (4ms)
Launched and connected shader compiler UnityShaderCompiler.exe after 0.03 seconds
Refreshing native plugins compatible for Editor in 3.01 ms, found 6 plugins.
Preloading 1 native plugins for Editor in 0.04 ms.
Unloading 4637 Unused Serialized files (Serialized files now loaded: 0)
Unloading 54 unused Assets / (124.7 KB). Loaded Objects now: 5107.
Memory consumption went from 161.0 MB to 160.9 MB.
Total: 2.395000 ms (FindLiveObjects: 0.206900 ms CreateObjectMapping: 0.079900 ms MarkObjects: 1.992400 ms  DeleteObjects: 0.115000 ms)

AssetImportParameters requested are different than current active one (requested -> active):
  custom:container-demuxer-ogg: 62fdf1f143b41e24485cea50d1cbac27 -> 
  custom:video-codec-MediaFoundation-h265: 746d11721c4dcdbdad8f713fa42b33f4 -> 
  custom:video-decoder-ogg-theora: a1e56fd34408186e4bbccfd4996cb3dc -> 
  custom:framework-win-MediaFoundation: 216162199b28c13a410421893ffa2e32 -> 
  custom:CustomObjectIndexerAttribute: 756ad292c208cfabdd7b50bc23989ffe -> 
  custom:container-demuxer-webm: 4f35f7cbe854078d1ac9338744f61a02 -> 
  custom:container-muxer-webm: aa71ff27fc2769a1b78a27578f13a17b -> 
  custom:video-decoder-webm-vp8: 9c59270c3fd7afecdb556c50c9e8de78 -> 
  custom:SearchIndexIgnoredProperties: e643bd26f0fe6173181afceb89e7c659 -> 
  custom:AudioImporter_EditorPlatform: d09bf68614088b80899f8185d706f6e7 -> 
  custom:video-encoder-webm-vp8: eb34c28f22e8b96e1ab97ce403110664 -> 
  custom:audio-decoder-ogg-vorbis: bf7c407c2cedff20999df2af8eb42d56 -> 
  custom:audio-encoder-webm-vorbis: bf7c407c2cedff20999df2af8eb42d56 -> 
========================================================================
Received Import Request.
  Time since last request: 156807.533107 seconds.
  path: Assets/Scenes/ProtoMap.unity
  artifactKey: Guid(91ed409bb1e01874ba5d8ec903abbf18) Importer(815301076,1909f56bfc062723c751e8b465ee728b)
Start importing Assets/Scenes/ProtoMap.unity using Guid(91ed409bb1e01874ba5d8ec903abbf18) Importer(815301076,1909f56bfc062723c751e8b465ee728b)  -> (artifact id: 'a05db0401a0e935730cabba6981d1ec6') in 0.002080 seconds
Number of updated asset objects reloaded before import = 0
Number of asset objects unloaded after import = 0
========================================================================
Received Import Request.
  Time since last request: 28.136943 seconds.
  path: Assets/Scenes/Submission 2.unity
  artifactKey: Guid(3110d84510e67ee4d997efe6b76771c8) Importer(815301076,1909f56bfc062723c751e8b465ee728b)
Start importing Assets/Scenes/Submission 2.unity using Guid(3110d84510e67ee4d997efe6b76771c8) Importer(815301076,1909f56bfc062723c751e8b465ee728b)  -> (artifact id: 'f3fe0f9fc3a7ec2f9919c06c3a292eff') in 0.000388 seconds
Number of updated asset objects reloaded before import = 0
Number of asset objects unloaded after import = 0
========================================================================
Received Import Request.
  Time since last request: 14.456573 seconds.
  path: Assets/Materials
  artifactKey: Guid(678f12de21cb4574faa814cdab39dcd3) Importer(815301076,1909f56bfc062723c751e8b465ee728b)
Start importing Assets/Materials using Guid(678f12de21cb4574faa814cdab39dcd3) Importer(815301076,1909f56bfc062723c751e8b465ee728b)  -> (artifact id: '216f274c592ada35dc1d6d1d638ffb52') in 0.000387 seconds
Number of updated asset objects reloaded before import = 0
Number of asset objects unloaded after import = 0
========================================================================
Received Import Request.
  Time since last request: 4.567170 seconds.
  path: Assets/Materials/Stairs.mat
  artifactKey: Guid(678392f03e40dfc468162ec93976c8cd) Importer(815301076,1909f56bfc062723c751e8b465ee728b)
Start importing Assets/Materials/Stairs.mat using Guid(678392f03e40dfc468162ec93976c8cd) Importer(815301076,1909f56bfc062723c751e8b465ee728b)  -> (artifact id: '4935533c7944ef8cf7f9eee642815099') in 0.078068 seconds
Number of updated asset objects reloaded before import = 0
Number of asset objects unloaded after import = 1
========================================================================
Received Import Request.
  Time since last request: 133.402336 seconds.
  path: Assets/Materials/Stairs.mat
  artifactKey: Guid(678392f03e40dfc468162ec93976c8cd) Importer(815301076,1909f56bfc062723c751e8b465ee728b)
Start importing Assets/Materials/Stairs.mat using Guid(678392f03e40dfc468162ec93976c8cd) Importer(815301076,1909f56bfc062723c751e8b465ee728b)  -> (artifact id: 'ca91a53f0c5975cc1bb86f5a96a23f4a') in 0.010999 seconds
Number of updated asset objects reloaded before import = 0
Number of asset objects unloaded after import = 1
========================================================================
Received Import Request.
  Time since last request: 7.763538 seconds.
  path: Assets/ProBuilder Data/Default Color Palette.asset
  artifactKey: Guid(7ac708e844e70b54fb56f2ceb4605d0f) Importer(815301076,1909f56bfc062723c751e8b465ee728b)
Start importing Assets/ProBuilder Data/Default Color Palette.asset using Guid(7ac708e844e70b54fb56f2ceb4605d0f) Importer(815301076,1909f56bfc062723c751e8b465ee728b)  -> (artifact id: '1844a1bdbd05299184ee89cfbe2fa2aa') in 0.001241 seconds
Number of updated asset objects reloaded before import = 0
Number of asset objects unloaded after import = 1
========================================================================
Received Prepare
Begin MonoManager ReloadAssembly
Symbol file LoadedFromMemory doesn't match image C:\Users\user\Documents\GitHub\Escape-Room\Library\PackageCache\com.unity.visualscripting@1.8.0\Editor\VisualScripting.Core\Dependencies\YamlDotNet\Unity.VisualScripting.YamlDotNet.dll
Symbol file LoadedFromMemory doesn't match image C:\Users\user\Documents\GitHub\Escape-Room\Library\PackageCache\com.unity.visualscripting@1.8.0\Editor\VisualScripting.Core\Dependencies\DotNetZip\Unity.VisualScripting.IonicZip.dll
- Loaded All Assemblies, in  0.301 seconds
Refreshing native plugins compatible for Editor in 2.96 ms, found 6 plugins.
Native extension for WindowsStandalone target not found
[Package Manager] Server::EnsureServerProcessIsRunning -- launch failed, reason: Unity was launched with the -noUpm command-line argument
[Package Manager] UpmClient::Send -- Unable to send message (not connected to UPM process).
[Package Manager] Cannot connect to Unity Package Manager local server
[Package Manager] Server::EnsureServerProcessIsRunning -- launch failed, reason: Unity was launched with the -noUpm command-line argument
[Package Manager] UpmClient::Send -- Unable to send message (not connected to UPM process).
[Package Manager] Cannot connect to Unity Package Manager local server
System.Reflection.TargetInvocationException: Exception has been thrown by the target of an invocation. ---> System.NullReferenceException: Object reference not set to an instance of an object
  at Unity.XR.Oculus.OculusLoader.AssetPathToAbsolutePath (System.String assetPath) [0x00040] in .\Library\PackageCache\com.unity.xr.oculus@4.0.0\Runtime\OculusLoader.cs:282 
  at Unity.XR.Oculus.OculusLoader.EditorLoadOVRPlugin () [0x0007b] in .\Library\PackageCache\com.unity.xr.oculus@4.0.0\Runtime\OculusLoader.cs:267 
  at (wrapper managed-to-native) System.Reflection.RuntimeMethodInfo.InternalInvoke(System.Reflection.RuntimeMethodInfo,object,object[],System.Exception&)
  at System.Reflection.RuntimeMethodInfo.Invoke (System.Object obj, System.Reflection.BindingFlags invokeAttr, System.Reflection.Binder binder, System.Object[] parameters, System.Globalization.CultureInfo culture) [0x0006a] in <b89873cb176e44a995a4781c7487d410>:0 
   --- End of inner exception stack trace ---
  at System.Reflection.RuntimeMethodInfo.Invoke (System.Object obj, System.Reflection.BindingFlags invokeAttr, System.Reflection.Binder binder, System.Object[] parameters, System.Globalization.CultureInfo culture) [0x00083] in <b89873cb176e44a995a4781c7487d410>:0 
  at System.Reflection.MethodBase.Invoke (System.Object obj, System.Object[] parameters) [0x00000] in <b89873cb176e44a995a4781c7487d410>:0 
  at UnityEditor.EditorAssemblies.ProcessInitializeOnLoadMethodAttributes () [0x000a5] in <97436df440ca462884c5332c1d8ebbe7>:0 
UnityEngine.StackTraceUtility:ExtractStackTrace ()
UnityEngine.DebugLogHandler:LogFormat (UnityEngine.LogType,UnityEngine.Object,string,object[])
UnityEngine.Logger:Log (UnityEngine.LogType,object)
UnityEngine.Debug:LogError (object)
UnityEditor.EditorAssemblies:ProcessInitializeOnLoadMethodAttributes ()

Mono: successfully reloaded assembly
[Package Manager] Server::EnsureServerProcessIsRunning -- launch failed, reason: Unity was launched with the -noUpm command-line argument
[Package Manager] UpmClient::Send -- Unable to send message (not connected to UPM process).
[Package Manager] Cannot connect to Unity Package Manager local server
- Finished resetting the current domain, in  0.567 seconds
Domain Reload Profiling: 866ms
	BeginReloadAssembly (106ms)
		ExecutionOrderSort (0ms)
		DisableScriptedObjects (2ms)
		BackupInstance (0ms)
		ReleaseScriptingObjects (0ms)
		CreateAndSetChildDomain (26ms)
	RebuildCommonClasses (20ms)
	RebuildNativeTypeToScriptingClass (7ms)
	initialDomainReloadingComplete (18ms)
	LoadAllAssembliesAndSetupDomain (148ms)
		LoadAssemblies (174ms)
		RebuildTransferFunctionScriptingTraits (0ms)
		AnalyzeDomain (25ms)
			TypeCache.Refresh (7ms)
				TypeCache.ScanAssembly (0ms)
			ScanForSourceGeneratedMonoScriptInfo (12ms)
			ResolveRequiredComponents (5ms)
	FinalizeReload (568ms)
		ReleaseScriptCaches (0ms)
		RebuildScriptCaches (0ms)
		SetupLoadedEditorAssemblies (277ms)
			LogAssemblyErrors (0ms)
			InitializePlatformSupportModulesInManaged (4ms)
			SetLoadedEditorAssemblies (2ms)
			RefreshPlugins (0ms)
			BeforeProcessingInitializeOnLoad (45ms)
			ProcessInitializeOnLoadAttributes (204ms)
			ProcessInitializeOnLoadMethodAttributes (18ms)
			AfterProcessingInitializeOnLoad (4ms)
			EditorAssembliesLoaded (0ms)
		ExecutionOrderSort2 (0ms)
		AwakeInstancesAfterBackupRestoration (4ms)
Refreshing native plugins compatible for Editor in 3.26 ms, found 6 plugins.
Preloading 1 native plugins for Editor in 0.04 ms.
Unloading 4590 Unused Serialized files (Serialized files now loaded: 0)
Unloading 28 unused Assets / (97.7 KB). Loaded Objects now: 5155.
Memory consumption went from 155.8 MB to 155.7 MB.
Total: 2.127700 ms (FindLiveObjects: 0.177600 ms CreateObjectMapping: 0.057700 ms MarkObjects: 1.805100 ms  DeleteObjects: 0.086400 ms)

Prepare: number of updated asset objects reloaded= 0
AssetImportParameters requested are different than current active one (requested -> active):
  custom:container-demuxer-ogg: 62fdf1f143b41e24485cea50d1cbac27 -> 
  custom:video-codec-MediaFoundation-h265: 746d11721c4dcdbdad8f713fa42b33f4 -> 
  custom:video-decoder-ogg-theora: a1e56fd34408186e4bbccfd4996cb3dc -> 
  custom:framework-win-MediaFoundation: 216162199b28c13a410421893ffa2e32 -> 
  custom:CustomObjectIndexerAttribute: 756ad292c208cfabdd7b50bc23989ffe -> 
  custom:container-demuxer-webm: 4f35f7cbe854078d1ac9338744f61a02 -> 
  custom:container-muxer-webm: aa71ff27fc2769a1b78a27578f13a17b -> 
  custom:video-decoder-webm-vp8: 9c59270c3fd7afecdb556c50c9e8de78 -> 
  custom:SearchIndexIgnoredProperties: e643bd26f0fe6173181afceb89e7c659 -> 
  custom:AudioImporter_EditorPlatform: d09bf68614088b80899f8185d706f6e7 -> 
  custom:video-encoder-webm-vp8: eb34c28f22e8b96e1ab97ce403110664 -> 
  custom:audio-decoder-ogg-vorbis: bf7c407c2cedff20999df2af8eb42d56 -> 
  custom:audio-encoder-webm-vorbis: bf7c407c2cedff20999df2af8eb42d56 -> 
========================================================================
Received Import Request.
  Time since last request: 67.999763 seconds.
  path: Assets/Art/LowPolyDungeon/Demo Scenes/Player.prefab
  artifactKey: Guid(9dd8a3227dc0aa84099496d08718ad7b) Importer(815301076,1909f56bfc062723c751e8b465ee728b)
Start importing Assets/Art/LowPolyDungeon/Demo Scenes/Player.prefab using Guid(9dd8a3227dc0aa84099496d08718ad7b) Importer(815301076,1909f56bfc062723c751e8b465ee728b)  -> (artifact id: '9de91b64c0491d8cd558529d07e0e731') in 0.050993 seconds
Number of updated asset objects reloaded before import = 0
Number of asset objects unloaded after import = 14
========================================================================
Received Import Request.
  Time since last request: 1.517496 seconds.
  path: Assets/Art/LowPolyDungeon/Demo Scenes/Dungeon_Demo.unity
  artifactKey: Guid(b94ee59f12f411f488e6df197429e012) Importer(815301076,1909f56bfc062723c751e8b465ee728b)
Start importing Assets/Art/LowPolyDungeon/Demo Scenes/Dungeon_Demo.unity using Guid(b94ee59f12f411f488e6df197429e012) Importer(815301076,1909f56bfc062723c751e8b465ee728b)  -> (artifact id: 'd97eec82028c139765f6795f0848cc99') in 0.000376 seconds
Number of updated asset objects reloaded before import = 0
Number of asset objects unloaded after import = 0
========================================================================
Received Prepare
Begin MonoManager ReloadAssembly
Symbol file LoadedFromMemory doesn't match image C:\Users\user\Documents\GitHub\Escape-Room\Library\PackageCache\com.unity.visualscripting@1.8.0\Editor\VisualScripting.Core\Dependencies\YamlDotNet\Unity.VisualScripting.YamlDotNet.dll
Symbol file LoadedFromMemory doesn't match image C:\Users\user\Documents\GitHub\Escape-Room\Library\PackageCache\com.unity.visualscripting@1.8.0\Editor\VisualScripting.Core\Dependencies\DotNetZip\Unity.VisualScripting.IonicZip.dll
- Loaded All Assemblies, in  0.283 seconds
Refreshing native plugins compatible for Editor in 2.81 ms, found 6 plugins.
Native extension for WindowsStandalone target not found
[Package Manager] Server::EnsureServerProcessIsRunning -- launch failed, reason: Unity was launched with the -noUpm command-line argument
[Package Manager] UpmClient::Send -- Unable to send message (not connected to UPM process).
[Package Manager] Cannot connect to Unity Package Manager local server
[Package Manager] Server::EnsureServerProcessIsRunning -- launch failed, reason: Unity was launched with the -noUpm command-line argument
[Package Manager] UpmClient::Send -- Unable to send message (not connected to UPM process).
[Package Manager] Cannot connect to Unity Package Manager local server
System.Reflection.TargetInvocationException: Exception has been thrown by the target of an invocation. ---> System.NullReferenceException: Object reference not set to an instance of an object
  at Unity.XR.Oculus.OculusLoader.AssetPathToAbsolutePath (System.String assetPath) [0x00040] in .\Library\PackageCache\com.unity.xr.oculus@4.0.0\Runtime\OculusLoader.cs:282 
  at Unity.XR.Oculus.OculusLoader.EditorLoadOVRPlugin () [0x0007b] in .\Library\PackageCache\com.unity.xr.oculus@4.0.0\Runtime\OculusLoader.cs:267 
  at (wrapper managed-to-native) System.Reflection.RuntimeMethodInfo.InternalInvoke(System.Reflection.RuntimeMethodInfo,object,object[],System.Exception&)
  at System.Reflection.RuntimeMethodInfo.Invoke (System.Object obj, System.Reflection.BindingFlags invokeAttr, System.Reflection.Binder binder, System.Object[] parameters, System.Globalization.CultureInfo culture) [0x0006a] in <b89873cb176e44a995a4781c7487d410>:0 
   --- End of inner exception stack trace ---
  at System.Reflection.RuntimeMethodInfo.Invoke (System.Object obj, System.Reflection.BindingFlags invokeAttr, System.Reflection.Binder binder, System.Object[] parameters, System.Globalization.CultureInfo culture) [0x00083] in <b89873cb176e44a995a4781c7487d410>:0 
  at System.Reflection.MethodBase.Invoke (System.Object obj, System.Object[] parameters) [0x00000] in <b89873cb176e44a995a4781c7487d410>:0 
  at UnityEditor.EditorAssemblies.ProcessInitializeOnLoadMethodAttributes () [0x000a5] in <97436df440ca462884c5332c1d8ebbe7>:0 
UnityEngine.StackTraceUtility:ExtractStackTrace ()
UnityEngine.DebugLogHandler:LogFormat (UnityEngine.LogType,UnityEngine.Object,string,object[])
UnityEngine.Logger:Log (UnityEngine.LogType,object)
UnityEngine.Debug:LogError (object)
UnityEditor.EditorAssemblies:ProcessInitializeOnLoadMethodAttributes ()

Mono: successfully reloaded assembly
[Package Manager] Server::EnsureServerProcessIsRunning -- launch failed, reason: Unity was launched with the -noUpm command-line argument
[Package Manager] UpmClient::Send -- Unable to send message (not connected to UPM process).
[Package Manager] Cannot connect to Unity Package Manager local server
- Finished resetting the current domain, in  0.578 seconds
Domain Reload Profiling: 859ms
	BeginReloadAssembly (100ms)
		ExecutionOrderSort (0ms)
		DisableScriptedObjects (2ms)
		BackupInstance (0ms)
		ReleaseScriptingObjects (0ms)
		CreateAndSetChildDomain (23ms)
	RebuildCommonClasses (19ms)
	RebuildNativeTypeToScriptingClass (7ms)
	initialDomainReloadingComplete (18ms)
	LoadAllAssembliesAndSetupDomain (137ms)
		LoadAssemblies (164ms)
		RebuildTransferFunctionScriptingTraits (0ms)
		AnalyzeDomain (23ms)
			TypeCache.Refresh (7ms)
				TypeCache.ScanAssembly (0ms)
			ScanForSourceGeneratedMonoScriptInfo (11ms)
			ResolveRequiredComponents (4ms)
	FinalizeReload (578ms)
		ReleaseScriptCaches (0ms)
		RebuildScriptCaches (0ms)
		SetupLoadedEditorAssemblies (277ms)
			LogAssemblyErrors (0ms)
			InitializePlatformSupportModulesInManaged (3ms)
			SetLoadedEditorAssemblies (2ms)
			RefreshPlugins (0ms)
			BeforeProcessingInitializeOnLoad (46ms)
			ProcessInitializeOnLoadAttributes (205ms)
			ProcessInitializeOnLoadMethodAttributes (16ms)
			AfterProcessingInitializeOnLoad (4ms)
			EditorAssembliesLoaded (0ms)
		ExecutionOrderSort2 (0ms)
		AwakeInstancesAfterBackupRestoration (4ms)
Refreshing native plugins compatible for Editor in 3.24 ms, found 6 plugins.
Preloading 1 native plugins for Editor in 0.03 ms.
Unloading 4587 Unused Serialized files (Serialized files now loaded: 0)
Unloading 30 unused Assets / (91.2 KB). Loaded Objects now: 5158.
Memory consumption went from 155.8 MB to 155.7 MB.
Total: 2.115500 ms (FindLiveObjects: 0.204500 ms CreateObjectMapping: 0.073800 ms MarkObjects: 1.758800 ms  DeleteObjects: 0.077800 ms)

Prepare: number of updated asset objects reloaded= 0
AssetImportParameters requested are different than current active one (requested -> active):
  custom:container-demuxer-ogg: 62fdf1f143b41e24485cea50d1cbac27 -> 
  custom:video-codec-MediaFoundation-h265: 746d11721c4dcdbdad8f713fa42b33f4 -> 
  custom:video-decoder-ogg-theora: a1e56fd34408186e4bbccfd4996cb3dc -> 
  custom:framework-win-MediaFoundation: 216162199b28c13a410421893ffa2e32 -> 
  custom:CustomObjectIndexerAttribute: 756ad292c208cfabdd7b50bc23989ffe -> 
  custom:container-demuxer-webm: 4f35f7cbe854078d1ac9338744f61a02 -> 
  custom:container-muxer-webm: aa71ff27fc2769a1b78a27578f13a17b -> 
  custom:video-decoder-webm-vp8: 9c59270c3fd7afecdb556c50c9e8de78 -> 
  custom:SearchIndexIgnoredProperties: e643bd26f0fe6173181afceb89e7c659 -> 
  custom:AudioImporter_EditorPlatform: d09bf68614088b80899f8185d706f6e7 -> 
  custom:video-encoder-webm-vp8: eb34c28f22e8b96e1ab97ce403110664 -> 
  custom:audio-decoder-ogg-vorbis: bf7c407c2cedff20999df2af8eb42d56 -> 
  custom:audio-encoder-webm-vorbis: bf7c407c2cedff20999df2af8eb42d56 -> 
========================================================================
Received Import Request.
  Time since last request: 33.855913 seconds.
  path: Assets/Scenes/Shadow Puzzle.unity
  artifactKey: Guid(e5892b58555db954ba5093edadbf7743) Importer(815301076,1909f56bfc062723c751e8b465ee728b)
Start importing Assets/Scenes/Shadow Puzzle.unity using Guid(e5892b58555db954ba5093edadbf7743) Importer(815301076,1909f56bfc062723c751e8b465ee728b)  -> (artifact id: '649e7f9940e6ac7200a746e201b3b18c') in 0.002259 seconds
Number of updated asset objects reloaded before import = 0
Number of asset objects unloaded after import = 0
========================================================================
Received Import Request.
  Time since last request: 0.415152 seconds.
  path: Assets/Scenes/Submission 2.unity
  artifactKey: Guid(3110d84510e67ee4d997efe6b76771c8) Importer(815301076,1909f56bfc062723c751e8b465ee728b)
Start importing Assets/Scenes/Submission 2.unity using Guid(3110d84510e67ee4d997efe6b76771c8) Importer(815301076,1909f56bfc062723c751e8b465ee728b)  -> (artifact id: 'f9757b28fbbad12ae3d5731443184a69') in 0.000380 seconds
Number of updated asset objects reloaded before import = 0
Number of asset objects unloaded after import = 0
========================================================================
Received Import Request.
  Time since last request: 117.485673 seconds.
  path: Assets/Hand Painted Stone Texture/Material
  artifactKey: Guid(245a5e4b35b823842bf1dbfeb45fb118) Importer(815301076,1909f56bfc062723c751e8b465ee728b)
Start importing Assets/Hand Painted Stone Texture/Material using Guid(245a5e4b35b823842bf1dbfeb45fb118) Importer(815301076,1909f56bfc062723c751e8b465ee728b)  -> (artifact id: 'ceb9fc93ae1e18fcd2537d8608eda691') in 0.000565 seconds
Number of updated asset objects reloaded before import = 0
Number of asset objects unloaded after import = 0
========================================================================
Received Import Request.
  Time since last request: 0.060595 seconds.
  path: Assets/Hand Painted Stone Texture/Material/Stone Floor.mat
  artifactKey: Guid(5f73475cf0cad364b9800b85c2a229fc) Importer(815301076,1909f56bfc062723c751e8b465ee728b)
Start importing Assets/Hand Painted Stone Texture/Material/Stone Floor.mat using Guid(5f73475cf0cad364b9800b85c2a229fc) Importer(815301076,1909f56bfc062723c751e8b465ee728b)  -> (artifact id: 'f58c797f094d1c3aeddded66bac12246') in 0.063200 seconds
Number of updated asset objects reloaded before import = 0
Number of asset objects unloaded after import = 5
========================================================================
Received Import Request.
  Time since last request: 25.206363 seconds.
  path: Assets/Art/LowPolyDungeon/Materials/Clay_Wall.mat
  artifactKey: Guid(5b5864ee942879c4298b45498959048c) Importer(815301076,1909f56bfc062723c751e8b465ee728b)
Start importing Assets/Art/LowPolyDungeon/Materials/Clay_Wall.mat using Guid(5b5864ee942879c4298b45498959048c) Importer(815301076,1909f56bfc062723c751e8b465ee728b)  -> (artifact id: '62dcdbf5d18cb9218fc3868cb59c6a66') in 0.010872 seconds
Number of updated asset objects reloaded before import = 0
Number of asset objects unloaded after import = 2
========================================================================
Received Import Request.
  Time since last request: 0.000013 seconds.
  path: Assets/Art/LowPolyDungeon/Materials/Floor_Muddy.mat
  artifactKey: Guid(2bbbb3d84dce75d4581b151f12702225) Importer(815301076,1909f56bfc062723c751e8b465ee728b)
Start importing Assets/Art/LowPolyDungeon/Materials/Floor_Muddy.mat using Guid(2bbbb3d84dce75d4581b151f12702225) Importer(815301076,1909f56bfc062723c751e8b465ee728b)  -> (artifact id: 'bc71aa0529b891078ecca2b84cdabdc5') in 0.065414 seconds
Number of updated asset objects reloaded before import = 0
Number of asset objects unloaded after import = 2
========================================================================
Received Import Request.
  Time since last request: 0.000013 seconds.
  path: Assets/Art/LowPolyDungeon/Materials/Glass.mat
  artifactKey: Guid(98d71c75f13684d4ab284a351b77b3d3) Importer(815301076,1909f56bfc062723c751e8b465ee728b)
Start importing Assets/Art/LowPolyDungeon/Materials/Glass.mat using Guid(98d71c75f13684d4ab284a351b77b3d3) Importer(815301076,1909f56bfc062723c751e8b465ee728b)  -> (artifact id: '48e36fe7aa5853bcdfea44f39755b5f8') in 0.119245 seconds
Number of updated asset objects reloaded before import = 0
Number of asset objects unloaded after import = 2
========================================================================
Received Import Request.
  Time since last request: 0.481046 seconds.
  path: Assets/Art/LowPolyDungeon/Materials/LPD_Texture.png
  artifactKey: Guid(fbdc28b4a3304bb4185e640c32ffc5c5) Importer(815301076,1909f56bfc062723c751e8b465ee728b)
Start importing Assets/Art/LowPolyDungeon/Materials/LPD_Texture.png using Guid(fbdc28b4a3304bb4185e640c32ffc5c5) Importer(815301076,1909f56bfc062723c751e8b465ee728b)  -> (artifact id: '3ca225d150487a4a8eecb3c9c5ed8511') in 0.013482 seconds
Number of updated asset objects reloaded before import = 0
Number of asset objects unloaded after import = 2
========================================================================
Received Import Request.
  Time since last request: 0.029336 seconds.
  path: Assets/Art/LowPolyDungeon/Materials/Metal_Polished.mat
  artifactKey: Guid(53ce828af18d0eb46b8e8ede9ab92220) Importer(815301076,1909f56bfc062723c751e8b465ee728b)
Start importing Assets/Art/LowPolyDungeon/Materials/Metal_Polished.mat using Guid(53ce828af18d0eb46b8e8ede9ab92220) Importer(815301076,1909f56bfc062723c751e8b465ee728b)  -> (artifact id: 'b2199d5b9741b661757367d21af913f6') in 0.010283 seconds
Number of updated asset objects reloaded before import = 0
Number of asset objects unloaded after import = 2
========================================================================
Received Import Request.
  Time since last request: 0.055531 seconds.
  path: Assets/Art/LowPolyDungeon/Materials/Paper.mat
  artifactKey: Guid(145c0287570245a4b894de54ec840353) Importer(815301076,1909f56bfc062723c751e8b465ee728b)
Start importing Assets/Art/LowPolyDungeon/Materials/Paper.mat using Guid(145c0287570245a4b894de54ec840353) Importer(815301076,1909f56bfc062723c751e8b465ee728b)  -> (artifact id: '7056337efbaaa00ab0f7a9aecdaa1016') in 0.011749 seconds
Number of updated asset objects reloaded before import = 0
Number of asset objects unloaded after import = 2
========================================================================
Received Import Request.
  Time since last request: 0.578864 seconds.
  path: Assets/Art/LowPolyDungeon/Materials/Plants.mat
  artifactKey: Guid(5fabd768dbdf5c941a206f5afecaa38e) Importer(815301076,1909f56bfc062723c751e8b465ee728b)
Start importing Assets/Art/LowPolyDungeon/Materials/Plants.mat using Guid(5fabd768dbdf5c941a206f5afecaa38e) Importer(815301076,1909f56bfc062723c751e8b465ee728b)  -> (artifact id: 'c176b918b89555eea327035134029f61') in 0.016249 seconds
Number of updated asset objects reloaded before import = 0
Number of asset objects unloaded after import = 2
========================================================================
Received Import Request.
  Time since last request: 0.030804 seconds.
  path: Assets/Art/LowPolyDungeon/Materials/Potion.mat
  artifactKey: Guid(d7afee8ecf148b041b622449663d7ef9) Importer(815301076,1909f56bfc062723c751e8b465ee728b)
Start importing Assets/Art/LowPolyDungeon/Materials/Potion.mat using Guid(d7afee8ecf148b041b622449663d7ef9) Importer(815301076,1909f56bfc062723c751e8b465ee728b)  -> (artifact id: 'd0a3b3d668a3e2e57809394055ff85a9') in 0.087875 seconds
Number of updated asset objects reloaded before import = 0
Number of asset objects unloaded after import = 2
========================================================================
Received Import Request.
  Time since last request: 0.215844 seconds.
  path: Assets/Art/LowPolyDungeon/Materials/Water_Muddy.mat
  artifactKey: Guid(a5e122a60536c4e4aa815feffacdfac9) Importer(815301076,1909f56bfc062723c751e8b465ee728b)
Start importing Assets/Art/LowPolyDungeon/Materials/Water_Muddy.mat using Guid(a5e122a60536c4e4aa815feffacdfac9) Importer(815301076,1909f56bfc062723c751e8b465ee728b)  -> (artifact id: '92d226ce7f5f8dd93cc5e6dc6425be45') in 0.010380 seconds
Number of updated asset objects reloaded before import = 0
Number of asset objects unloaded after import = 2
========================================================================
Received Import Request.
  Time since last request: 0.032580 seconds.
  path: Assets/Art/LowPolyDungeon/Materials/Wax_Candle.mat
  artifactKey: Guid(608d5ffbcc8ba6d4da4dcc0224fef9ea) Importer(815301076,1909f56bfc062723c751e8b465ee728b)
Start importing Assets/Art/LowPolyDungeon/Materials/Wax_Candle.mat using Guid(608d5ffbcc8ba6d4da4dcc0224fef9ea) Importer(815301076,1909f56bfc062723c751e8b465ee728b)  -> (artifact id: '0e8113d047b3e7a6da0867a1992d223a') in 0.009037 seconds
Number of updated asset objects reloaded before import = 0
Number of asset objects unloaded after import = 2
========================================================================
Received Import Request.
  Time since last request: 0.019469 seconds.
  path: Assets/Art/LowPolyDungeon/Materials/Wood_Basic.mat
  artifactKey: Guid(2cb987137b739894682ccea9106cd69b) Importer(815301076,1909f56bfc062723c751e8b465ee728b)
Start importing Assets/Art/LowPolyDungeon/Materials/Wood_Basic.mat using Guid(2cb987137b739894682ccea9106cd69b) Importer(815301076,1909f56bfc062723c751e8b465ee728b)  -> (artifact id: '394f74e92602f038839dfa32f325e376') in 0.008485 seconds
Number of updated asset objects reloaded before import = 0
Number of asset objects unloaded after import = 2
========================================================================
Received Import Request.
  Time since last request: 0.019781 seconds.
  path: Assets/Art/LowPolyDungeon/Materials/Wood_Polished.mat
  artifactKey: Guid(f0999b03096512247a557b9bba30ef43) Importer(815301076,1909f56bfc062723c751e8b465ee728b)
Start importing Assets/Art/LowPolyDungeon/Materials/Wood_Polished.mat using Guid(f0999b03096512247a557b9bba30ef43) Importer(815301076,1909f56bfc062723c751e8b465ee728b)  -> (artifact id: 'a4c5acfdf235db705770b1bbe6f05179') in 0.058530 seconds
Number of updated asset objects reloaded before import = 0
Number of asset objects unloaded after import = 2
========================================================================
Received Import Request.
  Time since last request: 4.627915 seconds.
  path: Assets/Art/LowPolyDungeon/Prefabs/Furniture
  artifactKey: Guid(f8259728d0016d047b2343f6c0198882) Importer(815301076,1909f56bfc062723c751e8b465ee728b)
Start importing Assets/Art/LowPolyDungeon/Prefabs/Furniture using Guid(f8259728d0016d047b2343f6c0198882) Importer(815301076,1909f56bfc062723c751e8b465ee728b)  -> (artifact id: 'a00ed34bd94711ef7f197696fc69ac03') in 0.000579 seconds
Number of updated asset objects reloaded before import = 0
Number of asset objects unloaded after import = 0
========================================================================
Received Import Request.
  Time since last request: 0.511023 seconds.
  path: Assets/Art/LowPolyDungeon/Prefabs/Clutter
  artifactKey: Guid(1c6941bad723e984dba9697665c5e1b0) Importer(815301076,1909f56bfc062723c751e8b465ee728b)
Start importing Assets/Art/LowPolyDungeon/Prefabs/Clutter using Guid(1c6941bad723e984dba9697665c5e1b0) Importer(815301076,1909f56bfc062723c751e8b465ee728b)  -> (artifact id: '05b0819c45e5b591760b9ef2006ec87d') in 0.000425 seconds
Number of updated asset objects reloaded before import = 0
Number of asset objects unloaded after import = 0
========================================================================
Received Import Request.
  Time since last request: 0.086308 seconds.
  path: Assets/Art/LowPolyDungeon/Prefabs/Clutter/Amphora.prefab
  artifactKey: Guid(afc3fedc78427f04097996d062288c66) Importer(815301076,1909f56bfc062723c751e8b465ee728b)
Start importing Assets/Art/LowPolyDungeon/Prefabs/Clutter/Amphora.prefab using Guid(afc3fedc78427f04097996d062288c66) Importer(815301076,1909f56bfc062723c751e8b465ee728b)  -> (artifact id: '4a3aa022c684d81c8bd6075b795316c1') in 0.020593 seconds
Number of updated asset objects reloaded before import = 0
Number of asset objects unloaded after import = 10
========================================================================
Received Import Request.
  Time since last request: 0.000158 seconds.
  path: Assets/Art/LowPolyDungeon/Prefabs/Clutter/Beaker_Full_Var1.prefab
  artifactKey: Guid(6e0bde38fc030774cb8444009c09e62c) Importer(815301076,1909f56bfc062723c751e8b465ee728b)
Start importing Assets/Art/LowPolyDungeon/Prefabs/Clutter/Beaker_Full_Var1.prefab using Guid(6e0bde38fc030774cb8444009c09e62c) Importer(815301076,1909f56bfc062723c751e8b465ee728b)  -> (artifact id: 'c6cc5fa1e0997572bea03e4fa5eea20a') in 0.010748 seconds
Number of updated asset objects reloaded before import = 0
Number of asset objects unloaded after import = 11
========================================================================
Received Import Request.
  Time since last request: 0.000011 seconds.
  path: Assets/Art/LowPolyDungeon/Prefabs/Clutter/Beaker_Small.prefab
  artifactKey: Guid(f86dc25794fda774aa908152821e0248) Importer(815301076,1909f56bfc062723c751e8b465ee728b)
Start importing Assets/Art/LowPolyDungeon/Prefabs/Clutter/Beaker_Small.prefab using Guid(f86dc25794fda774aa908152821e0248) Importer(815301076,1909f56bfc062723c751e8b465ee728b)  -> (artifact id: 'ff1c45dafc37be7236b0e20485a376e7') in 0.014217 seconds
Number of updated asset objects reloaded before import = 0
Number of asset objects unloaded after import = 10
========================================================================
Received Import Request.
  Time since last request: 0.416612 seconds.
  path: Assets/Art/LowPolyDungeon/Prefabs/Clutter/Bone.prefab
  artifactKey: Guid(5c58fb2d7ad52444f85fc37bcad1f0a5) Importer(815301076,1909f56bfc062723c751e8b465ee728b)
Start importing Assets/Art/LowPolyDungeon/Prefabs/Clutter/Bone.prefab using Guid(5c58fb2d7ad52444f85fc37bcad1f0a5) Importer(815301076,1909f56bfc062723c751e8b465ee728b)  -> (artifact id: '60ed206b594487b66d5a9f18596b24cd') in 0.008045 seconds
Number of updated asset objects reloaded before import = 0
Number of asset objects unloaded after import = 10
========================================================================
Received Import Request.
  Time since last request: 0.030071 seconds.
  path: Assets/Art/LowPolyDungeon/Prefabs/Clutter/Book_Big_Brown.prefab
  artifactKey: Guid(2569a62b0421feb4fbb320665445719f) Importer(815301076,1909f56bfc062723c751e8b465ee728b)
Start importing Assets/Art/LowPolyDungeon/Prefabs/Clutter/Book_Big_Brown.prefab using Guid(2569a62b0421feb4fbb320665445719f) Importer(815301076,1909f56bfc062723c751e8b465ee728b)  -> (artifact id: 'a54e09a17b189b7a84f6b42d8b5645a7') in 0.011564 seconds
Number of updated asset objects reloaded before import = 0
Number of asset objects unloaded after import = 11
========================================================================
Received Import Request.
  Time since last request: 0.341191 seconds.
  path: Assets/Art/LowPolyDungeon/Prefabs/Clutter/Book_Big_Green.prefab
  artifactKey: Guid(52cfc34cb5ec6b84bb03dc381684a09a) Importer(815301076,1909f56bfc062723c751e8b465ee728b)
Start importing Assets/Art/LowPolyDungeon/Prefabs/Clutter/Book_Big_Green.prefab using Guid(52cfc34cb5ec6b84bb03dc381684a09a) Importer(815301076,1909f56bfc062723c751e8b465ee728b)  -> (artifact id: '10c673f6df585f0a99ddbc4ccf88bd0c') in 0.011329 seconds
Number of updated asset objects reloaded before import = 0
Number of asset objects unloaded after import = 11
========================================================================
Received Import Request.
  Time since last request: 0.019200 seconds.
  path: Assets/Art/LowPolyDungeon/Prefabs/Clutter/Book_Big_Red.prefab
  artifactKey: Guid(9219eeec429c86b459f29c67fd3e5e05) Importer(815301076,1909f56bfc062723c751e8b465ee728b)
Start importing Assets/Art/LowPolyDungeon/Prefabs/Clutter/Book_Big_Red.prefab using Guid(9219eeec429c86b459f29c67fd3e5e05) Importer(815301076,1909f56bfc062723c751e8b465ee728b)  -> (artifact id: '5892afe27c32a87ff3c5a517d6d4b3fd') in 0.013899 seconds
Number of updated asset objects reloaded before import = 0
Number of asset objects unloaded after import = 11
========================================================================
Received Import Request.
  Time since last request: 0.018641 seconds.
  path: Assets/Art/LowPolyDungeon/Prefabs/Clutter/Book_DeepRed.prefab
  artifactKey: Guid(f70ad1fd5f3819b42aaeca6741dfa8c2) Importer(815301076,1909f56bfc062723c751e8b465ee728b)
Start importing Assets/Art/LowPolyDungeon/Prefabs/Clutter/Book_DeepRed.prefab using Guid(f70ad1fd5f3819b42aaeca6741dfa8c2) Importer(815301076,1909f56bfc062723c751e8b465ee728b)  -> (artifact id: 'a5ede334ec3e642821babb07440d5b4d') in 0.008663 seconds
Number of updated asset objects reloaded before import = 0
Number of asset objects unloaded after import = 11
========================================================================
Received Import Request.
  Time since last request: 0.040548 seconds.
  path: Assets/Art/LowPolyDungeon/Prefabs/Clutter/Book_Green.prefab
  artifactKey: Guid(6c83909939429c1478d2869f00f95462) Importer(815301076,1909f56bfc062723c751e8b465ee728b)
Start importing Assets/Art/LowPolyDungeon/Prefabs/Clutter/Book_Green.prefab using Guid(6c83909939429c1478d2869f00f95462) Importer(815301076,1909f56bfc062723c751e8b465ee728b)  -> (artifact id: '6f91e09d1277776edd46227098d2a973') in 0.009956 seconds
Number of updated asset objects reloaded before import = 0
Number of asset objects unloaded after import = 11
========================================================================
Received Import Request.
  Time since last request: 0.280013 seconds.
  path: Assets/Art/LowPolyDungeon/Prefabs/Clutter/Book_Open.prefab
  artifactKey: Guid(6353832c19eb9674b8143b16ab17c820) Importer(815301076,1909f56bfc062723c751e8b465ee728b)
Start importing Assets/Art/LowPolyDungeon/Prefabs/Clutter/Book_Open.prefab using Guid(6353832c19eb9674b8143b16ab17c820) Importer(815301076,1909f56bfc062723c751e8b465ee728b)  -> (artifact id: '0a82ee0e2f537b60c86b003eee6fd421') in 0.009998 seconds
Number of updated asset objects reloaded before import = 0
Number of asset objects unloaded after import = 11
========================================================================
Received Import Request.
  Time since last request: 0.097182 seconds.
  path: Assets/Art/LowPolyDungeon/Prefabs/Clutter/Book_Red.prefab
  artifactKey: Guid(049d090c06dfbaf45959b2022ee91789) Importer(815301076,1909f56bfc062723c751e8b465ee728b)
Start importing Assets/Art/LowPolyDungeon/Prefabs/Clutter/Book_Red.prefab using Guid(049d090c06dfbaf45959b2022ee91789) Importer(815301076,1909f56bfc062723c751e8b465ee728b)  -> (artifact id: '227387871d87afbda73975706eeda582') in 0.011489 seconds
Number of updated asset objects reloaded before import = 0
Number of asset objects unloaded after import = 11
========================================================================
Received Import Request.
  Time since last request: 0.131427 seconds.
  path: Assets/Art/LowPolyDungeon/Prefabs/Clutter/Book_Small_Brown.prefab
  artifactKey: Guid(cd2c04b39e3823a47a81bb93247b2d67) Importer(815301076,1909f56bfc062723c751e8b465ee728b)
Start importing Assets/Art/LowPolyDungeon/Prefabs/Clutter/Book_Small_Brown.prefab using Guid(cd2c04b39e3823a47a81bb93247b2d67) Importer(815301076,1909f56bfc062723c751e8b465ee728b)  -> (artifact id: '0650e50f06080c971b352c775cdba5c3') in 0.008534 seconds
Number of updated asset objects reloaded before import = 0
Number of asset objects unloaded after import = 11
========================================================================
Received Import Request.
  Time since last request: 0.029379 seconds.
  path: Assets/Art/LowPolyDungeon/Prefabs/Clutter/Book_Small_DeepRed.prefab
  artifactKey: Guid(c72dbddba36dfd14c914d8986eb9abd3) Importer(815301076,1909f56bfc062723c751e8b465ee728b)
Start importing Assets/Art/LowPolyDungeon/Prefabs/Clutter/Book_Small_DeepRed.prefab using Guid(c72dbddba36dfd14c914d8986eb9abd3) Importer(815301076,1909f56bfc062723c751e8b465ee728b)  -> (artifact id: '5eef91fa5ae58cd770ffbea41c0e736e') in 0.008818 seconds
Number of updated asset objects reloaded before import = 0
Number of asset objects unloaded after import = 11
========================================================================
Received Import Request.
  Time since last request: 0.295360 seconds.
  path: Assets/Art/LowPolyDungeon/Prefabs/Clutter/Book_Small_Green.prefab
  artifactKey: Guid(cd543225cb67e3649a9ff72bb9a5dbf3) Importer(815301076,1909f56bfc062723c751e8b465ee728b)
Start importing Assets/Art/LowPolyDungeon/Prefabs/Clutter/Book_Small_Green.prefab using Guid(cd543225cb67e3649a9ff72bb9a5dbf3) Importer(815301076,1909f56bfc062723c751e8b465ee728b)  -> (artifact id: '6cfba63de4850418c5c5e7eacec8f1c6') in 0.015061 seconds
Number of updated asset objects reloaded before import = 0
Number of asset objects unloaded after import = 11
========================================================================
Received Import Request.
  Time since last request: 0.002305 seconds.
  path: Assets/Art/LowPolyDungeon/Prefabs/Clutter/Book_Small_Red.prefab
  artifactKey: Guid(d5ab9ab84b099424e99b433567330718) Importer(815301076,1909f56bfc062723c751e8b465ee728b)
Start importing Assets/Art/LowPolyDungeon/Prefabs/Clutter/Book_Small_Red.prefab using Guid(d5ab9ab84b099424e99b433567330718) Importer(815301076,1909f56bfc062723c751e8b465ee728b)  -> (artifact id: 'b3b1d03f7a617b51a198c953d19d47c3') in 0.009095 seconds
Number of updated asset objects reloaded before import = 0
Number of asset objects unloaded after import = 11
========================================================================
Received Import Request.
  Time since last request: 0.032048 seconds.
  path: Assets/Art/LowPolyDungeon/Prefabs/Clutter/Bottle.prefab
  artifactKey: Guid(3afb8732572259f48b225fe84c54f700) Importer(815301076,1909f56bfc062723c751e8b465ee728b)
Start importing Assets/Art/LowPolyDungeon/Prefabs/Clutter/Bottle.prefab using Guid(3afb8732572259f48b225fe84c54f700) Importer(815301076,1909f56bfc062723c751e8b465ee728b)  -> (artifact id: 'a5590ee47697f0dd21e6255057294f79') in 0.009637 seconds
Number of updated asset objects reloaded before import = 0
Number of asset objects unloaded after import = 11
========================================================================
Received Import Request.
  Time since last request: 0.002103 seconds.
  path: Assets/Art/LowPolyDungeon/Prefabs/Clutter/Bowl.prefab
  artifactKey: Guid(3c1e991e5a0b47a44aeb37bfdea11de9) Importer(815301076,1909f56bfc062723c751e8b465ee728b)
Start importing Assets/Art/LowPolyDungeon/Prefabs/Clutter/Bowl.prefab using Guid(3c1e991e5a0b47a44aeb37bfdea11de9) Importer(815301076,1909f56bfc062723c751e8b465ee728b)  -> (artifact id: 'fcb2139f25dc011182c80abec5dd2fe9') in 0.011185 seconds
Number of updated asset objects reloaded before import = 0
Number of asset objects unloaded after import = 10
========================================================================
Received Import Request.
  Time since last request: 0.029770 seconds.
  path: Assets/Art/LowPolyDungeon/Prefabs/Clutter/Bowl_Full.prefab
  artifactKey: Guid(9635f07bd7be9e44b89ea08e54684f8e) Importer(815301076,1909f56bfc062723c751e8b465ee728b)
Start importing Assets/Art/LowPolyDungeon/Prefabs/Clutter/Bowl_Full.prefab using Guid(9635f07bd7be9e44b89ea08e54684f8e) Importer(815301076,1909f56bfc062723c751e8b465ee728b)  -> (artifact id: '4d825b84fad361c30b2831b093900517') in 0.009576 seconds
Number of updated asset objects reloaded before import = 0
Number of asset objects unloaded after import = 11
========================================================================
Received Import Request.
  Time since last request: 0.002121 seconds.
  path: Assets/Art/LowPolyDungeon/Prefabs/Clutter/Bread.prefab
  artifactKey: Guid(4b48cd2d69a24d841b47ccfba166e395) Importer(815301076,1909f56bfc062723c751e8b465ee728b)
Start importing Assets/Art/LowPolyDungeon/Prefabs/Clutter/Bread.prefab using Guid(4b48cd2d69a24d841b47ccfba166e395) Importer(815301076,1909f56bfc062723c751e8b465ee728b)  -> (artifact id: 'b61776af2d530b3b7575de3dba2c0b05') in 0.007840 seconds
Number of updated asset objects reloaded before import = 0
Number of asset objects unloaded after import = 10
========================================================================
Received Import Request.
  Time since last request: 0.227585 seconds.
  path: Assets/Art/LowPolyDungeon/Prefabs/Clutter/Bread_Half.prefab
  artifactKey: Guid(7830ddcb15808fb49b5b2dd355812f1f) Importer(815301076,1909f56bfc062723c751e8b465ee728b)
Start importing Assets/Art/LowPolyDungeon/Prefabs/Clutter/Bread_Half.prefab using Guid(7830ddcb15808fb49b5b2dd355812f1f) Importer(815301076,1909f56bfc062723c751e8b465ee728b)  -> (artifact id: 'aed535205a7b335cbda34d24b3fcf1eb') in 0.013246 seconds
Number of updated asset objects reloaded before import = 0
Number of asset objects unloaded after import = 10
========================================================================
Received Import Request.
  Time since last request: 0.000180 seconds.
  path: Assets/Art/LowPolyDungeon/Prefabs/Clutter/Bucket.prefab
  artifactKey: Guid(6eee7306fe377634f9645a176df43265) Importer(815301076,1909f56bfc062723c751e8b465ee728b)
Start importing Assets/Art/LowPolyDungeon/Prefabs/Clutter/Bucket.prefab using Guid(6eee7306fe377634f9645a176df43265) Importer(815301076,1909f56bfc062723c751e8b465ee728b)  -> (artifact id: '9fdb5c4d7e7f4b98e0438cc728cadcd5') in 0.008792 seconds
Number of updated asset objects reloaded before import = 0
Number of asset objects unloaded after import = 11
========================================================================
Received Import Request.
  Time since last request: 0.032251 seconds.
  path: Assets/Art/LowPolyDungeon/Prefabs/Clutter/Carrot.prefab
  artifactKey: Guid(50122eae508ed204a84b2c81f0b4282b) Importer(815301076,1909f56bfc062723c751e8b465ee728b)
Start importing Assets/Art/LowPolyDungeon/Prefabs/Clutter/Carrot.prefab using Guid(50122eae508ed204a84b2c81f0b4282b) Importer(815301076,1909f56bfc062723c751e8b465ee728b)  -> (artifact id: '27347914ec7b44efba8c71edb6bf21fc') in 0.008451 seconds
Number of updated asset objects reloaded before import = 0
Number of asset objects unloaded after import = 10
========================================================================
Received Import Request.
  Time since last request: 0.032355 seconds.
  path: Assets/Art/LowPolyDungeon/Prefabs/Clutter/Cauldron_Empty.prefab
  artifactKey: Guid(9ebd52a346641ab469fe9220a7c27ff8) Importer(815301076,1909f56bfc062723c751e8b465ee728b)
Start importing Assets/Art/LowPolyDungeon/Prefabs/Clutter/Cauldron_Empty.prefab using Guid(9ebd52a346641ab469fe9220a7c27ff8) Importer(815301076,1909f56bfc062723c751e8b465ee728b)  -> (artifact id: 'dec9cdc005f0d344c27eb1fb3d449420') in 0.012545 seconds
Number of updated asset objects reloaded before import = 0
Number of asset objects unloaded after import = 11
========================================================================
Received Import Request.
  Time since last request: 0.253806 seconds.
  path: Assets/Art/LowPolyDungeon/Prefabs/Clutter/Cauldron_Full.prefab
  artifactKey: Guid(d6ade90f396755c42b43f8006323ec2c) Importer(815301076,1909f56bfc062723c751e8b465ee728b)
Start importing Assets/Art/LowPolyDungeon/Prefabs/Clutter/Cauldron_Full.prefab using Guid(d6ade90f396755c42b43f8006323ec2c) Importer(815301076,1909f56bfc062723c751e8b465ee728b)  -> (artifact id: '27ff172543f8c29c4525336695c51032') in 0.021686 seconds
Number of updated asset objects reloaded before import = 0
Number of asset objects unloaded after import = 12
========================================================================
Received Import Request.
  Time since last request: 0.016378 seconds.
  path: Assets/Art/LowPolyDungeon/Prefabs/Clutter/Cauldron_Small.prefab
  artifactKey: Guid(429d9f80ea6c7c1499a60be9a65c2613) Importer(815301076,1909f56bfc062723c751e8b465ee728b)
Start importing Assets/Art/LowPolyDungeon/Prefabs/Clutter/Cauldron_Small.prefab using Guid(429d9f80ea6c7c1499a60be9a65c2613) Importer(815301076,1909f56bfc062723c751e8b465ee728b)  -> (artifact id: '2abb61d514ee3bfcbca35ad693b9bef5') in 0.008167 seconds
Number of updated asset objects reloaded before import = 0
Number of asset objects unloaded after import = 10
========================================================================
Received Import Request.
  Time since last request: 0.016046 seconds.
  path: Assets/Art/LowPolyDungeon/Prefabs/Clutter/Cauldron_Small_Stand.prefab
  artifactKey: Guid(0d858551c205152499f976761ecef4fb) Importer(815301076,1909f56bfc062723c751e8b465ee728b)
Start importing Assets/Art/LowPolyDungeon/Prefabs/Clutter/Cauldron_Small_Stand.prefab using Guid(0d858551c205152499f976761ecef4fb) Importer(815301076,1909f56bfc062723c751e8b465ee728b)  -> (artifact id: '377ae5d511df79ab6da7d02389996c48') in 0.008277 seconds
Number of updated asset objects reloaded before import = 0
Number of asset objects unloaded after import = 10
========================================================================
Received Import Request.
  Time since last request: 0.003348 seconds.
  path: Assets/Art/LowPolyDungeon/Prefabs/Clutter/CrystalBall.prefab
  artifactKey: Guid(7234c83608121694ebb0c6175d854ed0) Importer(815301076,1909f56bfc062723c751e8b465ee728b)
Start importing Assets/Art/LowPolyDungeon/Prefabs/Clutter/CrystalBall.prefab using Guid(7234c83608121694ebb0c6175d854ed0) Importer(815301076,1909f56bfc062723c751e8b465ee728b)  -> (artifact id: '6399d35bda99135d9a3ffdbdf6fdede0') in 0.008008 seconds
Number of updated asset objects reloaded before import = 0
Number of asset objects unloaded after import = 10
========================================================================
Received Import Request.
  Time since last request: 0.045635 seconds.
  path: Assets/Art/LowPolyDungeon/Prefabs/Clutter/CrystalBall_Stand.prefab
  artifactKey: Guid(ab52575a7bb2b244a9dd104afe101920) Importer(815301076,1909f56bfc062723c751e8b465ee728b)
Start importing Assets/Art/LowPolyDungeon/Prefabs/Clutter/CrystalBall_Stand.prefab using Guid(ab52575a7bb2b244a9dd104afe101920) Importer(815301076,1909f56bfc062723c751e8b465ee728b)  -> (artifact id: '323a0789f14411f76585f14438d46e7d') in 0.008216 seconds
Number of updated asset objects reloaded before import = 0
Number of asset objects unloaded after import = 10
========================================================================
Received Import Request.
  Time since last request: 0.258738 seconds.
  path: Assets/Art/LowPolyDungeon/Prefabs/Clutter/Drinkinghorn.prefab
  artifactKey: Guid(fa010434c7d21fe49900567be9f32b92) Importer(815301076,1909f56bfc062723c751e8b465ee728b)
Start importing Assets/Art/LowPolyDungeon/Prefabs/Clutter/Drinkinghorn.prefab using Guid(fa010434c7d21fe49900567be9f32b92) Importer(815301076,1909f56bfc062723c751e8b465ee728b)  -> (artifact id: '32d7c5cac8efbba6c734ddfb14ce8549') in 0.010396 seconds
Number of updated asset objects reloaded before import = 0
Number of asset objects unloaded after import = 10
========================================================================
Received Import Request.
  Time since last request: 0.019435 seconds.
  path: Assets/Art/LowPolyDungeon/Prefabs/Clutter/Firewood.prefab
  artifactKey: Guid(3749b76f43b6f214f8b7c9f88c6ba504) Importer(815301076,1909f56bfc062723c751e8b465ee728b)
Start importing Assets/Art/LowPolyDungeon/Prefabs/Clutter/Firewood.prefab using Guid(3749b76f43b6f214f8b7c9f88c6ba504) Importer(815301076,1909f56bfc062723c751e8b465ee728b)  -> (artifact id: 'ea90a2db5305eb6484bc1358cffd03ac') in 0.008304 seconds
Number of updated asset objects reloaded before import = 0
Number of asset objects unloaded after import = 10
========================================================================
Received Import Request.
  Time since last request: 0.259849 seconds.
  path: Assets/Art/LowPolyDungeon/Prefabs/Clutter/FirewoodStack.prefab
  artifactKey: Guid(e41d746696116cc41881f2c82c8aa7c4) Importer(815301076,1909f56bfc062723c751e8b465ee728b)
Start importing Assets/Art/LowPolyDungeon/Prefabs/Clutter/FirewoodStack.prefab using Guid(e41d746696116cc41881f2c82c8aa7c4) Importer(815301076,1909f56bfc062723c751e8b465ee728b)  -> (artifact id: 'a4f3a122eb34ab5827a5a3946ac0b388') in 0.019888 seconds
Number of updated asset objects reloaded before import = 0
Number of asset objects unloaded after import = 10
========================================================================
Received Import Request.
  Time since last request: 0.030957 seconds.
  path: Assets/Art/LowPolyDungeon/Prefabs/Clutter/Flask.prefab
  artifactKey: Guid(36e40447bab70064ea6c6858147b7c57) Importer(815301076,1909f56bfc062723c751e8b465ee728b)
Start importing Assets/Art/LowPolyDungeon/Prefabs/Clutter/Flask.prefab using Guid(36e40447bab70064ea6c6858147b7c57) Importer(815301076,1909f56bfc062723c751e8b465ee728b)  -> (artifact id: 'a06af2fa78e62cf761de5f47cb17a0ce') in 0.015931 seconds
Number of updated asset objects reloaded before import = 0
Number of asset objects unloaded after import = 10
========================================================================
Received Import Request.
  Time since last request: 0.515243 seconds.
  path: Assets/Art/LowPolyDungeon/Prefabs/Clutter/Fork.prefab
  artifactKey: Guid(85ce586e84eb148469341f160fb9c1ec) Importer(815301076,1909f56bfc062723c751e8b465ee728b)
Start importing Assets/Art/LowPolyDungeon/Prefabs/Clutter/Fork.prefab using Guid(85ce586e84eb148469341f160fb9c1ec) Importer(815301076,1909f56bfc062723c751e8b465ee728b)  -> (artifact id: '737bb4aa19ac044ff157d71b793255e6') in 0.009618 seconds
Number of updated asset objects reloaded before import = 0
Number of asset objects unloaded after import = 12
========================================================================
Received Import Request.
  Time since last request: 0.020000 seconds.
  path: Assets/Art/LowPolyDungeon/Prefabs/Clutter/Goblet.prefab
  artifactKey: Guid(067b8662dc709ba4da3ef3fd87604af9) Importer(815301076,1909f56bfc062723c751e8b465ee728b)
Start importing Assets/Art/LowPolyDungeon/Prefabs/Clutter/Goblet.prefab using Guid(067b8662dc709ba4da3ef3fd87604af9) Importer(815301076,1909f56bfc062723c751e8b465ee728b)  -> (artifact id: '431dc8c69e34e0f4be2bba3021771752') in 0.008603 seconds
Number of updated asset objects reloaded before import = 0
Number of asset objects unloaded after import = 10
========================================================================
Received Import Request.
  Time since last request: 0.019470 seconds.
  path: Assets/Art/LowPolyDungeon/Prefabs/Clutter/Inkwell.prefab
  artifactKey: Guid(b402bc0133532434b873cefde0db7814) Importer(815301076,1909f56bfc062723c751e8b465ee728b)
Start importing Assets/Art/LowPolyDungeon/Prefabs/Clutter/Inkwell.prefab using Guid(b402bc0133532434b873cefde0db7814) Importer(815301076,1909f56bfc062723c751e8b465ee728b)  -> (artifact id: '186a64d1ea830f55f59e7b4ba97e190d') in 0.009258 seconds
Number of updated asset objects reloaded before import = 0
Number of asset objects unloaded after import = 10
========================================================================
Received Import Request.
  Time since last request: 0.031753 seconds.
  path: Assets/Art/LowPolyDungeon/Prefabs/Clutter/Ivy_Branch.prefab
  artifactKey: Guid(c5bbeb82695369241958e411b793cd47) Importer(815301076,1909f56bfc062723c751e8b465ee728b)
Start importing Assets/Art/LowPolyDungeon/Prefabs/Clutter/Ivy_Branch.prefab using Guid(c5bbeb82695369241958e411b793cd47) Importer(815301076,1909f56bfc062723c751e8b465ee728b)  -> (artifact id: '16aba51d96c01d209ca4765e7af47cb6') in 0.011712 seconds
Number of updated asset objects reloaded before import = 0
Number of asset objects unloaded after import = 10
========================================================================
Received Import Request.
  Time since last request: 0.375628 seconds.
  path: Assets/Art/LowPolyDungeon/Prefabs/Clutter/Ivy_Leaf.prefab
  artifactKey: Guid(464587446a6b1ac4f8c64864139e9f85) Importer(815301076,1909f56bfc062723c751e8b465ee728b)
Start importing Assets/Art/LowPolyDungeon/Prefabs/Clutter/Ivy_Leaf.prefab using Guid(464587446a6b1ac4f8c64864139e9f85) Importer(815301076,1909f56bfc062723c751e8b465ee728b)  -> (artifact id: 'be21d57be29d9d9f340d789c3b763d37') in 0.013602 seconds
Number of updated asset objects reloaded before import = 0
Number of asset objects unloaded after import = 10
========================================================================
Received Import Request.
  Time since last request: 0.003687 seconds.
  path: Assets/Art/LowPolyDungeon/Prefabs/Clutter/Jar_Big.prefab
  artifactKey: Guid(741afadbc8ee8d6498f2ac5ed155cefb) Importer(815301076,1909f56bfc062723c751e8b465ee728b)
Start importing Assets/Art/LowPolyDungeon/Prefabs/Clutter/Jar_Big.prefab using Guid(741afadbc8ee8d6498f2ac5ed155cefb) Importer(815301076,1909f56bfc062723c751e8b465ee728b)  -> (artifact id: '022d925ff02a1cdb8ccceb230fce5372') in 0.009130 seconds
Number of updated asset objects reloaded before import = 0
Number of asset objects unloaded after import = 13
========================================================================
Received Import Request.
  Time since last request: 0.044209 seconds.
  path: Assets/Art/LowPolyDungeon/Prefabs/Clutter/Jar_Empty.prefab
  artifactKey: Guid(4e50b9f00a96eb744a04921c3be28bbd) Importer(815301076,1909f56bfc062723c751e8b465ee728b)
Start importing Assets/Art/LowPolyDungeon/Prefabs/Clutter/Jar_Empty.prefab using Guid(4e50b9f00a96eb744a04921c3be28bbd) Importer(815301076,1909f56bfc062723c751e8b465ee728b)  -> (artifact id: 'e93ded60e19f4ffed73b493b761b564e') in 0.014356 seconds
Number of updated asset objects reloaded before import = 0
Number of asset objects unloaded after import = 11
========================================================================
Received Import Request.
  Time since last request: 0.404867 seconds.
  path: Assets/Art/LowPolyDungeon/Prefabs/Clutter/Jar_Full.prefab
  artifactKey: Guid(8b6836c79d4a1cc40bb604b92317b2b0) Importer(815301076,1909f56bfc062723c751e8b465ee728b)
Start importing Assets/Art/LowPolyDungeon/Prefabs/Clutter/Jar_Full.prefab using Guid(8b6836c79d4a1cc40bb604b92317b2b0) Importer(815301076,1909f56bfc062723c751e8b465ee728b)  -> (artifact id: '2c32576a1eef4da1b170013fc203c72b') in 0.010471 seconds
Number of updated asset objects reloaded before import = 0
Number of asset objects unloaded after import = 11
========================================================================
Received Import Request.
  Time since last request: 0.059050 seconds.
  path: Assets/Art/LowPolyDungeon/Prefabs/Clutter/Jug.prefab
  artifactKey: Guid(f3fb1271ede9bf8469d8b99637b77b42) Importer(815301076,1909f56bfc062723c751e8b465ee728b)
Start importing Assets/Art/LowPolyDungeon/Prefabs/Clutter/Jug.prefab using Guid(f3fb1271ede9bf8469d8b99637b77b42) Importer(815301076,1909f56bfc062723c751e8b465ee728b)  -> (artifact id: 'cb923a2eb568338321da7127b9bd6a9a') in 0.018530 seconds
Number of updated asset objects reloaded before import = 0
Number of asset objects unloaded after import = 10
========================================================================
Received Import Request.
  Time since last request: 0.032111 seconds.
  path: Assets/Art/LowPolyDungeon/Prefabs/Clutter/Key_Golden.prefab
  artifactKey: Guid(6b07ab31d47036645833e234477aa56f) Importer(815301076,1909f56bfc062723c751e8b465ee728b)
Start importing Assets/Art/LowPolyDungeon/Prefabs/Clutter/Key_Golden.prefab using Guid(6b07ab31d47036645833e234477aa56f) Importer(815301076,1909f56bfc062723c751e8b465ee728b)  -> (artifact id: '11b376c9bc9d026f0103a1a115da6357') in 0.008583 seconds
Number of updated asset objects reloaded before import = 0
Number of asset objects unloaded after import = 10
========================================================================
Received Import Request.
  Time since last request: 0.032463 seconds.
  path: Assets/Art/LowPolyDungeon/Prefabs/Clutter/Key_Rusty.prefab
  artifactKey: Guid(1a4ce7ed7389af14cbc47a4b3ba8a164) Importer(815301076,1909f56bfc062723c751e8b465ee728b)
Start importing Assets/Art/LowPolyDungeon/Prefabs/Clutter/Key_Rusty.prefab using Guid(1a4ce7ed7389af14cbc47a4b3ba8a164) Importer(815301076,1909f56bfc062723c751e8b465ee728b)  -> (artifact id: '7e3b54bb1322942ba0ed5eb027f010ee') in 0.008877 seconds
Number of updated asset objects reloaded before import = 0
Number of asset objects unloaded after import = 10
========================================================================
Received Import Request.
  Time since last request: 0.317217 seconds.
  path: Assets/Art/LowPolyDungeon/Prefabs/Clutter/Key_Silver.prefab
  artifactKey: Guid(fbac80f280a03844bbdc56acff09ba24) Importer(815301076,1909f56bfc062723c751e8b465ee728b)
Start importing Assets/Art/LowPolyDungeon/Prefabs/Clutter/Key_Silver.prefab using Guid(fbac80f280a03844bbdc56acff09ba24) Importer(815301076,1909f56bfc062723c751e8b465ee728b)  -> (artifact id: '010cb6442483c0205687403a8a7cf122') in 0.009510 seconds
Number of updated asset objects reloaded before import = 0
Number of asset objects unloaded after import = 10
========================================================================
Received Import Request.
  Time since last request: 0.020520 seconds.
  path: Assets/Art/LowPolyDungeon/Prefabs/Clutter/Knife.prefab
  artifactKey: Guid(09853b7f062375a438e1fcc026b8e7ba) Importer(815301076,1909f56bfc062723c751e8b465ee728b)
Start importing Assets/Art/LowPolyDungeon/Prefabs/Clutter/Knife.prefab using Guid(09853b7f062375a438e1fcc026b8e7ba) Importer(815301076,1909f56bfc062723c751e8b465ee728b)  -> (artifact id: '2d1b7f44442b920cc68340cada7a63ae') in 0.008879 seconds
Number of updated asset objects reloaded before import = 0
Number of asset objects unloaded after import = 12
========================================================================
Received Import Request.
  Time since last request: 0.019384 seconds.
  path: Assets/Art/LowPolyDungeon/Prefabs/Clutter/Lock.prefab
  artifactKey: Guid(f101a2b4504c3d04a95511ba8b3543e3) Importer(815301076,1909f56bfc062723c751e8b465ee728b)
Start importing Assets/Art/LowPolyDungeon/Prefabs/Clutter/Lock.prefab using Guid(f101a2b4504c3d04a95511ba8b3543e3) Importer(815301076,1909f56bfc062723c751e8b465ee728b)  -> (artifact id: '23ef1ed31877daa4e7e065c1d23abfc0') in 0.010645 seconds
Number of updated asset objects reloaded before import = 0
Number of asset objects unloaded after import = 10
========================================================================
Received Import Request.
  Time since last request: 0.001016 seconds.
  path: Assets/Art/LowPolyDungeon/Prefabs/Clutter/Meat.prefab
  artifactKey: Guid(112215925bb5334408b09b15b0f2d939) Importer(815301076,1909f56bfc062723c751e8b465ee728b)
Start importing Assets/Art/LowPolyDungeon/Prefabs/Clutter/Meat.prefab using Guid(112215925bb5334408b09b15b0f2d939) Importer(815301076,1909f56bfc062723c751e8b465ee728b)  -> (artifact id: '5f92907a8ee1ed58523ba08c66d2c71c') in 0.007466 seconds
Number of updated asset objects reloaded before import = 0
Number of asset objects unloaded after import = 10
========================================================================
Received Import Request.
  Time since last request: 0.490332 seconds.
  path: Assets/Art/LowPolyDungeon/Prefabs/Clutter/Mug.prefab
  artifactKey: Guid(c8f06426297d70b49a679bc058775930) Importer(815301076,1909f56bfc062723c751e8b465ee728b)
Start importing Assets/Art/LowPolyDungeon/Prefabs/Clutter/Mug.prefab using Guid(c8f06426297d70b49a679bc058775930) Importer(815301076,1909f56bfc062723c751e8b465ee728b)  -> (artifact id: 'f5769ef298254bb31825e4b38608df6d') in 0.009808 seconds
Number of updated asset objects reloaded before import = 0
Number of asset objects unloaded after import = 10
========================================================================
Received Import Request.
  Time since last request: 0.032323 seconds.
  path: Assets/Art/LowPolyDungeon/Prefabs/Clutter/Plant_Root.prefab
  artifactKey: Guid(dd46835ba98bdda46807dfc0f3f9c889) Importer(815301076,1909f56bfc062723c751e8b465ee728b)
Start importing Assets/Art/LowPolyDungeon/Prefabs/Clutter/Plant_Root.prefab using Guid(dd46835ba98bdda46807dfc0f3f9c889) Importer(815301076,1909f56bfc062723c751e8b465ee728b)  -> (artifact id: 'd9db72485c077208292e2dcfea6565b6') in 0.012974 seconds
Number of updated asset objects reloaded before import = 0
Number of asset objects unloaded after import = 10
========================================================================
Received Import Request.
  Time since last request: 0.031821 seconds.
  path: Assets/Art/LowPolyDungeon/Prefabs/Clutter/Plate_Small.prefab
  artifactKey: Guid(c4546ca0c38ce86408e330622320960c) Importer(815301076,1909f56bfc062723c751e8b465ee728b)
Start importing Assets/Art/LowPolyDungeon/Prefabs/Clutter/Plate_Small.prefab using Guid(c4546ca0c38ce86408e330622320960c) Importer(815301076,1909f56bfc062723c751e8b465ee728b)  -> (artifact id: '83cd1c8eeb7c43ccbfb1da74735ca7aa') in 0.008358 seconds
Number of updated asset objects reloaded before import = 0
Number of asset objects unloaded after import = 10
========================================================================
Received Import Request.
  Time since last request: 0.495437 seconds.
  path: Assets/Art/LowPolyDungeon/Prefabs/Clutter/Potato.prefab
  artifactKey: Guid(fbd964f5dc556d64daede200dc2e89d0) Importer(815301076,1909f56bfc062723c751e8b465ee728b)
Start importing Assets/Art/LowPolyDungeon/Prefabs/Clutter/Potato.prefab using Guid(fbd964f5dc556d64daede200dc2e89d0) Importer(815301076,1909f56bfc062723c751e8b465ee728b)  -> (artifact id: 'b900b5db9aea62224b7a730ee733b7b2') in 0.011374 seconds
Number of updated asset objects reloaded before import = 0
Number of asset objects unloaded after import = 10
========================================================================
Received Import Request.
  Time since last request: 0.030991 seconds.
  path: Assets/Art/LowPolyDungeon/Prefabs/Clutter/Potion_Blue.prefab
  artifactKey: Guid(dfa07040f3b61f648bc8ad1291f6cbdb) Importer(815301076,1909f56bfc062723c751e8b465ee728b)
Start importing Assets/Art/LowPolyDungeon/Prefabs/Clutter/Potion_Blue.prefab using Guid(dfa07040f3b61f648bc8ad1291f6cbdb) Importer(815301076,1909f56bfc062723c751e8b465ee728b)  -> (artifact id: 'bd6a798b6a22ed3bc9b38031f6d11ad5') in 0.010492 seconds
Number of updated asset objects reloaded before import = 0
Number of asset objects unloaded after import = 11
========================================================================
Received Import Request.
  Time since last request: 0.042897 seconds.
  path: Assets/Art/LowPolyDungeon/Prefabs/Clutter/Potion_Red.prefab
  artifactKey: Guid(a84a636a35a83fe408bd4b3d8c2b8058) Importer(815301076,1909f56bfc062723c751e8b465ee728b)
Start importing Assets/Art/LowPolyDungeon/Prefabs/Clutter/Potion_Red.prefab using Guid(a84a636a35a83fe408bd4b3d8c2b8058) Importer(815301076,1909f56bfc062723c751e8b465ee728b)  -> (artifact id: 'a58b98c62285d89d4e50d447985a48fd') in 0.008407 seconds
Number of updated asset objects reloaded before import = 0
Number of asset objects unloaded after import = 11
========================================================================
Received Import Request.
  Time since last request: 0.020145 seconds.
  path: Assets/Art/LowPolyDungeon/Prefabs/Clutter/Quill.prefab
  artifactKey: Guid(01b18908cb794a34a8fc133e9f4ec355) Importer(815301076,1909f56bfc062723c751e8b465ee728b)
Start importing Assets/Art/LowPolyDungeon/Prefabs/Clutter/Quill.prefab using Guid(01b18908cb794a34a8fc133e9f4ec355) Importer(815301076,1909f56bfc062723c751e8b465ee728b)  -> (artifact id: '09d7326ad1c9cb350af0df218527ef64') in 0.007853 seconds
Number of updated asset objects reloaded before import = 0
Number of asset objects unloaded after import = 10
========================================================================
Received Import Request.
  Time since last request: 3.038625 seconds.
  path: Assets/Art/LowPolyDungeon/Models/Furniture/Fireplace.fbx
  artifactKey: Guid(6ed8baf2e73423e46aa82a481016b6b3) Importer(815301076,1909f56bfc062723c751e8b465ee728b)
Start importing Assets/Art/LowPolyDungeon/Models/Furniture/Fireplace.fbx using Guid(6ed8baf2e73423e46aa82a481016b6b3) Importer(815301076,1909f56bfc062723c751e8b465ee728b)  -> (artifact id: 'ea0fd8863d335beb401abe63b78dcd10') in 0.025116 seconds
Number of updated asset objects reloaded before import = 0
Number of asset objects unloaded after import = 12
========================================================================
Received Import Request.
  Time since last request: 8.584812 seconds.
  path: Assets/Art/LowPolyDungeon/Prefabs/Tiles/Dungeon_Hall_Center_Stairs.prefab
  artifactKey: Guid(f4372e02dd0e54440977f29b6a4c317b) Importer(815301076,1909f56bfc062723c751e8b465ee728b)
Start importing Assets/Art/LowPolyDungeon/Prefabs/Tiles/Dungeon_Hall_Center_Stairs.prefab using Guid(f4372e02dd0e54440977f29b6a4c317b) Importer(815301076,1909f56bfc062723c751e8b465ee728b)  -> (artifact id: '0020b489fc99224e80bac555197c6ea8') in 0.013389 seconds
Number of updated asset objects reloaded before import = 0
Number of asset objects unloaded after import = 12
========================================================================
Received Import Request.
  Time since last request: 0.000011 seconds.
  path: Assets/Art/LowPolyDungeon/Prefabs/Tiles/Dungeon_Hall_Wall_Stairs_Left.prefab
  artifactKey: Guid(4896ba4e24abe11438ab4b34a382af54) Importer(815301076,1909f56bfc062723c751e8b465ee728b)
Start importing Assets/Art/LowPolyDungeon/Prefabs/Tiles/Dungeon_Hall_Wall_Stairs_Left.prefab using Guid(4896ba4e24abe11438ab4b34a382af54) Importer(815301076,1909f56bfc062723c751e8b465ee728b)  -> (artifact id: '43b68076f59933815911d9d2e9525f19') in 0.009941 seconds
Number of updated asset objects reloaded before import = 0
Number of asset objects unloaded after import = 12
========================================================================
Received Import Request.
  Time since last request: 0.572589 seconds.
  path: Assets/Art/LowPolyDungeon/Models/Tiles/Dungeon_Hall_Wall_Stairs_Left.fbx
  artifactKey: Guid(483313b13cd06ee48a860df95d60e72e) Importer(815301076,1909f56bfc062723c751e8b465ee728b)
Start importing Assets/Art/LowPolyDungeon/Models/Tiles/Dungeon_Hall_Wall_Stairs_Left.fbx using Guid(483313b13cd06ee48a860df95d60e72e) Importer(815301076,1909f56bfc062723c751e8b465ee728b)  -> (artifact id: 'b770da9ba7226f8f3fb486a7f793e763') in 0.015518 seconds
Number of updated asset objects reloaded before import = 0
Number of asset objects unloaded after import = 11
========================================================================
Received Import Request.
  Time since last request: 0.030834 seconds.
  path: Assets/Art/LowPolyDungeon/Colliders/Tiles/Dungeon_Hall_Wall_Stairs_Left_col.fbx
  artifactKey: Guid(d0b89d21f3483fe47a1e1065c5bfae48) Importer(815301076,1909f56bfc062723c751e8b465ee728b)
Start importing Assets/Art/LowPolyDungeon/Colliders/Tiles/Dungeon_Hall_Wall_Stairs_Left_col.fbx using Guid(d0b89d21f3483fe47a1e1065c5bfae48) Importer(815301076,1909f56bfc062723c751e8b465ee728b)  -> (artifact id: 'ec146933c49baffb14844f985d960c4b') in 0.010408 seconds
Number of updated asset objects reloaded before import = 0
Number of asset objects unloaded after import = 7
========================================================================
Received Import Request.
  Time since last request: 0.267500 seconds.
  path: Assets/Art/LowPolyDungeon/Prefabs/Tiles/Dungeon_Hall_Wall_Stairs_Right.prefab
  artifactKey: Guid(ed465ab6eaa568d4fa325d2c4ebf6436) Importer(815301076,1909f56bfc062723c751e8b465ee728b)
Start importing Assets/Art/LowPolyDungeon/Prefabs/Tiles/Dungeon_Hall_Wall_Stairs_Right.prefab using Guid(ed465ab6eaa568d4fa325d2c4ebf6436) Importer(815301076,1909f56bfc062723c751e8b465ee728b)  -> (artifact id: '970a5c0ba38e09cfa3a8f7f5f7fbd020') in 0.013753 seconds
Number of updated asset objects reloaded before import = 0
Number of asset objects unloaded after import = 12
========================================================================
Received Import Request.
  Time since last request: 0.030912 seconds.
  path: Assets/Art/LowPolyDungeon/Models/Tiles/Dungeon_Hall_Wall_Stairs_Right.fbx
  artifactKey: Guid(7c2f4c5b4c477554c834c3e41cfa4cbb) Importer(815301076,1909f56bfc062723c751e8b465ee728b)
Start importing Assets/Art/LowPolyDungeon/Models/Tiles/Dungeon_Hall_Wall_Stairs_Right.fbx using Guid(7c2f4c5b4c477554c834c3e41cfa4cbb) Importer(815301076,1909f56bfc062723c751e8b465ee728b)  -> (artifact id: 'fb6fe6cc4e7e1722dbc7d0888acc7c9d') in 0.011081 seconds
Number of updated asset objects reloaded before import = 0
Number of asset objects unloaded after import = 11
========================================================================
Received Import Request.
  Time since last request: 0.222830 seconds.
  path: Assets/Art/LowPolyDungeon/Colliders/Tiles/Dungeon_Hall_Wall_Stairs_Right_col.fbx
  artifactKey: Guid(bfc125062dd4b9f45a777c24abbdb02b) Importer(815301076,1909f56bfc062723c751e8b465ee728b)
Start importing Assets/Art/LowPolyDungeon/Colliders/Tiles/Dungeon_Hall_Wall_Stairs_Right_col.fbx using Guid(bfc125062dd4b9f45a777c24abbdb02b) Importer(815301076,1909f56bfc062723c751e8b465ee728b)  -> (artifact id: 'fb2ea563facbe810501f5f9d169e7726') in 0.014740 seconds
Number of updated asset objects reloaded before import = 0
Number of asset objects unloaded after import = 7
========================================================================
Received Import Request.
  Time since last request: 0.031716 seconds.
  path: Assets/Art/LowPolyDungeon/Models/Tiles/Stairs_High.fbx
  artifactKey: Guid(bfcfcf03589499346b24e110b74a3822) Importer(815301076,1909f56bfc062723c751e8b465ee728b)
Start importing Assets/Art/LowPolyDungeon/Models/Tiles/Stairs_High.fbx using Guid(bfcfcf03589499346b24e110b74a3822) Importer(815301076,1909f56bfc062723c751e8b465ee728b)  -> (artifact id: '3d14e2ce7b6286390d65425e2ea48225') in 0.012486 seconds
Number of updated asset objects reloaded before import = 0
Number of asset objects unloaded after import = 11
========================================================================
Received Import Request.
  Time since last request: 0.214403 seconds.
  path: Assets/Art/LowPolyDungeon/Colliders/Tiles/Stairs_High_col.fbx
  artifactKey: Guid(cae49dc2587049146a09ec771a13b0d8) Importer(815301076,1909f56bfc062723c751e8b465ee728b)
Start importing Assets/Art/LowPolyDungeon/Colliders/Tiles/Stairs_High_col.fbx using Guid(cae49dc2587049146a09ec771a13b0d8) Importer(815301076,1909f56bfc062723c751e8b465ee728b)  -> (artifact id: '22afcd3d552c330a64ac2c000d813fff') in 0.013707 seconds
Number of updated asset objects reloaded before import = 0
Number of asset objects unloaded after import = 7
========================================================================
Received Import Request.
  Time since last request: 0.002113 seconds.
  path: Assets/Art/LowPolyDungeon/Prefabs/Tiles/Stairs_Low.prefab
  artifactKey: Guid(01758e662295c9347b35b7bdee71f5b4) Importer(815301076,1909f56bfc062723c751e8b465ee728b)
Start importing Assets/Art/LowPolyDungeon/Prefabs/Tiles/Stairs_Low.prefab using Guid(01758e662295c9347b35b7bdee71f5b4) Importer(815301076,1909f56bfc062723c751e8b465ee728b)  -> (artifact id: 'a132057e6b4253a317fd374ec701c78a') in 0.012241 seconds
Number of updated asset objects reloaded before import = 0
Number of asset objects unloaded after import = 12
========================================================================
Received Import Request.
  Time since last request: 0.003815 seconds.
  path: Assets/Art/LowPolyDungeon/Models/Tiles/Stairs_Low.fbx
  artifactKey: Guid(49fcc1a1bf581d4489a835b31d909c9c) Importer(815301076,1909f56bfc062723c751e8b465ee728b)
Start importing Assets/Art/LowPolyDungeon/Models/Tiles/Stairs_Low.fbx using Guid(49fcc1a1bf581d4489a835b31d909c9c) Importer(815301076,1909f56bfc062723c751e8b465ee728b)  -> (artifact id: 'f36a9ece81f8a9e9403a813be38e0557') in 0.012429 seconds
Number of updated asset objects reloaded before import = 0
Number of asset objects unloaded after import = 11
========================================================================
Received Import Request.
  Time since last request: 0.184846 seconds.
  path: Assets/Art/LowPolyDungeon/Colliders/Tiles/Stairs_Low_col.fbx
  artifactKey: Guid(58aa0086561a53b438b87d284a841146) Importer(815301076,1909f56bfc062723c751e8b465ee728b)
Start importing Assets/Art/LowPolyDungeon/Colliders/Tiles/Stairs_Low_col.fbx using Guid(58aa0086561a53b438b87d284a841146) Importer(815301076,1909f56bfc062723c751e8b465ee728b)  -> (artifact id: 'e0a6855c01a7d248495cd3170f011095') in 0.017459 seconds
Number of updated asset objects reloaded before import = 0
Number of asset objects unloaded after import = 7
========================================================================
Received Import Request.
  Time since last request: 0.032071 seconds.
  path: Assets/Art/LowPolyDungeon/Models/Tiles/Stairs_Platform.fbx
  artifactKey: Guid(99e55592c6d88984cb6b00f2455032dc) Importer(815301076,1909f56bfc062723c751e8b465ee728b)
Start importing Assets/Art/LowPolyDungeon/Models/Tiles/Stairs_Platform.fbx using Guid(99e55592c6d88984cb6b00f2455032dc) Importer(815301076,1909f56bfc062723c751e8b465ee728b)  -> (artifact id: '2b7b69e898c3770407cf3c795d97f656') in 0.018606 seconds
Number of updated asset objects reloaded before import = 0
Number of asset objects unloaded after import = 11
========================================================================
Received Import Request.
  Time since last request: 277.642638 seconds.
  path: Assets/Art/LowPolyDungeon/Models/Tiles/Door_Basement_Left.fbx
  artifactKey: Guid(2336cdcbcfff9ee4d9865ba46e29914d) Importer(815301076,1909f56bfc062723c751e8b465ee728b)
Start importing Assets/Art/LowPolyDungeon/Models/Tiles/Door_Basement_Left.fbx using Guid(2336cdcbcfff9ee4d9865ba46e29914d) Importer(815301076,1909f56bfc062723c751e8b465ee728b)  -> (artifact id: '0878da2de677338ef2ee4a23922857ac') in 0.020311 seconds
Number of updated asset objects reloaded before import = 0
Number of asset objects unloaded after import = 11
========================================================================
Received Import Request.
  Time since last request: 0.000011 seconds.
  path: Assets/Art/LowPolyDungeon/Prefabs/Tiles/Door_Basement_Right.prefab
  artifactKey: Guid(16efa409f7809d6499a20bf293c5df05) Importer(815301076,1909f56bfc062723c751e8b465ee728b)
Start importing Assets/Art/LowPolyDungeon/Prefabs/Tiles/Door_Basement_Right.prefab using Guid(16efa409f7809d6499a20bf293c5df05) Importer(815301076,1909f56bfc062723c751e8b465ee728b)  -> (artifact id: '0bb9a1bfe828e18203554fe305208497') in 0.008903 seconds
Number of updated asset objects reloaded before import = 0
Number of asset objects unloaded after import = 11
========================================================================
Received Import Request.
  Time since last request: 0.607981 seconds.
  path: Assets/Art/LowPolyDungeon/Models/Tiles/Door_Iron_Left.fbx
  artifactKey: Guid(f6660c88e946e3f4a9301950fc6587e0) Importer(815301076,1909f56bfc062723c751e8b465ee728b)
Start importing Assets/Art/LowPolyDungeon/Models/Tiles/Door_Iron_Left.fbx using Guid(f6660c88e946e3f4a9301950fc6587e0) Importer(815301076,1909f56bfc062723c751e8b465ee728b)  -> (artifact id: '2003c4caed8aee3b378214261643b129') in 0.017871 seconds
Number of updated asset objects reloaded before import = 0
Number of asset objects unloaded after import = 10
========================================================================
Received Import Request.
  Time since last request: 0.266455 seconds.
  path: Assets/Art/LowPolyDungeon/Prefabs/Tiles/Door_Iron_Left.prefab
  artifactKey: Guid(03020aab9adeeb54f9194380cf49b4a7) Importer(815301076,1909f56bfc062723c751e8b465ee728b)
Start importing Assets/Art/LowPolyDungeon/Prefabs/Tiles/Door_Iron_Left.prefab using Guid(03020aab9adeeb54f9194380cf49b4a7) Importer(815301076,1909f56bfc062723c751e8b465ee728b)  -> (artifact id: '772cce99ab8cd6345c0ef820126a3b39') in 0.015014 seconds
Number of updated asset objects reloaded before import = 0
Number of asset objects unloaded after import = 11
========================================================================
Received Import Request.
  Time since last request: 0.301884 seconds.
  path: Assets/Art/LowPolyDungeon/Colliders/Tiles/Door_Iron_Left_col.fbx
  artifactKey: Guid(2fef7facc8502bb4ab10e720dbd39769) Importer(815301076,1909f56bfc062723c751e8b465ee728b)
Start importing Assets/Art/LowPolyDungeon/Colliders/Tiles/Door_Iron_Left_col.fbx using Guid(2fef7facc8502bb4ab10e720dbd39769) Importer(815301076,1909f56bfc062723c751e8b465ee728b)  -> (artifact id: '63ce03a33ffb292144950b3ee11684da') in 0.014185 seconds
Number of updated asset objects reloaded before import = 0
Number of asset objects unloaded after import = 7
========================================================================
Received Import Request.
  Time since last request: 0.033336 seconds.
  path: Assets/Art/LowPolyDungeon/Models/Tiles/Door_Iron_Right.fbx
  artifactKey: Guid(90cb5084ee519bf4a99ae30668e654d0) Importer(815301076,1909f56bfc062723c751e8b465ee728b)
Start importing Assets/Art/LowPolyDungeon/Models/Tiles/Door_Iron_Right.fbx using Guid(90cb5084ee519bf4a99ae30668e654d0) Importer(815301076,1909f56bfc062723c751e8b465ee728b)  -> (artifact id: '28762a6596ccb9838d1bd588b543e6d8') in 0.017666 seconds
Number of updated asset objects reloaded before import = 0
Number of asset objects unloaded after import = 10
========================================================================
Received Import Request.
  Time since last request: 10.189800 seconds.
  path: Assets/Art/LowPolyDungeon/Colliders/Tiles/Door_Iron_Right_col.fbx
  artifactKey: Guid(1a11b99e6435888469582d69e576670a) Importer(815301076,1909f56bfc062723c751e8b465ee728b)
Start importing Assets/Art/LowPolyDungeon/Colliders/Tiles/Door_Iron_Right_col.fbx using Guid(1a11b99e6435888469582d69e576670a) Importer(815301076,1909f56bfc062723c751e8b465ee728b)  -> (artifact id: '356ac9cd0d22c128f237dd0dfbe28330') in 0.011408 seconds
Number of updated asset objects reloaded before import = 0
Number of asset objects unloaded after import = 7
========================================================================
Received Import Request.
  Time since last request: 0.000197 seconds.
  path: Assets/Art/LowPolyDungeon/Models/Tiles/Door_Wooden_Right.fbx
  artifactKey: Guid(3f84f8f63f2eb654891914d3c4f7cdbd) Importer(815301076,1909f56bfc062723c751e8b465ee728b)
Start importing Assets/Art/LowPolyDungeon/Models/Tiles/Door_Wooden_Right.fbx using Guid(3f84f8f63f2eb654891914d3c4f7cdbd) Importer(815301076,1909f56bfc062723c751e8b465ee728b)  -> (artifact id: 'c83b4ba2134535da959d5bbd7ea31ba5') in 0.012265 seconds
Number of updated asset objects reloaded before import = 0
Number of asset objects unloaded after import = 11
========================================================================
Received Import Request.
  Time since last request: 0.000013 seconds.
  path: Assets/Art/LowPolyDungeon/Models/Tiles/Door_Wooden_Round_Right.fbx
  artifactKey: Guid(d2215445189a960468755ef109efe3c4) Importer(815301076,1909f56bfc062723c751e8b465ee728b)
Start importing Assets/Art/LowPolyDungeon/Models/Tiles/Door_Wooden_Round_Right.fbx using Guid(d2215445189a960468755ef109efe3c4) Importer(815301076,1909f56bfc062723c751e8b465ee728b)  -> (artifact id: 'eb19fb38063d6eca61de9091fb5beacb') in 0.014354 seconds
Number of updated asset objects reloaded before import = 0
Number of asset objects unloaded after import = 11
========================================================================
Received Import Request.
  Time since last request: 0.000013 seconds.
  path: Assets/Art/LowPolyDungeon/Prefabs/Tiles/DoorGate_Wooden_Left.prefab
  artifactKey: Guid(f5e4cf5af47ee60418f92554c028a4ce) Importer(815301076,1909f56bfc062723c751e8b465ee728b)
Start importing Assets/Art/LowPolyDungeon/Prefabs/Tiles/DoorGate_Wooden_Left.prefab using Guid(f5e4cf5af47ee60418f92554c028a4ce) Importer(815301076,1909f56bfc062723c751e8b465ee728b)  -> (artifact id: '7b45e14f8e206a435f1fe3359318e2e1') in 0.010075 seconds
Number of updated asset objects reloaded before import = 0
Number of asset objects unloaded after import = 12
========================================================================
Received Import Request.
  Time since last request: 0.000011 seconds.
  path: Assets/Art/LowPolyDungeon/Prefabs/Tiles/Door_Wooden_Round_Right.prefab
  artifactKey: Guid(15745f8b70e5d524183539fa272d90a3) Importer(815301076,1909f56bfc062723c751e8b465ee728b)
Start importing Assets/Art/LowPolyDungeon/Prefabs/Tiles/Door_Wooden_Round_Right.prefab using Guid(15745f8b70e5d524183539fa272d90a3) Importer(815301076,1909f56bfc062723c751e8b465ee728b)  -> (artifact id: '9ce7fd176ae70189737ce07389b7fa28') in 0.010347 seconds
Number of updated asset objects reloaded before import = 0
Number of asset objects unloaded after import = 12
Editor requested this worker to shutdown with reason: Scaling down because of idle timeout
TcpMessagingSession - receive error: operation aborted. errorcode: 995, details: The I/O operation has been aborted because of either a thread exit or an application request.
AssetImportWorker is now disconnected from the server
Process exiting
Exiting without the bug reporter. Application will terminate with return code 0