Using pre-set license
Built from '2022.3/staging' branch; Version is '2022.3.7f1 (b16b3b16c7a0) revision 11627323'; Using compiler version '192829333'; Build Type 'Release'
OS: 'Windows 11  (10.0.22621) 64bit Core' Language: 'en' Physical Memory: 65275 MB
BatchMode: 1, IsHumanControllingUs: 0, StartBugReporterOnCrash: 0, Is64bit: 1, IsPro: 1

COMMAND LINE ARGUMENTS:
C:\Program Files\Unity\Hub\Editor\2022.3.7f1\Editor\Unity.exe
-adb2
-batchMode
-noUpm
-name
AssetImportWorker0
-projectPath
C:/Users/user/Documents/GitHub/Escape-Room
-logFile
Logs/AssetImportWorker0.log
-srvPort
50088
Successfully changed project path to: C:/Users/user/Documents/GitHub/Escape-Room
C:/Users/user/Documents/GitHub/Escape-Room
[UnityMemory] Configuration Parameters - Can be set up in boot.config
    "memorysetup-bucket-allocator-granularity=16"
    "memorysetup-bucket-allocator-bucket-count=8"
    "memorysetup-bucket-allocator-block-size=33554432"
    "memorysetup-bucket-allocator-block-count=8"
    "memorysetup-main-allocator-block-size=16777216"
    "memorysetup-thread-allocator-block-size=16777216"
    "memorysetup-gfx-main-allocator-block-size=16777216"
    "memorysetup-gfx-thread-allocator-block-size=16777216"
    "memorysetup-cache-allocator-block-size=4194304"
    "memorysetup-typetree-allocator-block-size=2097152"
    "memorysetup-profiler-bucket-allocator-granularity=16"
    "memorysetup-profiler-bucket-allocator-bucket-count=8"
    "memorysetup-profiler-bucket-allocator-block-size=33554432"
    "memorysetup-profiler-bucket-allocator-block-count=8"
    "memorysetup-profiler-allocator-block-size=16777216"
    "memorysetup-profiler-editor-allocator-block-size=1048576"
    "memorysetup-temp-allocator-size-main=16777216"
    "memorysetup-job-temp-allocator-block-size=2097152"
    "memorysetup-job-temp-allocator-block-size-background=1048576"
    "memorysetup-job-temp-allocator-reduction-small-platforms=262144"
    "memorysetup-allocator-temp-initial-block-size-main=262144"
    "memorysetup-allocator-temp-initial-block-size-worker=262144"
    "memorysetup-temp-allocator-size-background-worker=32768"
    "memorysetup-temp-allocator-size-job-worker=262144"
    "memorysetup-temp-allocator-size-preload-manager=33554432"
    "memorysetup-temp-allocator-size-nav-mesh-worker=65536"
    "memorysetup-temp-allocator-size-audio-worker=65536"
    "memorysetup-temp-allocator-size-cloud-worker=32768"
    "memorysetup-temp-allocator-size-gi-baking-worker=262144"
    "memorysetup-temp-allocator-size-gfx=262144"
Player connection [25996] Host "[IP] 192.168.56.1 [Port] 0 [Flags] 2 [Guid] 3900664758 [EditorId] 3900664758 [Version] 1048832 [Id] WindowsEditor(7,LAPTOP-6J8SA525) [Debug] 1 [PackageName] WindowsEditor [ProjectName] Editor" joined multi-casting on [225.0.0.222:54997]...

Player connection [25996] Host "[IP] 192.168.56.1 [Port] 0 [Flags] 2 [Guid] 3900664758 [EditorId] 3900664758 [Version] 1048832 [Id] WindowsEditor(7,LAPTOP-6J8SA525) [Debug] 1 [PackageName] WindowsEditor [ProjectName] Editor" joined alternative multi-casting on [225.0.0.222:34997]...

Refreshing native plugins compatible for Editor in 11.45 ms, found 12 plugins.
Preloading 1 native plugins for Editor in 0.30 ms.
Initialize engine version: 2022.3.7f1 (b16b3b16c7a0)
[Subsystems] Discovering subsystems at path C:/Program Files/Unity/Hub/Editor/2022.3.7f1/Editor/Data/Resources/UnitySubsystems
[Subsystems] Discovering subsystems at path C:/Users/user/Documents/GitHub/Escape-Room/Assets
GfxDevice: creating device client; threaded=0; jobified=0
Direct3D:
    Version:  Direct3D 11.0 [level 11.1]
    Renderer: NVIDIA GeForce RTX 4090 Laptop GPU (ID=0x2757)
    Vendor:   NVIDIA
    VRAM:     16050 MB
    Driver:   31.0.15.5152
Initialize mono
Mono path[0] = 'C:/Program Files/Unity/Hub/Editor/2022.3.7f1/Editor/Data/Managed'
Mono path[1] = 'C:/Program Files/Unity/Hub/Editor/2022.3.7f1/Editor/Data/MonoBleedingEdge/lib/mono/unityjit-win32'
Mono config path = 'C:/Program Files/Unity/Hub/Editor/2022.3.7f1/Editor/Data/MonoBleedingEdge/etc'
Using monoOptions --debugger-agent=transport=dt_socket,embedding=1,server=y,suspend=n,address=127.0.0.1:56992
Begin MonoManager ReloadAssembly
Registering precompiled unity dll's ...
Register platform support module: C:/Program Files/Unity/Hub/Editor/2022.3.7f1/Editor/Data/PlaybackEngines/WindowsStandaloneSupport/UnityEditor.WindowsStandalone.Extensions.dll
Registered in 0.003979 seconds.
- Loaded All Assemblies, in  0.204 seconds
Native extension for WindowsStandalone target not found
Mono: successfully reloaded assembly
- Finished resetting the current domain, in  0.143 seconds
Domain Reload Profiling: 346ms
	BeginReloadAssembly (61ms)
		ExecutionOrderSort (0ms)
		DisableScriptedObjects (0ms)
		BackupInstance (0ms)
		ReleaseScriptingObjects (0ms)
		CreateAndSetChildDomain (0ms)
	RebuildCommonClasses (20ms)
	RebuildNativeTypeToScriptingClass (6ms)
	initialDomainReloadingComplete (34ms)
	LoadAllAssembliesAndSetupDomain (82ms)
		LoadAssemblies (59ms)
		RebuildTransferFunctionScriptingTraits (0ms)
		AnalyzeDomain (81ms)
			TypeCache.Refresh (80ms)
				TypeCache.ScanAssembly (72ms)
			ScanForSourceGeneratedMonoScriptInfo (0ms)
			ResolveRequiredComponents (0ms)
	FinalizeReload (144ms)
		ReleaseScriptCaches (0ms)
		RebuildScriptCaches (0ms)
		SetupLoadedEditorAssemblies (110ms)
			LogAssemblyErrors (0ms)
			InitializePlatformSupportModulesInManaged (5ms)
			SetLoadedEditorAssemblies (4ms)
			RefreshPlugins (0ms)
			BeforeProcessingInitializeOnLoad (1ms)
			ProcessInitializeOnLoadAttributes (73ms)
			ProcessInitializeOnLoadMethodAttributes (26ms)
			AfterProcessingInitializeOnLoad (0ms)
			EditorAssembliesLoaded (0ms)
		ExecutionOrderSort2 (0ms)
		AwakeInstancesAfterBackupRestoration (0ms)
========================================================================
Worker process is ready to serve import requests
Begin MonoManager ReloadAssembly
Symbol file LoadedFromMemory doesn't match image C:\Users\user\Documents\GitHub\Escape-Room\Library\PackageCache\com.unity.visualscripting@1.8.0\Editor\VisualScripting.Core\Dependencies\YamlDotNet\Unity.VisualScripting.YamlDotNet.dll
Symbol file LoadedFromMemory doesn't match image C:\Users\user\Documents\GitHub\Escape-Room\Library\PackageCache\com.unity.visualscripting@1.8.0\Editor\VisualScripting.Core\Dependencies\DotNetZip\Unity.VisualScripting.IonicZip.dll
- Loaded All Assemblies, in  0.397 seconds
Refreshing native plugins compatible for Editor in 7.77 ms, found 12 plugins.
Native extension for WindowsStandalone target not found
Package Manager log level set to [2]
[Package Manager] Server::EnsureServerProcessIsRunning -- launch failed, reason: Unity was launched with the -noUpm command-line argument
[Package Manager] UpmClient::Send -- Unable to send message (not connected to UPM process).
[Package Manager] Cannot connect to Unity Package Manager local server
[Package Manager] Server::EnsureServerProcessIsRunning -- launch failed, reason: Unity was launched with the -noUpm command-line argument
[Package Manager] UpmClient::Send -- Unable to send message (not connected to UPM process).
[Package Manager] Cannot connect to Unity Package Manager local server
System.Reflection.TargetInvocationException: Exception has been thrown by the target of an invocation. ---> System.NullReferenceException: Object reference not set to an instance of an object
  at Unity.XR.Oculus.OculusLoader.AssetPathToAbsolutePath (System.String assetPath) [0x00040] in .\Library\PackageCache\com.unity.xr.oculus@4.0.0\Runtime\OculusLoader.cs:282 
  at Unity.XR.Oculus.OculusLoader.EditorLoadOVRPlugin () [0x0007b] in .\Library\PackageCache\com.unity.xr.oculus@4.0.0\Runtime\OculusLoader.cs:267 
  at (wrapper managed-to-native) System.Reflection.RuntimeMethodInfo.InternalInvoke(System.Reflection.RuntimeMethodInfo,object,object[],System.Exception&)
  at System.Reflection.RuntimeMethodInfo.Invoke (System.Object obj, System.Reflection.BindingFlags invokeAttr, System.Reflection.Binder binder, System.Object[] parameters, System.Globalization.CultureInfo culture) [0x0006a] in <b89873cb176e44a995a4781c7487d410>:0 
   --- End of inner exception stack trace ---
  at System.Reflection.RuntimeMethodInfo.Invoke (System.Object obj, System.Reflection.BindingFlags invokeAttr, System.Reflection.Binder binder, System.Object[] parameters, System.Globalization.CultureInfo culture) [0x00083] in <b89873cb176e44a995a4781c7487d410>:0 
  at System.Reflection.MethodBase.Invoke (System.Object obj, System.Object[] parameters) [0x00000] in <b89873cb176e44a995a4781c7487d410>:0 
  at UnityEditor.EditorAssemblies.ProcessInitializeOnLoadMethodAttributes () [0x000a5] in <97436df440ca462884c5332c1d8ebbe7>:0 
UnityEngine.StackTraceUtility:ExtractStackTrace ()
UnityEngine.DebugLogHandler:LogFormat (UnityEngine.LogType,UnityEngine.Object,string,object[])
UnityEngine.Logger:Log (UnityEngine.LogType,object)
UnityEngine.Debug:LogError (object)
UnityEditor.EditorAssemblies:ProcessInitializeOnLoadMethodAttributes ()

Mono: successfully reloaded assembly
[Package Manager] Server::EnsureServerProcessIsRunning -- launch failed, reason: Unity was launched with the -noUpm command-line argument
[Package Manager] UpmClient::Send -- Unable to send message (not connected to UPM process).
[Package Manager] Cannot connect to Unity Package Manager local server
[Package Manager] Server::EnsureServerProcessIsRunning -- launch failed, reason: Unity was launched with the -noUpm command-line argument
[Package Manager] UpmClient::Send -- Unable to send message (not connected to UPM process).
[Package Manager] Cannot connect to Unity Package Manager local server
- Finished resetting the current domain, in  0.406 seconds
Domain Reload Profiling: 800ms
	BeginReloadAssembly (86ms)
		ExecutionOrderSort (0ms)
		DisableScriptedObjects (3ms)
		BackupInstance (0ms)
		ReleaseScriptingObjects (0ms)
		CreateAndSetChildDomain (12ms)
	RebuildCommonClasses (24ms)
	RebuildNativeTypeToScriptingClass (6ms)
	initialDomainReloadingComplete (18ms)
	LoadAllAssembliesAndSetupDomain (260ms)
		LoadAssemblies (181ms)
		RebuildTransferFunctionScriptingTraits (0ms)
		AnalyzeDomain (128ms)
			TypeCache.Refresh (111ms)
				TypeCache.ScanAssembly (99ms)
			ScanForSourceGeneratedMonoScriptInfo (13ms)
			ResolveRequiredComponents (4ms)
	FinalizeReload (407ms)
		ReleaseScriptCaches (0ms)
		RebuildScriptCaches (0ms)
		SetupLoadedEditorAssemblies (307ms)
			LogAssemblyErrors (0ms)
			InitializePlatformSupportModulesInManaged (4ms)
			SetLoadedEditorAssemblies (2ms)
			RefreshPlugins (0ms)
			BeforeProcessingInitializeOnLoad (42ms)
			ProcessInitializeOnLoadAttributes (220ms)
			ProcessInitializeOnLoadMethodAttributes (36ms)
			AfterProcessingInitializeOnLoad (4ms)
			EditorAssembliesLoaded (0ms)
		ExecutionOrderSort2 (0ms)
		AwakeInstancesAfterBackupRestoration (4ms)
Launched and connected shader compiler UnityShaderCompiler.exe after 0.02 seconds
Refreshing native plugins compatible for Editor in 12.32 ms, found 12 plugins.
Preloading 1 native plugins for Editor in 0.07 ms.
Unloading 4775 Unused Serialized files (Serialized files now loaded: 0)
Unloading 82 unused Assets / (139.9 KB). Loaded Objects now: 5254.
Memory consumption went from 164.8 MB to 164.7 MB.
Total: 3.296300 ms (FindLiveObjects: 0.183600 ms CreateObjectMapping: 0.065800 ms MarkObjects: 2.849200 ms  DeleteObjects: 0.196800 ms)

AssetImportParameters requested are different than current active one (requested -> active):
  custom:container-demuxer-ogg: 62fdf1f143b41e24485cea50d1cbac27 -> 
  custom:video-codec-MediaFoundation-h265: 746d11721c4dcdbdad8f713fa42b33f4 -> 
  custom:video-decoder-ogg-theora: a1e56fd34408186e4bbccfd4996cb3dc -> 
  custom:framework-win-MediaFoundation: 216162199b28c13a410421893ffa2e32 -> 
  custom:CustomObjectIndexerAttribute: 756ad292c208cfabdd7b50bc23989ffe -> 
  custom:container-demuxer-webm: 4f35f7cbe854078d1ac9338744f61a02 -> 
  custom:container-muxer-webm: aa71ff27fc2769a1b78a27578f13a17b -> 
  custom:video-decoder-webm-vp8: 9c59270c3fd7afecdb556c50c9e8de78 -> 
  custom:SearchIndexIgnoredProperties: e643bd26f0fe6173181afceb89e7c659 -> 
  custom:AudioImporter_EditorPlatform: d09bf68614088b80899f8185d706f6e7 -> 
  custom:video-encoder-webm-vp8: eb34c28f22e8b96e1ab97ce403110664 -> 
  custom:audio-decoder-ogg-vorbis: bf7c407c2cedff20999df2af8eb42d56 -> 
  custom:audio-encoder-webm-vorbis: bf7c407c2cedff20999df2af8eb42d56 -> 
========================================================================
Received Import Request.
  Time since last request: 369.842967 seconds.
  path: Assets/Scenes/ProtoMap.unity
  artifactKey: Guid(91ed409bb1e01874ba5d8ec903abbf18) Importer(815301076,1909f56bfc062723c751e8b465ee728b)
Start importing Assets/Scenes/ProtoMap.unity using Guid(91ed409bb1e01874ba5d8ec903abbf18) Importer(815301076,1909f56bfc062723c751e8b465ee728b)  -> (artifact id: 'b0556a4a5e83af7894b85b1fe1ee4114') in 0.002193 seconds
Number of updated asset objects reloaded before import = 0
Number of asset objects unloaded after import = 0
========================================================================
Received Import Request.
  Time since last request: 1976.987630 seconds.
  path: Assets/Art/Flashlight/Textures/Flashlight_Cookie.png
  artifactKey: Guid(29135c4c1148bc44883907ae1a731420) Importer(815301076,1909f56bfc062723c751e8b465ee728b)
Start importing Assets/Art/Flashlight/Textures/Flashlight_Cookie.png using Guid(29135c4c1148bc44883907ae1a731420) Importer(815301076,1909f56bfc062723c751e8b465ee728b)  -> (artifact id: '44e735fb7a08e21435a88113120f2175') in 0.041707 seconds
Number of updated asset objects reloaded before import = 0
Number of asset objects unloaded after import = 2
========================================================================
Received Import Request.
  Time since last request: 0.000015 seconds.
  path: Assets/Art/Flashlight/Textures/Flashlight_Cookie3.png
  artifactKey: Guid(7f4b9d678ae21f94cae37c27309b3bbe) Importer(815301076,1909f56bfc062723c751e8b465ee728b)
Start importing Assets/Art/Flashlight/Textures/Flashlight_Cookie3.png using Guid(7f4b9d678ae21f94cae37c27309b3bbe) Importer(815301076,1909f56bfc062723c751e8b465ee728b)  -> (artifact id: '6f1fd0d8b302f7fbbb65262e3b2d218b') in 0.011851 seconds
Number of updated asset objects reloaded before import = 0
Number of asset objects unloaded after import = 2
========================================================================
Received Import Request.
  Time since last request: 0.000011 seconds.
  path: Assets/Art/Flashlight/Textures/FlashLight_DFSA.png
  artifactKey: Guid(122e558843c712249a4ba618a9bbc907) Importer(815301076,1909f56bfc062723c751e8b465ee728b)
Start importing Assets/Art/Flashlight/Textures/FlashLight_DFSA.png using Guid(122e558843c712249a4ba618a9bbc907) Importer(815301076,1909f56bfc062723c751e8b465ee728b)  -> (artifact id: '759b8208fbf645560129787effde5fc7') in 0.036546 seconds
Number of updated asset objects reloaded before import = 0
Number of asset objects unloaded after import = 2
========================================================================
Received Import Request.
  Time since last request: 0.449064 seconds.
  path: Assets/Art/Flashlight/Misc/Flashlight.FBX
  artifactKey: Guid(9a3b57f0a1248be419dd9c4d54748512) Importer(815301076,1909f56bfc062723c751e8b465ee728b)
Start importing Assets/Art/Flashlight/Misc/Flashlight.FBX using Guid(9a3b57f0a1248be419dd9c4d54748512) Importer(815301076,1909f56bfc062723c751e8b465ee728b)  -> (artifact id: '7f75d812d913d02784b1b09a73b0e90d') in 0.061510 seconds
Number of updated asset objects reloaded before import = 0
Number of asset objects unloaded after import = 9
========================================================================
Received Import Request.
  Time since last request: 1.551013 seconds.
  path: Assets/Art/Flashlight/Prefabs/Flashlight.prefab
  artifactKey: Guid(b694b8ec5c41f6247843a2b67222fda6) Importer(815301076,1909f56bfc062723c751e8b465ee728b)
Start importing Assets/Art/Flashlight/Prefabs/Flashlight.prefab using Guid(b694b8ec5c41f6247843a2b67222fda6) Importer(815301076,1909f56bfc062723c751e8b465ee728b)  -> (artifact id: 'de862ca3f47fe1b3d7848f2168764a88') in 0.115258 seconds
Number of updated asset objects reloaded before import = 0
Number of asset objects unloaded after import = 13
========================================================================
Received Import Request.
  Time since last request: 100.340969 seconds.
  path: Assets/Art/LowPolyDungeon/Prefabs/Lamps/Candlestick_Small.prefab
  artifactKey: Guid(bf7a7fc00791eb945a5412768a68fffc) Importer(815301076,1909f56bfc062723c751e8b465ee728b)
Start importing Assets/Art/LowPolyDungeon/Prefabs/Lamps/Candlestick_Small.prefab using Guid(bf7a7fc00791eb945a5412768a68fffc) Importer(815301076,1909f56bfc062723c751e8b465ee728b)  -> (artifact id: 'ff941943a071c7b435d69c53824c804a') in 0.028952 seconds
Number of updated asset objects reloaded before import = 0
Number of asset objects unloaded after import = 19
========================================================================
Received Import Request.
  Time since last request: 0.000010 seconds.
  path: Assets/Art/LowPolyDungeon/Prefabs/Lamps/Candlestick_Triple.prefab
  artifactKey: Guid(34534f9a2d6df1c4f8dee201f8d50aaa) Importer(815301076,1909f56bfc062723c751e8b465ee728b)
Start importing Assets/Art/LowPolyDungeon/Prefabs/Lamps/Candlestick_Triple.prefab using Guid(34534f9a2d6df1c4f8dee201f8d50aaa) Importer(815301076,1909f56bfc062723c751e8b465ee728b)  -> (artifact id: 'd62ac8e0729c716b73f92503daea37eb') in 0.015044 seconds
Number of updated asset objects reloaded before import = 0
Number of asset objects unloaded after import = 33
========================================================================
Received Import Request.
  Time since last request: 52.457750 seconds.
  path: Assets/Art/LowPolyDungeon/Prefabs/Clutter/Wineglass.prefab
  artifactKey: Guid(d8e4874eaa27b1749b17632d68f5fd79) Importer(815301076,1909f56bfc062723c751e8b465ee728b)
Start importing Assets/Art/LowPolyDungeon/Prefabs/Clutter/Wineglass.prefab using Guid(d8e4874eaa27b1749b17632d68f5fd79) Importer(815301076,1909f56bfc062723c751e8b465ee728b)  -> (artifact id: '1c816499149e7dcea00d586f022e18cd') in 0.015704 seconds
Number of updated asset objects reloaded before import = 0
Number of asset objects unloaded after import = 10
========================================================================
Received Import Request.
  Time since last request: 1.914502 seconds.
  path: Assets/Art/LowPolyDungeon/Prefabs/Furniture/WeaponRack_Big.prefab
  artifactKey: Guid(797162f1e2611d14bac618083727de40) Importer(815301076,1909f56bfc062723c751e8b465ee728b)
Start importing Assets/Art/LowPolyDungeon/Prefabs/Furniture/WeaponRack_Big.prefab using Guid(797162f1e2611d14bac618083727de40) Importer(815301076,1909f56bfc062723c751e8b465ee728b)  -> (artifact id: '3b6172e7c3ab6d1e18692f696eca5762') in 0.014030 seconds
Number of updated asset objects reloaded before import = 0
Number of asset objects unloaded after import = 10
========================================================================
Received Import Request.
  Time since last request: 0.000028 seconds.
  path: Assets/Art/LowPolyDungeon/Prefabs/Furniture/WeaponRack_Small.prefab
  artifactKey: Guid(33b88a355dbcf1249aeafebe7d0f5879) Importer(815301076,1909f56bfc062723c751e8b465ee728b)
Start importing Assets/Art/LowPolyDungeon/Prefabs/Furniture/WeaponRack_Small.prefab using Guid(33b88a355dbcf1249aeafebe7d0f5879) Importer(815301076,1909f56bfc062723c751e8b465ee728b)  -> (artifact id: '4b7caadf08ffbbaf3074d33361d5650b') in 0.014524 seconds
Number of updated asset objects reloaded before import = 0
Number of asset objects unloaded after import = 10
========================================================================
Received Import Request.
  Time since last request: 277.934664 seconds.
  path: Assets/Art/LowPolyDungeon/Models/Tiles/Basement_Wall_Var2.fbx
  artifactKey: Guid(5bfb915843a9ff74d9bea72ce38a0a89) Importer(815301076,1909f56bfc062723c751e8b465ee728b)
Start importing Assets/Art/LowPolyDungeon/Models/Tiles/Basement_Wall_Var2.fbx using Guid(5bfb915843a9ff74d9bea72ce38a0a89) Importer(815301076,1909f56bfc062723c751e8b465ee728b)  -> (artifact id: 'f01d86ae8380fcf1bd93f6215fe7f2a0') in 0.013983 seconds
Number of updated asset objects reloaded before import = 0
Number of asset objects unloaded after import = 12
========================================================================
Received Import Request.
  Time since last request: 31.267691 seconds.
  path: Assets/Art/LowPolyDungeon/Prefabs/Tiles/Dungeon_Big.prefab
  artifactKey: Guid(6cb084713de342d4d94969b0f4ad068f) Importer(815301076,1909f56bfc062723c751e8b465ee728b)
Start importing Assets/Art/LowPolyDungeon/Prefabs/Tiles/Dungeon_Big.prefab using Guid(6cb084713de342d4d94969b0f4ad068f) Importer(815301076,1909f56bfc062723c751e8b465ee728b)  -> (artifact id: '963a84eb70dc9dc2b423178fe479619e') in 0.016735 seconds
Number of updated asset objects reloaded before import = 0
Number of asset objects unloaded after import = 12
========================================================================
Received Import Request.
  Time since last request: 132.847592 seconds.
  path: Assets/Art/LowPolyDungeon/Prefabs/Tiles/Dungeon_Hall_Corner_Inverted.prefab
  artifactKey: Guid(a08fc365a6eb3a4479ec69b573a6c7ad) Importer(815301076,1909f56bfc062723c751e8b465ee728b)
Start importing Assets/Art/LowPolyDungeon/Prefabs/Tiles/Dungeon_Hall_Corner_Inverted.prefab using Guid(a08fc365a6eb3a4479ec69b573a6c7ad) Importer(815301076,1909f56bfc062723c751e8b465ee728b)  -> (artifact id: '8e80d2d64df821ca3bdf29435bc6ce1b') in 0.015231 seconds
Number of updated asset objects reloaded before import = 0
Number of asset objects unloaded after import = 12
========================================================================
Received Prepare
Begin MonoManager ReloadAssembly
Symbol file LoadedFromMemory doesn't match image C:\Users\user\Documents\GitHub\Escape-Room\Library\PackageCache\com.unity.visualscripting@1.8.0\Editor\VisualScripting.Core\Dependencies\YamlDotNet\Unity.VisualScripting.YamlDotNet.dll
Symbol file LoadedFromMemory doesn't match image C:\Users\user\Documents\GitHub\Escape-Room\Library\PackageCache\com.unity.visualscripting@1.8.0\Editor\VisualScripting.Core\Dependencies\DotNetZip\Unity.VisualScripting.IonicZip.dll
- Loaded All Assemblies, in  0.283 seconds
Refreshing native plugins compatible for Editor in 7.85 ms, found 12 plugins.
Native extension for WindowsStandalone target not found
[Package Manager] Server::EnsureServerProcessIsRunning -- launch failed, reason: Unity was launched with the -noUpm command-line argument
[Package Manager] UpmClient::Send -- Unable to send message (not connected to UPM process).
[Package Manager] Cannot connect to Unity Package Manager local server
[Package Manager] Server::EnsureServerProcessIsRunning -- launch failed, reason: Unity was launched with the -noUpm command-line argument
[Package Manager] UpmClient::Send -- Unable to send message (not connected to UPM process).
[Package Manager] Cannot connect to Unity Package Manager local server
System.Reflection.TargetInvocationException: Exception has been thrown by the target of an invocation. ---> System.NullReferenceException: Object reference not set to an instance of an object
  at Unity.XR.Oculus.OculusLoader.AssetPathToAbsolutePath (System.String assetPath) [0x00040] in .\Library\PackageCache\com.unity.xr.oculus@4.0.0\Runtime\OculusLoader.cs:282 
  at Unity.XR.Oculus.OculusLoader.EditorLoadOVRPlugin () [0x0007b] in .\Library\PackageCache\com.unity.xr.oculus@4.0.0\Runtime\OculusLoader.cs:267 
  at (wrapper managed-to-native) System.Reflection.RuntimeMethodInfo.InternalInvoke(System.Reflection.RuntimeMethodInfo,object,object[],System.Exception&)
  at System.Reflection.RuntimeMethodInfo.Invoke (System.Object obj, System.Reflection.BindingFlags invokeAttr, System.Reflection.Binder binder, System.Object[] parameters, System.Globalization.CultureInfo culture) [0x0006a] in <b89873cb176e44a995a4781c7487d410>:0 
   --- End of inner exception stack trace ---
  at System.Reflection.RuntimeMethodInfo.Invoke (System.Object obj, System.Reflection.BindingFlags invokeAttr, System.Reflection.Binder binder, System.Object[] parameters, System.Globalization.CultureInfo culture) [0x00083] in <b89873cb176e44a995a4781c7487d410>:0 
  at System.Reflection.MethodBase.Invoke (System.Object obj, System.Object[] parameters) [0x00000] in <b89873cb176e44a995a4781c7487d410>:0 
  at UnityEditor.EditorAssemblies.ProcessInitializeOnLoadMethodAttributes () [0x000a5] in <97436df440ca462884c5332c1d8ebbe7>:0 
UnityEngine.StackTraceUtility:ExtractStackTrace ()
UnityEngine.DebugLogHandler:LogFormat (UnityEngine.LogType,UnityEngine.Object,string,object[])
UnityEngine.Logger:Log (UnityEngine.LogType,object)
UnityEngine.Debug:LogError (object)
UnityEditor.EditorAssemblies:ProcessInitializeOnLoadMethodAttributes ()

Mono: successfully reloaded assembly
[Package Manager] Server::EnsureServerProcessIsRunning -- launch failed, reason: Unity was launched with the -noUpm command-line argument
[Package Manager] UpmClient::Send -- Unable to send message (not connected to UPM process).
[Package Manager] Cannot connect to Unity Package Manager local server
- Finished resetting the current domain, in  0.636 seconds
Domain Reload Profiling: 918ms
	BeginReloadAssembly (105ms)
		ExecutionOrderSort (0ms)
		DisableScriptedObjects (2ms)
		BackupInstance (0ms)
		ReleaseScriptingObjects (0ms)
		CreateAndSetChildDomain (25ms)
	RebuildCommonClasses (19ms)
	RebuildNativeTypeToScriptingClass (7ms)
	initialDomainReloadingComplete (18ms)
	LoadAllAssembliesAndSetupDomain (132ms)
		LoadAssemblies (174ms)
		RebuildTransferFunctionScriptingTraits (0ms)
		AnalyzeDomain (10ms)
			TypeCache.Refresh (4ms)
				TypeCache.ScanAssembly (0ms)
			ScanForSourceGeneratedMonoScriptInfo (0ms)
			ResolveRequiredComponents (4ms)
	FinalizeReload (637ms)
		ReleaseScriptCaches (0ms)
		RebuildScriptCaches (0ms)
		SetupLoadedEditorAssemblies (281ms)
			LogAssemblyErrors (0ms)
			InitializePlatformSupportModulesInManaged (5ms)
			SetLoadedEditorAssemblies (2ms)
			RefreshPlugins (0ms)
			BeforeProcessingInitializeOnLoad (48ms)
			ProcessInitializeOnLoadAttributes (193ms)
			ProcessInitializeOnLoadMethodAttributes (29ms)
			AfterProcessingInitializeOnLoad (4ms)
			EditorAssembliesLoaded (0ms)
		ExecutionOrderSort2 (0ms)
		AwakeInstancesAfterBackupRestoration (4ms)
Refreshing native plugins compatible for Editor in 7.67 ms, found 12 plugins.
Preloading 1 native plugins for Editor in 0.04 ms.
Unloading 4718 Unused Serialized files (Serialized files now loaded: 0)
Unloading 55 unused Assets / (87.6 KB). Loaded Objects now: 5272.
Memory consumption went from 159.6 MB to 159.5 MB.
Total: 2.440000 ms (FindLiveObjects: 0.185600 ms CreateObjectMapping: 0.066300 ms MarkObjects: 2.089200 ms  DeleteObjects: 0.098200 ms)

Prepare: number of updated asset objects reloaded= 0
AssetImportParameters requested are different than current active one (requested -> active):
  custom:container-demuxer-ogg: 62fdf1f143b41e24485cea50d1cbac27 -> 
  custom:video-codec-MediaFoundation-h265: 746d11721c4dcdbdad8f713fa42b33f4 -> 
  custom:video-decoder-ogg-theora: a1e56fd34408186e4bbccfd4996cb3dc -> 
  custom:framework-win-MediaFoundation: 216162199b28c13a410421893ffa2e32 -> 
  custom:CustomObjectIndexerAttribute: 756ad292c208cfabdd7b50bc23989ffe -> 
  custom:container-demuxer-webm: 4f35f7cbe854078d1ac9338744f61a02 -> 
  custom:container-muxer-webm: aa71ff27fc2769a1b78a27578f13a17b -> 
  custom:video-decoder-webm-vp8: 9c59270c3fd7afecdb556c50c9e8de78 -> 
  custom:SearchIndexIgnoredProperties: e643bd26f0fe6173181afceb89e7c659 -> 
  custom:AudioImporter_EditorPlatform: d09bf68614088b80899f8185d706f6e7 -> 
  custom:video-encoder-webm-vp8: eb34c28f22e8b96e1ab97ce403110664 -> 
  custom:audio-decoder-ogg-vorbis: bf7c407c2cedff20999df2af8eb42d56 -> 
  custom:audio-encoder-webm-vorbis: bf7c407c2cedff20999df2af8eb42d56 -> 
========================================================================
Received Import Request.
  Time since last request: 3158.030306 seconds.
  path: Assets/Art/LowPolyDungeon/Models/Clutter/Bag.fbx
  artifactKey: Guid(c97a961f8ab237a4785b57abd59514f4) Importer(815301076,1909f56bfc062723c751e8b465ee728b)
Start importing Assets/Art/LowPolyDungeon/Models/Clutter/Bag.fbx using Guid(c97a961f8ab237a4785b57abd59514f4) Importer(815301076,1909f56bfc062723c751e8b465ee728b)  -> (artifact id: '5612edd16c96015f765678a9d0713f24') in 0.082285 seconds
Number of updated asset objects reloaded before import = 0
Number of asset objects unloaded after import = 10
========================================================================
Received Import Request.
  Time since last request: 0.000013 seconds.
  path: Assets/Art/LowPolyDungeon/Models/Furniture/Barrel_Open.fbx
  artifactKey: Guid(2d45f032ced62804ea8fd7b2ebb7f461) Importer(815301076,1909f56bfc062723c751e8b465ee728b)
Start importing Assets/Art/LowPolyDungeon/Models/Furniture/Barrel_Open.fbx using Guid(2d45f032ced62804ea8fd7b2ebb7f461) Importer(815301076,1909f56bfc062723c751e8b465ee728b)  -> (artifact id: '26fe6e78b6119c78dc83c4d606563a47') in 0.014590 seconds
Number of updated asset objects reloaded before import = 0
Number of asset objects unloaded after import = 11
========================================================================
Received Import Request.
  Time since last request: 0.000031 seconds.
  path: Assets/Art/LowPolyDungeon/Models/Tiles/Basement_Wall_Var3.fbx
  artifactKey: Guid(4c4fe4f8da5fdef4eb5aa36563046edc) Importer(815301076,1909f56bfc062723c751e8b465ee728b)
Start importing Assets/Art/LowPolyDungeon/Models/Tiles/Basement_Wall_Var3.fbx using Guid(4c4fe4f8da5fdef4eb5aa36563046edc) Importer(815301076,1909f56bfc062723c751e8b465ee728b)  -> (artifact id: '6191730e607dc193abfba8c97a05a5ee') in 0.014514 seconds
Number of updated asset objects reloaded before import = 0
Number of asset objects unloaded after import = 11
========================================================================
Received Import Request.
  Time since last request: 0.000025 seconds.
  path: Assets/Art/LowPolyDungeon/Models/Clutter/Beaker_Small.fbx
  artifactKey: Guid(b1c10eb87d6afd940a081f2a841004e4) Importer(815301076,1909f56bfc062723c751e8b465ee728b)
Start importing Assets/Art/LowPolyDungeon/Models/Clutter/Beaker_Small.fbx using Guid(b1c10eb87d6afd940a081f2a841004e4) Importer(815301076,1909f56bfc062723c751e8b465ee728b)  -> (artifact id: '85bc7a021538011e7f4afe00bb0a51b9') in 0.013607 seconds
Number of updated asset objects reloaded before import = 0
Number of asset objects unloaded after import = 10
========================================================================
Received Import Request.
  Time since last request: 0.000014 seconds.
  path: Assets/Art/LowPolyDungeon/Models/Furniture/Barrel_Big.fbx
  artifactKey: Guid(40f5762be4fcf5f4fa9151e752d38d16) Importer(815301076,1909f56bfc062723c751e8b465ee728b)
Start importing Assets/Art/LowPolyDungeon/Models/Furniture/Barrel_Big.fbx using Guid(40f5762be4fcf5f4fa9151e752d38d16) Importer(815301076,1909f56bfc062723c751e8b465ee728b)  -> (artifact id: 'd00c47790469afdfa4668e84b13a3147') in 0.013027 seconds
Number of updated asset objects reloaded before import = 0
Number of asset objects unloaded after import = 11
========================================================================
Received Import Request.
  Time since last request: 0.000010 seconds.
  path: Assets/Art/LowPolyDungeon/Models/Lamps/Candlestick.fbx
  artifactKey: Guid(b541dad3b2450d64289359950648dcfb) Importer(815301076,1909f56bfc062723c751e8b465ee728b)
Start importing Assets/Art/LowPolyDungeon/Models/Lamps/Candlestick.fbx using Guid(b541dad3b2450d64289359950648dcfb) Importer(815301076,1909f56bfc062723c751e8b465ee728b)  -> (artifact id: 'f52a18b05e61079a6f57bdaf86c0107f') in 0.012161 seconds
Number of updated asset objects reloaded before import = 0
Number of asset objects unloaded after import = 12
========================================================================
Received Import Request.
  Time since last request: 0.000010 seconds.
  path: Assets/Art/LowPolyDungeon/Models/Lamps/Candlestick_Triple.fbx
  artifactKey: Guid(9113a0b797edd634c876e92de58f44a0) Importer(815301076,1909f56bfc062723c751e8b465ee728b)
Start importing Assets/Art/LowPolyDungeon/Models/Lamps/Candlestick_Triple.fbx using Guid(9113a0b797edd634c876e92de58f44a0) Importer(815301076,1909f56bfc062723c751e8b465ee728b)  -> (artifact id: '2f78e48f71fecea0a2c7ceda9f5e74fa') in 0.011988 seconds
Number of updated asset objects reloaded before import = 0
Number of asset objects unloaded after import = 12
========================================================================
Received Import Request.
  Time since last request: 0.000015 seconds.
  path: Assets/Art/LowPolyDungeon/Models/Furniture/Carpet_Green.fbx
  artifactKey: Guid(2db4b38c5968c334ba9ebd8d33dda174) Importer(815301076,1909f56bfc062723c751e8b465ee728b)
Start importing Assets/Art/LowPolyDungeon/Models/Furniture/Carpet_Green.fbx using Guid(2db4b38c5968c334ba9ebd8d33dda174) Importer(815301076,1909f56bfc062723c751e8b465ee728b)  -> (artifact id: '1395ee505251f0abfb3cd999291ed25e') in 0.011181 seconds
Number of updated asset objects reloaded before import = 0
Number of asset objects unloaded after import = 10
========================================================================
Received Import Request.
  Time since last request: 0.000011 seconds.
  path: Assets/Art/LowPolyDungeon/Models/Clutter/Cauldron_Small.fbx
  artifactKey: Guid(0dbe52e7e22a05648ad36efdc78ea7e7) Importer(815301076,1909f56bfc062723c751e8b465ee728b)
Start importing Assets/Art/LowPolyDungeon/Models/Clutter/Cauldron_Small.fbx using Guid(0dbe52e7e22a05648ad36efdc78ea7e7) Importer(815301076,1909f56bfc062723c751e8b465ee728b)  -> (artifact id: 'af7072a0d9982d22a78a5a363177fd10') in 0.016316 seconds
Number of updated asset objects reloaded before import = 0
Number of asset objects unloaded after import = 11
========================================================================
Received Import Request.
  Time since last request: 0.000015 seconds.
  path: Assets/Art/LowPolyDungeon/Models/Furniture/Chair.fbx
  artifactKey: Guid(196b5a548621de443976c8d3e69c75e4) Importer(815301076,1909f56bfc062723c751e8b465ee728b)
Start importing Assets/Art/LowPolyDungeon/Models/Furniture/Chair.fbx using Guid(196b5a548621de443976c8d3e69c75e4) Importer(815301076,1909f56bfc062723c751e8b465ee728b)  -> (artifact id: '370aee7472db8f85215319b6e5e6ec10') in 0.019238 seconds
Number of updated asset objects reloaded before import = 0
Number of asset objects unloaded after import = 10
========================================================================
Received Import Request.
  Time since last request: 0.000026 seconds.
  path: Assets/Art/LowPolyDungeon/Models/Lamps/Candlestick_Small.fbx
  artifactKey: Guid(82c33bb50f891694a96df903cca9ea3f) Importer(815301076,1909f56bfc062723c751e8b465ee728b)
Start importing Assets/Art/LowPolyDungeon/Models/Lamps/Candlestick_Small.fbx using Guid(82c33bb50f891694a96df903cca9ea3f) Importer(815301076,1909f56bfc062723c751e8b465ee728b)  -> (artifact id: '6dbdb646a1dc1fc28dfcf472972a4503') in 0.013136 seconds
Number of updated asset objects reloaded before import = 0
Number of asset objects unloaded after import = 12
========================================================================
Received Import Request.
  Time since last request: 0.000014 seconds.
  path: Assets/Art/LowPolyDungeon/Models/Clutter/Bone.fbx
  artifactKey: Guid(b08e173721554e44285d4e3ab0acda13) Importer(815301076,1909f56bfc062723c751e8b465ee728b)
Start importing Assets/Art/LowPolyDungeon/Models/Clutter/Bone.fbx using Guid(b08e173721554e44285d4e3ab0acda13) Importer(815301076,1909f56bfc062723c751e8b465ee728b)  -> (artifact id: 'a1023663428d24b8358486ea4d94be2a') in 0.011738 seconds
Number of updated asset objects reloaded before import = 0
Number of asset objects unloaded after import = 10
========================================================================
Received Import Request.
  Time since last request: 0.000010 seconds.
  path: Assets/Art/LowPolyDungeon/Models/Clutter/Carrot.fbx
  artifactKey: Guid(fa1dbf3ce607faa4eaf5d6c71e9ccc66) Importer(815301076,1909f56bfc062723c751e8b465ee728b)
Start importing Assets/Art/LowPolyDungeon/Models/Clutter/Carrot.fbx using Guid(fa1dbf3ce607faa4eaf5d6c71e9ccc66) Importer(815301076,1909f56bfc062723c751e8b465ee728b)  -> (artifact id: 'f56d7df87edbdf70701bf1efea195cbc') in 0.010219 seconds
Number of updated asset objects reloaded before import = 0
Number of asset objects unloaded after import = 10
========================================================================
Received Import Request.
  Time since last request: 0.000011 seconds.
  path: Assets/Art/LowPolyDungeon/Models/Tiles/Basement_Passage.fbx
  artifactKey: Guid(72e0e81051363734eb06d45e19e39234) Importer(815301076,1909f56bfc062723c751e8b465ee728b)
Start importing Assets/Art/LowPolyDungeon/Models/Tiles/Basement_Passage.fbx using Guid(72e0e81051363734eb06d45e19e39234) Importer(815301076,1909f56bfc062723c751e8b465ee728b)  -> (artifact id: 'f25620c045c24b033648a56444e507dd') in 0.011912 seconds
Number of updated asset objects reloaded before import = 0
Number of asset objects unloaded after import = 12
========================================================================
Received Import Request.
  Time since last request: 0.000011 seconds.
  path: Assets/Art/LowPolyDungeon/Models/Clutter/Bowl_Full.fbx
  artifactKey: Guid(340c6d588347b594a84f9be864c07952) Importer(815301076,1909f56bfc062723c751e8b465ee728b)
Start importing Assets/Art/LowPolyDungeon/Models/Clutter/Bowl_Full.fbx using Guid(340c6d588347b594a84f9be864c07952) Importer(815301076,1909f56bfc062723c751e8b465ee728b)  -> (artifact id: '7c2266b49a0491f6b5782226f5d504d9') in 0.012635 seconds
Number of updated asset objects reloaded before import = 0
Number of asset objects unloaded after import = 11
========================================================================
Received Import Request.
  Time since last request: 0.000011 seconds.
  path: Assets/Art/LowPolyDungeon/Models/Tiles/Basement_Var4.fbx
  artifactKey: Guid(1e71deb4332d8834e8dccf626ce8d29b) Importer(815301076,1909f56bfc062723c751e8b465ee728b)
Start importing Assets/Art/LowPolyDungeon/Models/Tiles/Basement_Var4.fbx using Guid(1e71deb4332d8834e8dccf626ce8d29b) Importer(815301076,1909f56bfc062723c751e8b465ee728b)  -> (artifact id: '78f0b1b02443e36f74437b3a65b5ad8d') in 0.024334 seconds
Number of updated asset objects reloaded before import = 0
Number of asset objects unloaded after import = 15
========================================================================
Received Import Request.
  Time since last request: 0.000015 seconds.
  path: Assets/Art/LowPolyDungeon/Models/Clutter/Book_Small_DeepRed.fbx
  artifactKey: Guid(84c3a15b577df7648905fcbe72f4c5cf) Importer(815301076,1909f56bfc062723c751e8b465ee728b)
Start importing Assets/Art/LowPolyDungeon/Models/Clutter/Book_Small_DeepRed.fbx using Guid(84c3a15b577df7648905fcbe72f4c5cf) Importer(815301076,1909f56bfc062723c751e8b465ee728b)  -> (artifact id: '3819b1df3b8e37119e4fec1da6599ad2') in 0.011748 seconds
Number of updated asset objects reloaded before import = 0
Number of asset objects unloaded after import = 11
========================================================================
Received Import Request.
  Time since last request: 0.000012 seconds.
  path: Assets/Art/LowPolyDungeon/Colliders/Tiles/Basement_VarX_col.fbx
  artifactKey: Guid(8d167ccc6b656624fbc239038fe957f4) Importer(815301076,1909f56bfc062723c751e8b465ee728b)
Start importing Assets/Art/LowPolyDungeon/Colliders/Tiles/Basement_VarX_col.fbx using Guid(8d167ccc6b656624fbc239038fe957f4) Importer(815301076,1909f56bfc062723c751e8b465ee728b)  -> (artifact id: 'a9cc5727a66fcba62359e822e28486b6') in 0.012574 seconds
Number of updated asset objects reloaded before import = 0
Number of asset objects unloaded after import = 7
========================================================================
Received Import Request.
  Time since last request: 0.000017 seconds.
  path: Assets/Art/LowPolyDungeon/Models/Tiles/Basement_Var1.fbx
  artifactKey: Guid(75953d580a08e7649bf4b767832e157b) Importer(815301076,1909f56bfc062723c751e8b465ee728b)
Start importing Assets/Art/LowPolyDungeon/Models/Tiles/Basement_Var1.fbx using Guid(75953d580a08e7649bf4b767832e157b) Importer(815301076,1909f56bfc062723c751e8b465ee728b)  -> (artifact id: 'd9f9f1463d548d632acc176dc83fc34f') in 0.014594 seconds
Number of updated asset objects reloaded before import = 0
Number of asset objects unloaded after import = 15
========================================================================
Received Import Request.
  Time since last request: 0.000017 seconds.
  path: Assets/Art/LowPolyDungeon/Models/Lamps/Candlestick_Wall.fbx
  artifactKey: Guid(c04865966f8d8ae409e19627bacc4ee4) Importer(815301076,1909f56bfc062723c751e8b465ee728b)
Start importing Assets/Art/LowPolyDungeon/Models/Lamps/Candlestick_Wall.fbx using Guid(c04865966f8d8ae409e19627bacc4ee4) Importer(815301076,1909f56bfc062723c751e8b465ee728b)  -> (artifact id: 'e3e36d40bf23324d9a907d1e6390effa') in 0.011814 seconds
Number of updated asset objects reloaded before import = 0
Number of asset objects unloaded after import = 12
========================================================================
Received Import Request.
  Time since last request: 0.000018 seconds.
  path: Assets/Art/LowPolyDungeon/Colliders/Tiles/Basement_Passage_col.fbx
  artifactKey: Guid(fc2f0c2f7d6797444908694a982fe308) Importer(815301076,1909f56bfc062723c751e8b465ee728b)
Start importing Assets/Art/LowPolyDungeon/Colliders/Tiles/Basement_Passage_col.fbx using Guid(fc2f0c2f7d6797444908694a982fe308) Importer(815301076,1909f56bfc062723c751e8b465ee728b)  -> (artifact id: 'c4c50e208d07eecbc8bb60995cf11e99') in 0.011865 seconds
Number of updated asset objects reloaded before import = 0
Number of asset objects unloaded after import = 7
========================================================================
Received Import Request.
  Time since last request: 0.000016 seconds.
  path: Assets/Art/LowPolyDungeon/Models/Clutter/Beaker_Full_Var2.fbx
  artifactKey: Guid(c161e5586532ebc4e8de1f9a45c2754e) Importer(815301076,1909f56bfc062723c751e8b465ee728b)
Start importing Assets/Art/LowPolyDungeon/Models/Clutter/Beaker_Full_Var2.fbx using Guid(c161e5586532ebc4e8de1f9a45c2754e) Importer(815301076,1909f56bfc062723c751e8b465ee728b)  -> (artifact id: 'd4515823fd1733928d3501f57ef6b9a4') in 0.012390 seconds
Number of updated asset objects reloaded before import = 0
Number of asset objects unloaded after import = 11
Editor requested this worker to shutdown with reason: Scaling down because of idle timeout
TcpMessagingSession - receive error: operation aborted. errorcode: 995, details: The I/O operation has been aborted because of either a thread exit or an application request.
AssetImportWorker is now disconnected from the server
Process exiting
Exiting without the bug reporter. Application will terminate with return code 0